#
# A fatal error has been detected by the Java Runtime Environment:
#
#  EXCEPTION_ACCESS_VIOLATION (0xc0000005) at pc=0x000000000448edbd, pid=4524, tid=5728
#
# JRE version: Java(TM) SE Runtime Environment (8.0_25-b18) (build 1.8.0_25-b18)
# Java VM: Java HotSpot(TM) 64-Bit Server VM (25.25-b02 mixed mode windows-amd64 compressed oops)
# Problematic frame:
# J 13629 C1 java.io.ObjectStreamClass$FieldReflector.getObjFieldValues(Ljava/lang/Object;[Ljava/lang/Object;)V (99 bytes) @ 0x000000000448edbd [0x000000000448ec80+0x13d]
#
# Failed to write core dump. Minidumps are not enabled by default on client versions of Windows
#
# If you would like to submit a bug report, please visit:
#   http://bugreport.sun.com/bugreport/crash.jsp
#

---------------  T H R E A D  ---------------

Current thread (0x0000000066d09000):  JavaThread "localhost-startStop-2" daemon [_thread_in_Java, id=5728, stack(0x000000005a010000,0x000000005a110000)]

siginfo: ExceptionCode=0xc0000005, reading address 0x0000000000000060

Registers:
RAX=0x00000000144a80a8, RBX=0x0000000000000038, RCX=0x00000000f0d05f88, RDX=0x00000000f0cf50b8
RSP=0x000000005a107c90, RBP=0x000000005a108498, RSI=0x0000000000000000, RDI=0x0000000013b60f28
R8 =0x00000000fe50c548, R9 =0x00000000f0d05f78, R10=0x0000000013c79ab8, R11=0x0000000000000028
R12=0x0000000000000000, R13=0x00000000fe3e7658, R14=0x000000005a107db8, R15=0x0000000066d09000
RIP=0x000000000448edbd, EFLAGS=0x0000000000010283

Top of Stack: (sp=0x000000005a107c90)
0x000000005a107c90:   0000000013c79cd8 00000000f0ce5038
0x000000005a107ca0:   00000000fe50c548 00000000f0c663c8
0x000000005a107cb0:   00000000fe46ad80 00000000f0c663c8
0x000000005a107cc0:   0000000000000038 0000000000000000
0x000000005a107cd0:   0000000056d0a30f 0000000066d09000
0x000000005a107ce0:   000000005a108498 00000000044a147c
0x000000005a107cf0:   0000000066d09000 00000000000000bd
0x000000005a107d00:   000000005a107d68 0000000002957790
0x000000005a107d10:   0000000002957790 00000000f0d05f60
0x000000005a107d20:   00000000f0d05e78 000000005a107d28
0x000000005a107d30:   0000000056d0a312 000000005a107db8
0x000000005a107d40:   0000000056d0d8e0 000000005d2aaf78
0x000000005a107d50:   0000000056d0a358 00000000fe50c548
0x000000005a107d60:   00000000f0ce5038 00000000fe3e7658
0x000000005a107d70:   0000000100000000 00000000f0d05f78
0x000000005a107d80:   0000000000000000 00000000f0ce89a8 

Instructions: (pc=0x000000000448edbd)
0x000000000448ed9d:   e9 db 00 00 00 41 8b 79 08 8b 58 08 48 8b bf f0
0x000000000448edad:   00 00 00 48 3b df 0f 84 2a 00 00 00 44 8b 5f 0c
0x000000000448edbd:   4a 3b 3c 1b 0f 84 1c 00 00 00 41 83 fb 18 0f 85
0x000000000448edcd:   95 00 00 00 53 57 e8 08 fe 5b fe 5b 5f 83 ff 00 


Register to memory mapping:

RAX=0x00000000144a80a8 is pointing into metadata
RBX=0x0000000000000038 is an unknown value
RCX=0x00000000f0d05f88 is an oop

[error occurred during error reporting (printing register info), id 0xc0000005]

Stack: [0x000000005a010000,0x000000005a110000],  sp=0x000000005a107c90,  free space=991k
Native frames: (J=compiled Java code, j=interpreted, Vv=VM code, C=native code)
C  0x000000000448edbd


---------------  P R O C E S S  ---------------

Java Threads: ( => current thread )
=>0x0000000066d09000 JavaThread "localhost-startStop-2" daemon [_thread_in_Java, id=5728, stack(0x000000005a010000,0x000000005a110000)]
  0x0000000055b48000 JavaThread "Tomcat-startStop-2" daemon [_thread_blocked, id=1172, stack(0x000000005f9d0000,0x000000005fad0000)]
  0x000000006190d000 JavaThread "http-bio-8080-exec-10" daemon [_thread_blocked, id=4140, stack(0x000000006b670000,0x000000006b770000)]
  0x0000000055b52800 JavaThread "http-bio-8080-exec-9" daemon [_thread_blocked, id=6116, stack(0x000000006b510000,0x000000006b610000)]
  0x0000000055b52000 JavaThread "http-bio-8080-exec-8" daemon [_thread_blocked, id=5176, stack(0x000000006b3e0000,0x000000006b4e0000)]
  0x0000000055b51000 JavaThread "http-bio-8080-exec-7" daemon [_thread_blocked, id=1140, stack(0x000000006b160000,0x000000006b260000)]
  0x0000000055b50800 JavaThread "http-bio-8080-exec-6" daemon [_thread_in_native, id=5612, stack(0x000000006af60000,0x000000006b060000)]
  0x0000000055b4f800 JavaThread "http-bio-8080-exec-5" daemon [_thread_blocked, id=6252, stack(0x000000006ae60000,0x000000006af60000)]
  0x0000000055b4f000 JavaThread "http-bio-8080-exec-4" daemon [_thread_blocked, id=1412, stack(0x000000006ace0000,0x000000006ade0000)]
  0x0000000055b4e000 JavaThread "Thread-10" daemon [_thread_in_native, id=5508, stack(0x000000006a7f0000,0x000000006a8f0000)]
  0x0000000055b4d800 JavaThread "http-bio-8080-exec-3" daemon [_thread_blocked, id=5992, stack(0x000000006a8f0000,0x000000006a9f0000)]
  0x0000000055b4c800 JavaThread "DestroyJavaVM" [_thread_blocked, id=5828, stack(0x0000000002410000,0x0000000002510000)]
  0x0000000055b4c000 JavaThread "Thread-8" [_thread_blocked, id=7020, stack(0x000000006a620000,0x000000006a720000)]
  0x0000000055b4b000 JavaThread "http-bio-8080-exec-2" daemon [_thread_blocked, id=6932, stack(0x000000006a4e0000,0x000000006a5e0000)]
  0x0000000055b4a800 JavaThread "http-bio-8080-exec-1" daemon [_thread_blocked, id=4264, stack(0x000000006a3c0000,0x000000006a4c0000)]
  0x0000000055b49800 JavaThread "http-bio-8080-AsyncTimeout" daemon [_thread_blocked, id=6688, stack(0x000000006a200000,0x000000006a300000)]
  0x0000000055b48800 JavaThread "http-bio-8080-Acceptor-0" daemon [_thread_blocked, id=6744, stack(0x000000006a020000,0x000000006a120000)]
  0x00000000567f5000 JavaThread "FileSystemWatcher: files=#387 cl=groovy.lang.GroovyClassLoader@3e7dd664" daemon [_thread_blocked, id=6648, stack(0x00000000598e0000,0x00000000599e0000)]
  0x0000000057d57000 JavaThread "Thread-3" [_thread_blocked, id=6188, stack(0x0000000055fc0000,0x00000000560c0000)]
  0x00000000571a7000 JavaThread "Thread-2" [_thread_blocked, id=6376, stack(0x0000000058610000,0x0000000058710000)]
  0x0000000056594000 JavaThread "NonBlockingInputStreamThread" daemon [_thread_blocked, id=4244, stack(0x0000000056d60000,0x0000000056e60000)]
  0x00000000559bb800 JavaThread "Service Thread" daemon [_thread_blocked, id=6564, stack(0x0000000055ec0000,0x0000000055fc0000)]
  0x00000000558f2000 JavaThread "C1 CompilerThread1" daemon [_thread_blocked, id=2304, stack(0x0000000055be0000,0x0000000055ce0000)]
  0x00000000558ef800 JavaThread "C2 CompilerThread0" daemon [_thread_blocked, id=4836, stack(0x0000000055ce0000,0x0000000055de0000)]
  0x000000005452b800 JavaThread "Attach Listener" daemon [_thread_blocked, id=5584, stack(0x00000000556a0000,0x00000000557a0000)]
  0x000000005452a000 JavaThread "Signal Dispatcher" daemon [_thread_blocked, id=872, stack(0x0000000055570000,0x0000000055670000)]
  0x00000000544ca000 JavaThread "Finalizer" daemon [_thread_blocked, id=6840, stack(0x00000000553a0000,0x00000000554a0000)]
  0x00000000544c1000 JavaThread "Reference Handler" daemon [_thread_blocked, id=6264, stack(0x0000000055150000,0x0000000055250000)]

Other Threads:
  0x00000000544b8800 VMThread [stack: 0x00000000552a0000,0x00000000553a0000] [id=6808]
  0x00000000559cb000 WatcherThread [stack: 0x00000000560e0000,0x00000000561e0000] [id=4420]

VM state:not at safepoint (normal execution)

VM Mutex/Monitor currently owned by a thread: None

Heap:
 PSYoungGen      total 207872K, used 46357K [0x00000000f0000000, 0x0000000100000000, 0x0000000100000000)
  eden space 158208K, 8% used [0x00000000f0000000,0x00000000f0d125f8,0x00000000f9a80000)
  from space 49664K, 66% used [0x00000000fcc00000,0x00000000fec32ef0,0x00000000ffc80000)
  to   space 50688K, 0% used [0x00000000f9a80000,0x00000000f9a80000,0x00000000fcc00000)
 ParOldGen       total 267264K, used 193129K [0x00000000d0000000, 0x00000000e0500000, 0x00000000f0000000)
  object space 267264K, 72% used [0x00000000d0000000,0x00000000dbc9a598,0x00000000e0500000)
 Metaspace       used 99972K, capacity 104822K, committed 105088K, reserved 1142784K
  class space    used 10442K, capacity 11892K, committed 11904K, reserved 1048576K

Card table byte_map: [0x0000000011d10000,0x0000000011ea0000] byte_map_base: 0x0000000011690000

Marking Bits: (ParMarkBitMap*) 0x000000007304d490
 Begin Bits: [0x00000000121e0000, 0x0000000012de0000)
 End Bits:   [0x0000000012de0000, 0x00000000139e0000)

Polling page: 0x0000000000140000

CodeCache: size=245760Kb used=37638Kb max_used=37699Kb free=208121Kb
 bounds [0x0000000002950000, 0x0000000004e60000, 0x0000000011950000]
 total_blobs=11394 nmethods=10619 adapters=687
 compilation: enabled

Compilation events (10 events):
Event: 1742.096 Thread 0x00000000558f2000 13634       3       java.io.ObjectOutputStream::writeString (74 bytes)
Event: 1742.098 Thread 0x00000000558f2000 nmethod 13634 0x0000000004489a10 code [0x0000000004489c40, 0x000000000448a458]
Event: 1742.098 Thread 0x00000000558f2000 13635       3       java.io.ObjectOutputStream::writeInt (9 bytes)
Event: 1742.099 Thread 0x00000000558f2000 nmethod 13635 0x0000000004489610 code [0x0000000004489780, 0x0000000004489928]
Event: 1742.104 Thread 0x00000000558f2000 13636   !   3       java.io.ObjectStreamClass::computeDefaultSUID (701 bytes)
Event: 1742.112 Thread 0x00000000558f2000 nmethod 13636 0x0000000004aff910 code [0x0000000004b00220, 0x0000000004b06eb8]
Event: 1742.112 Thread 0x00000000558f2000 13638       3       sun.security.provider.ByteArrayAccess::b2iBig64 (614 bytes)
Event: 1742.113 Thread 0x00000000558f2000 nmethod 13638 0x0000000004488010 code [0x0000000004488220, 0x0000000004488fc8]
Event: 1742.113 Thread 0x00000000558f2000 13637   !   3       java.io.ObjectStreamClass::invokeWriteObject (75 bytes)
Event: 1742.114 Thread 0x00000000558f2000 nmethod 13637 0x000000000448d650 code [0x000000000448d820, 0x000000000448df98]

GC Heap History (10 events):
Event: 603.209 GC heap before
{Heap before GC invocations=73 (full 5):
 PSYoungGen      total 196608K, used 196591K [0x00000000f0000000, 0x0000000100000000, 0x0000000100000000)
  eden space 166912K, 100% used [0x00000000f0000000,0x00000000fa300000,0x00000000fa300000)
  from space 29696K, 99% used [0x00000000fa300000,0x00000000fbffbee0,0x00000000fc000000)
  to   space 48640K, 0% used [0x00000000fd080000,0x00000000fd080000,0x0000000100000000)
 ParOldGen       total 267264K, used 193089K [0x00000000d0000000, 0x00000000e0500000, 0x00000000f0000000)
  object space 267264K, 72% used [0x00000000d0000000,0x00000000dbc90598,0x00000000e0500000)
 Metaspace       used 95928K, capacity 99732K, committed 99840K, reserved 1138688K
  class space    used 10065K, capacity 11235K, committed 11264K, reserved 1048576K
Event: 603.302 GC heap after
Heap after GC invocations=73 (full 5):
 PSYoungGen      total 212480K, used 28889K [0x00000000f0000000, 0x0000000100000000, 0x0000000100000000)
  eden space 163840K, 0% used [0x00000000f0000000,0x00000000f0000000,0x00000000fa000000)
  from space 48640K, 59% used [0x00000000fd080000,0x00000000fecb6438,0x0000000100000000)
  to   space 49152K, 0% used [0x00000000fa000000,0x00000000fa000000,0x00000000fd000000)
 ParOldGen       total 267264K, used 193097K [0x00000000d0000000, 0x00000000e0500000, 0x00000000f0000000)
  object space 267264K, 72% used [0x00000000d0000000,0x00000000dbc92598,0x00000000e0500000)
 Metaspace       used 95928K, capacity 99732K, committed 99840K, reserved 1138688K
  class space    used 10065K, capacity 11235K, committed 11264K, reserved 1048576K
}
Event: 1357.535 GC heap before
{Heap before GC invocations=74 (full 5):
 PSYoungGen      total 212480K, used 192729K [0x00000000f0000000, 0x0000000100000000, 0x0000000100000000)
  eden space 163840K, 100% used [0x00000000f0000000,0x00000000fa000000,0x00000000fa000000)
  from space 48640K, 59% used [0x00000000fd080000,0x00000000fecb6438,0x0000000100000000)
  to   space 49152K, 0% used [0x00000000fa000000,0x00000000fa000000,0x00000000fd000000)
 ParOldGen       total 267264K, used 193097K [0x00000000d0000000, 0x00000000e0500000, 0x00000000f0000000)
  object space 267264K, 72% used [0x00000000d0000000,0x00000000dbc92598,0x00000000e0500000)
 Metaspace       used 97583K, capacity 101684K, committed 101888K, reserved 1140736K
  class space    used 10200K, capacity 11462K, committed 11520K, reserved 1048576K
Event: 1357.614 GC heap after
Heap after GC invocations=74 (full 5):
 PSYoungGen      total 198144K, used 33849K [0x00000000f0000000, 0x0000000100000000, 0x0000000100000000)
  eden space 163840K, 0% used [0x00000000f0000000,0x00000000f0000000,0x00000000fa000000)
  from space 34304K, 98% used [0x00000000fa000000,0x00000000fc10e4e0,0x00000000fc180000)
  to   space 51712K, 0% used [0x00000000fcd80000,0x00000000fcd80000,0x0000000100000000)
 ParOldGen       total 267264K, used 193105K [0x00000000d0000000, 0x00000000e0500000, 0x00000000f0000000)
  object space 267264K, 72% used [0x00000000d0000000,0x00000000dbc94598,0x00000000e0500000)
 Metaspace       used 97583K, capacity 101684K, committed 101888K, reserved 1140736K
  class space    used 10200K, capacity 11462K, committed 11520K, reserved 1048576K
}
Event: 1384.716 GC heap before
{Heap before GC invocations=75 (full 5):
 PSYoungGen      total 198144K, used 197689K [0x00000000f0000000, 0x0000000100000000, 0x0000000100000000)
  eden space 163840K, 100% used [0x00000000f0000000,0x00000000fa000000,0x00000000fa000000)
  from space 34304K, 98% used [0x00000000fa000000,0x00000000fc10e4e0,0x00000000fc180000)
  to   space 51712K, 0% used [0x00000000fcd80000,0x00000000fcd80000,0x0000000100000000)
 ParOldGen       total 267264K, used 193105K [0x00000000d0000000, 0x00000000e0500000, 0x00000000f0000000)
  object space 267264K, 72% used [0x00000000d0000000,0x00000000dbc94598,0x00000000e0500000)
 Metaspace       used 98010K, capacity 102136K, committed 102400K, reserved 1140736K
  class space    used 10228K, capacity 11503K, committed 11520K, reserved 1048576K
Event: 1385.055 GC heap after
Heap after GC invocations=75 (full 5):
 PSYoungGen      total 210944K, used 28670K [0x00000000f0000000, 0x0000000100000000, 0x0000000100000000)
  eden space 159232K, 0% used [0x00000000f0000000,0x00000000f0000000,0x00000000f9b80000)
  from space 51712K, 55% used [0x00000000fcd80000,0x00000000fe97fb38,0x0000000100000000)
  to   space 51200K, 0% used [0x00000000f9b80000,0x00000000f9b80000,0x00000000fcd80000)
 ParOldGen       total 267264K, used 193113K [0x00000000d0000000, 0x00000000e0500000, 0x00000000f0000000)
  object space 267264K, 72% used [0x00000000d0000000,0x00000000dbc96598,0x00000000e0500000)
 Metaspace       used 98010K, capacity 102136K, committed 102400K, reserved 1140736K
  class space    used 10228K, capacity 11503K, committed 11520K, reserved 1048576K
}
Event: 1388.150 GC heap before
{Heap before GC invocations=76 (full 5):
 PSYoungGen      total 210944K, used 187902K [0x00000000f0000000, 0x0000000100000000, 0x0000000100000000)
  eden space 159232K, 100% used [0x00000000f0000000,0x00000000f9b80000,0x00000000f9b80000)
  from space 51712K, 55% used [0x00000000fcd80000,0x00000000fe97fb38,0x0000000100000000)
  to   space 51200K, 0% used [0x00000000f9b80000,0x00000000f9b80000,0x00000000fcd80000)
 ParOldGen       total 267264K, used 193113K [0x00000000d0000000, 0x00000000e0500000, 0x00000000f0000000)
  object space 267264K, 72% used [0x00000000d0000000,0x00000000dbc96598,0x00000000e0500000)
 Metaspace       used 98198K, capacity 102264K, committed 102400K, reserved 1140736K
  class space    used 10236K, capacity 11503K, committed 11520K, reserved 1048576K
Event: 1388.210 GC heap after
Heap after GC invocations=76 (full 5):
 PSYoungGen      total 186368K, used 26926K [0x00000000f0000000, 0x00000000ffc80000, 0x0000000100000000)
  eden space 159232K, 0% used [0x00000000f0000000,0x00000000f0000000,0x00000000f9b80000)
  from space 27136K, 99% used [0x00000000f9b80000,0x00000000fb5cbad0,0x00000000fb600000)
  to   space 49664K, 0% used [0x00000000fcc00000,0x00000000fcc00000,0x00000000ffc80000)
 ParOldGen       total 267264K, used 193121K [0x00000000d0000000, 0x00000000e0500000, 0x00000000f0000000)
  object space 267264K, 72% used [0x00000000d0000000,0x00000000dbc98598,0x00000000e0500000)
 Metaspace       used 98198K, capacity 102264K, committed 102400K, reserved 1140736K
  class space    used 10236K, capacity 11503K, committed 11520K, reserved 1048576K
}
Event: 1741.494 GC heap before
{Heap before GC invocations=77 (full 5):
 PSYoungGen      total 186368K, used 186158K [0x00000000f0000000, 0x00000000ffc80000, 0x0000000100000000)
  eden space 159232K, 100% used [0x00000000f0000000,0x00000000f9b80000,0x00000000f9b80000)
  from space 27136K, 99% used [0x00000000f9b80000,0x00000000fb5cbad0,0x00000000fb600000)
  to   space 49664K, 0% used [0x00000000fcc00000,0x00000000fcc00000,0x00000000ffc80000)
 ParOldGen       total 267264K, used 193121K [0x00000000d0000000, 0x00000000e0500000, 0x00000000f0000000)
  object space 267264K, 72% used [0x00000000d0000000,0x00000000dbc98598,0x00000000e0500000)
 Metaspace       used 99458K, capacity 103964K, committed 104320K, reserved 1142784K
  class space    used 10378K, capacity 11781K, committed 11904K, reserved 1048576K
Event: 1741.544 GC heap after
Heap after GC invocations=77 (full 5):
 PSYoungGen      total 207872K, used 32971K [0x00000000f0000000, 0x0000000100000000, 0x0000000100000000)
  eden space 158208K, 0% used [0x00000000f0000000,0x00000000f0000000,0x00000000f9a80000)
  from space 49664K, 66% used [0x00000000fcc00000,0x00000000fec32ef0,0x00000000ffc80000)
  to   space 50688K, 0% used [0x00000000f9a80000,0x00000000f9a80000,0x00000000fcc00000)
 ParOldGen       total 267264K, used 193129K [0x00000000d0000000, 0x00000000e0500000, 0x00000000f0000000)
  object space 267264K, 72% used [0x00000000d0000000,0x00000000dbc9a598,0x00000000e0500000)
 Metaspace       used 99458K, capacity 103964K, committed 104320K, reserved 1142784K
  class space    used 10378K, capacity 11781K, committed 11904K, reserved 1048576K
}

Deoptimization events (10 events):
Event: 1402.392 Thread 0x0000000055b4d800 Uncommon trap: reason=array_check action=maybe_recompile pc=0x000000000455e628 method=java.util.TimSort.binarySort([Ljava/lang/Object;IIILjava/util/Comparator;)V @ 183
Event: 1412.176 Thread 0x0000000055b4d800 Uncommon trap: reason=bimorphic action=maybe_recompile pc=0x0000000003f36eb8 method=groovy.lang.MetaClassImpl.createMetaBeanProperty(Lorg/codehaus/groovy/util/SingleKeyHashMap;Ljava/lang/String;ZLgroovy/lang/MetaMethod;)V @ 26
Event: 1461.872 Thread 0x0000000055b4d800 Uncommon trap: reason=array_check action=maybe_recompile pc=0x00000000031021b0 method=java.util.TimSort.binarySort([Ljava/lang/Object;IIILjava/util/Comparator;)V @ 215
Event: 1461.873 Thread 0x0000000055b4d800 Uncommon trap: reason=array_check action=maybe_recompile pc=0x00000000031021b0 method=java.util.TimSort.binarySort([Ljava/lang/Object;IIILjava/util/Comparator;)V @ 215
Event: 1734.787 Thread 0x0000000066d09000 Uncommon trap: reason=speculate_class_check action=maybe_recompile pc=0x00000000044d7b6c method=java.util.concurrent.locks.ReentrantReadWriteLock$Sync.tryAcquireShared(I)I @ 33
Event: 1734.787 Thread 0x0000000066d09000 Uncommon trap: reason=speculate_class_check action=maybe_recompile pc=0x00000000044d7b6c method=java.util.concurrent.locks.ReentrantReadWriteLock$Sync.tryAcquireShared(I)I @ 33
Event: 1735.042 Thread 0x0000000066d09000 Uncommon trap: reason=speculate_class_check action=maybe_recompile pc=0x00000000044d7b6c method=java.util.concurrent.locks.ReentrantReadWriteLock$Sync.tryAcquireShared(I)I @ 33
Event: 1735.042 Thread 0x0000000066d09000 Uncommon trap: reason=speculate_class_check action=maybe_recompile pc=0x00000000044d7b6c method=java.util.concurrent.locks.ReentrantReadWriteLock$Sync.tryAcquireShared(I)I @ 33
Event: 1741.272 Thread 0x0000000066d09000 Uncommon trap: reason=speculate_class_check action=maybe_recompile pc=0x00000000043c99bc method=java.util.concurrent.locks.ReentrantReadWriteLock$Sync.tryAcquireShared(I)I @ 33
Event: 1741.272 Thread 0x0000000066d09000 Uncommon trap: reason=speculate_class_check action=maybe_recompile pc=0x00000000043c99bc method=java.util.concurrent.locks.ReentrantReadWriteLock$Sync.tryAcquireShared(I)I @ 33

Internal exceptions (10 events):
Event: 1742.103 Thread 0x0000000066d09000 Exception <a 'java/lang/reflect/InvocationTargetException'> (0x00000000f0cbd5b8) thrown at [D:\re\workspace\8-2-build-windows-amd64-cygwin\jdk8u25\1677\hotspot\src\share\vm\runtime\reflection.cpp, line 1080]
Event: 1742.104 Thread 0x0000000066d09000 Exception <a 'java/lang/NoSuchMethodError': <clinit>> (0x00000000f0cd1790) thrown at [D:\re\workspace\8-2-build-windows-amd64-cygwin\jdk8u25\1677\hotspot\src\share\vm\prims\jni.cpp, line 1603]
Event: 1742.104 Thread 0x0000000066d09000 Exception <a 'java/lang/reflect/InvocationTargetException'> (0x00000000f0cd64b8) thrown at [D:\re\workspace\8-2-build-windows-amd64-cygwin\jdk8u25\1677\hotspot\src\share\vm\runtime\reflection.cpp, line 1080]
Event: 1742.104 Thread 0x0000000066d09000 Exception <a 'java/lang/reflect/InvocationTargetException'> (0x00000000f0cd8280) thrown at [D:\re\workspace\8-2-build-windows-amd64-cygwin\jdk8u25\1677\hotspot\src\share\vm\runtime\reflection.cpp, line 1080]
Event: 1742.104 Thread 0x0000000066d09000 Exception <a 'java/lang/reflect/InvocationTargetException'> (0x00000000f0cda058) thrown at [D:\re\workspace\8-2-build-windows-amd64-cygwin\jdk8u25\1677\hotspot\src\share\vm\runtime\reflection.cpp, line 1080]
Event: 1742.104 Thread 0x0000000066d09000 Exception <a 'java/lang/reflect/InvocationTargetException'> (0x00000000f0cdbe30) thrown at [D:\re\workspace\8-2-build-windows-amd64-cygwin\jdk8u25\1677\hotspot\src\share\vm\runtime\reflection.cpp, line 1080]
Event: 1742.104 Thread 0x0000000066d09000 Exception <a 'java/lang/reflect/InvocationTargetException'> (0x00000000f0cddc08) thrown at [D:\re\workspace\8-2-build-windows-amd64-cygwin\jdk8u25\1677\hotspot\src\share\vm\runtime\reflection.cpp, line 1080]
Event: 1742.104 Thread 0x0000000066d09000 Exception <a 'java/lang/reflect/InvocationTargetException'> (0x00000000f0cdf9e0) thrown at [D:\re\workspace\8-2-build-windows-amd64-cygwin\jdk8u25\1677\hotspot\src\share\vm\runtime\reflection.cpp, line 1080]
Event: 1742.104 Thread 0x0000000066d09000 Exception <a 'java/lang/NoSuchMethodError': <clinit>> (0x00000000f0ce2150) thrown at [D:\re\workspace\8-2-build-windows-amd64-cygwin\jdk8u25\1677\hotspot\src\share\vm\prims\jni.cpp, line 1603]
Event: 1742.106 Thread 0x0000000066d09000 Implicit null exception at 0x000000000448edbd to 0x0000000000000000

Events (10 events):
Event: 1742.009 loading class com/vaadin/data/util/IndexedContainer$IndexedContainerProperty
Event: 1742.009 loading class com/vaadin/data/util/IndexedContainer$IndexedContainerProperty done
Event: 1742.040 Executing VM operation: RevokeBias
Event: 1742.040 Executing VM operation: RevokeBias done
Event: 1742.078 loading class java/io/NotSerializableException
Event: 1742.078 loading class java/io/NotSerializableException done
Event: 1742.086 loading class com/vaadin/data/util/BeanItemContainer$1
Event: 1742.086 loading class com/vaadin/data/util/BeanItemContainer$1 done
Event: 1742.091 loading class com/vaadin/util/SerializerHelper
Event: 1742.091 loading class com/vaadin/util/SerializerHelper done


Dynamic libraries:
0x000000013f450000 - 0x000000013f484000 	C:\Program Files\Java\jdk1.8.0_25\bin\java.exe
0x00000000770a0000 - 0x000000007724b000 	C:\Windows\SYSTEM32\ntdll.dll
0x0000000076e80000 - 0x0000000076f9f000 	C:\Windows\system32\kernel32.dll
0x000007fefc090000 - 0x000007fefc0fb000 	C:\Windows\system32\KERNELBASE.dll
0x000007fefc910000 - 0x000007fefc9eb000 	C:\Windows\system32\ADVAPI32.dll
0x000007fefcab0000 - 0x000007fefcb4f000 	C:\Windows\system32\msvcrt.dll
0x000007fefc9f0000 - 0x000007fefca0f000 	C:\Windows\SYSTEM32\sechost.dll
0x000007fefcec0000 - 0x000007fefcfee000 	C:\Windows\system32\RPCRT4.dll
0x0000000076fa0000 - 0x000000007709a000 	C:\Windows\system32\USER32.dll
0x000007fefd0c0000 - 0x000007fefd127000 	C:\Windows\system32\GDI32.dll
0x000007fefe570000 - 0x000007fefe57e000 	C:\Windows\system32\LPK.dll
0x000007fefcff0000 - 0x000007fefd0ba000 	C:\Windows\system32\USP10.dll
0x000007fefaad0000 - 0x000007fefacc4000 	C:\Windows\WinSxS\amd64_microsoft.windows.common-controls_6595b64144ccf1df_6.0.7600.16385_none_fa645303170382f6\COMCTL32.dll
0x000007fefc890000 - 0x000007fefc901000 	C:\Windows\system32\SHLWAPI.dll
0x000007fefd1d0000 - 0x000007fefd1fe000 	C:\Windows\system32\IMM32.DLL
0x000007fefcdb0000 - 0x000007fefceb9000 	C:\Windows\system32\MSCTF.dll
0x0000000073af0000 - 0x0000000073bc2000 	C:\Program Files\Java\jdk1.8.0_25\jre\bin\msvcr100.dll
0x0000000072870000 - 0x00000000730ca000 	C:\Program Files\Java\jdk1.8.0_25\jre\bin\server\jvm.dll
0x000007fef5590000 - 0x000007fef5599000 	C:\Windows\system32\WSOCK32.dll
0x000007fefc630000 - 0x000007fefc67d000 	C:\Windows\system32\WS2_32.dll
0x000007fefe560000 - 0x000007fefe568000 	C:\Windows\system32\NSI.dll
0x000007fef8600000 - 0x000007fef863b000 	C:\Windows\system32\WINMM.dll
0x0000000077260000 - 0x0000000077267000 	C:\Windows\system32\PSAPI.DLL
0x0000000074900000 - 0x000000007490f000 	C:\Program Files\Java\jdk1.8.0_25\jre\bin\verify.dll
0x00000000747b0000 - 0x00000000747d8000 	C:\Program Files\Java\jdk1.8.0_25\jre\bin\java.dll
0x0000000073960000 - 0x0000000073983000 	C:\Program Files\Java\jdk1.8.0_25\jre\bin\instrument.dll
0x0000000074050000 - 0x0000000074066000 	C:\Program Files\Java\jdk1.8.0_25\jre\bin\zip.dll
0x000007fefd380000 - 0x000007fefe106000 	C:\Windows\system32\SHELL32.dll
0x000007fefcba0000 - 0x000007fefcda1000 	C:\Windows\system32\ole32.dll
0x000007fefbff0000 - 0x000007fefbfff000 	C:\Windows\system32\profapi.dll
0x000007fefb8c0000 - 0x000007fefb8d7000 	C:\Windows\system32\CRYPTSP.dll
0x000007fefb5c0000 - 0x000007fefb607000 	C:\Windows\system32\rsaenh.dll
0x000007fefb340000 - 0x000007fefb35e000 	C:\Windows\system32\USERENV.dll
0x000007fefbf20000 - 0x000007fefbf2f000 	C:\Windows\system32\CRYPTBASE.dll
0x00000000748b0000 - 0x00000000748ca000 	C:\Program Files\Java\jdk1.8.0_25\jre\bin\net.dll
0x000007fefb860000 - 0x000007fefb8b4000 	C:\Windows\system32\mswsock.dll
0x000007fefb850000 - 0x000007fefb857000 	C:\Windows\System32\wship6.dll
0x000007fef9aa0000 - 0x000007fef9ac7000 	C:\Windows\system32\IPHLPAPI.DLL
0x000007fef9a90000 - 0x000007fef9a9b000 	C:\Windows\system32\WINNSI.DLL
0x000007fef95b0000 - 0x000007fef95c8000 	C:\Windows\system32\dhcpcsvc.DLL
0x000007fef9590000 - 0x000007fef95a1000 	C:\Windows\system32\dhcpcsvc6.DLL
0x0000000074030000 - 0x0000000074041000 	C:\Program Files\Java\jdk1.8.0_25\jre\bin\nio.dll
0x000007fef38d0000 - 0x000007fef38da000 	C:\Users\Alfa\AppData\Local\Temp\jansi-64-2263780394484844467.dll
0x0000000073f40000 - 0x0000000073f4d000 	C:\Program Files\Java\jdk1.8.0_25\jre\bin\management.dll
0x000007fefb230000 - 0x000007fefb237000 	C:\Windows\System32\wshtcpip.dll
0x000007fefb6e0000 - 0x000007fefb73b000 	C:\Windows\system32\DNSAPI.dll
0x000007fef6ad0000 - 0x000007fef6ad8000 	C:\Windows\system32\rasadhlp.dll
0x000007fef9630000 - 0x000007fef9683000 	C:\Windows\System32\fwpuclnt.dll
0x000007fef9cc0000 - 0x000007fef9cd5000 	C:\Windows\system32\NLAapi.dll
0x000007fef0f90000 - 0x000007fef0f9b000 	C:\Windows\System32\winrnr.dll
0x000007fef0f70000 - 0x000007fef0f85000 	C:\Windows\system32\napinsp.dll
0x000007fef0f50000 - 0x000007fef0f69000 	C:\Windows\system32\pnrpnsp.dll
0x000007feee8e0000 - 0x000007feeea05000 	C:\Windows\system32\dbghelp.dll

VM Arguments:
jvm_args: -Dfile.encoding=UTF-8 -Xmx768M -Xms64M -Dgrails.fork.parent.process.port=49608 -Dgrails.fork.active=true -Dgrails.build.execution.context=C:\Users\Alfa\AppData\Local\Temp\estate_management3597345894883010964grails-execution-context -Dgrails.home=D:\grails-2.4.4 -javaagent:D:\grails-2.4.4\lib\org.springframework\springloaded\jars\springloaded-1.2.1.RELEASE.jar -Xverify:none -Dspringloaded.synchronize=true -Djdk.reflect.allowGetCallerClass=true -Dspringloaded=profile=grails;cacheDir=C:\Users\Alfa\.grails\2.4.4 
java_command: org.grails.plugins.tomcat.fork.ForkedTomcatServer
java_class_path (initial): C:\Program Files\Java\jdk1.8.0_25\lib\tools.jar;D:\grails-2.4.4\lib\org.codehaus.groovy\groovy-all\jars\groovy-all-2.3.7.jar;D:\grails-2.4.4\lib\org.slf4j\jcl-over-slf4j\jars\jcl-over-slf4j-1.7.5.jar;D:\grails-2.4.4\lib\org.codehaus.gant\gant_groovy1.8\jars\gant_groovy1.8-1.9.6.jar;D:\grails-2.4.4\lib\org.apache.tomcat.embed\tomcat-embed-logging-log4j\jars\tomcat-embed-logging-log4j-7.0.50.jar;D:\grails-2.4.4\dist\grails-plugin-log4j-2.4.4.jar;D:\grails-2.4.4\lib\log4j\log4j\jars\log4j-1.2.17.jar;D:\grails-2.4.4\dist\grails-bootstrap-2.4.4.jar;D:\grails-2.4.4\lib\org.slf4j\slf4j-api\jars\slf4j-api-1.7.5.jar;D:\grails-2.4.4\lib\jline\jline\jars\jline-2.12.jar;D:\grails-2.4.4\lib\org.apache.ant\ant\jars\ant-1.8.4.jar;D:\grails-2.4.4\lib\org.apache.ant\ant-launcher\jars\ant-launcher-1.8.4.jar;D:\grails-2.4.4\lib\org.apache.ant\ant-trax\jars\ant-trax-1.7.1.jar;D:\grails-2.4.4\lib\org.apache.ant\ant-junit\jars\ant-junit-1.8.4.jar;D:\grails-2.4.4\lib\org.apache.ivy\ivy\jars\ivy-2.3.0.jar;D:\grails-2.4.4\lib\org.fusesource.jansi\jansi\jars\jansi-1.11.jar;C:\Users\Alfa\.m2\repository\org\apache\tomcat\tomcat-catalina-ant\7.0.55\tomcat-catalina-ant-7.0.55.jar;C:\Users\Alfa\.m2\repository\org\apache\tomcat\embed\tomcat-embed-jasper\7.0.55\tomcat-embed-jasper-7.0.55.jar;C:\Users\Alfa\.m2\repository\org\apache\tomcat\embed\tomcat-embed-el\7.0.55\tomcat-embed-el-7.0.55.jar;C:\Users\Alfa\.m2\repository\org\apache\tomcat\embed\tomcat-embed-logging-log4j\7.0.55\tomcat-embed-logging-log4j-7.0.55.jar;C:\Users\Alfa\.m2\repository\org\apache\tomcat\embed\tomcat-embed-websocket\7.0.55\tomcat-embed-websocket-7.0.55.jar;C:\Users\Alfa\.m2\repository\org\apache\tomcat\embed\tomcat-embed-core\7.0.55\tomcat-embed-core-7.0.55.jar;C:\Users\Alfa\.m2\repository\org\eclipse\jdt\core\compiler\ecj\3.7.2\ecj-3.7.2.jar;C:\Users\Alfa\Documents\workspace\estate_management\target\work\plugins\tomcat-7.0.55\grails-plugin-tomcat-7.0.55.jar;;D:\grails-2.4.4\lib\org.springframewo
Launcher Type: SUN_STANDARD

Environment Variables:
JAVA_HOME=C:\Program Files\Java\jdk1.8.0_25
PATH=C:/Program Files/Java/jre1.8.0_25/bin/server;C:/Program Files/Java/jre1.8.0_25/bin;C:/Program Files/Java/jre1.8.0_25/lib/amd64;C:\ProgramData\Oracle\Java\javapath;C:\Inprise\vbroker\bin;C:\Program Files (x86)\Borland\Delphi7\Bin;C:\Program Files (x86)\Borland\Delphi7\Projects\Bpl\;C:\Windows\system32;C:\Windows;C:\Windows\System32\Wbem;C:\Windows\System32\WindowsPowerShell\v1.0\;C:\Program Files (x86)\Toshiba\Bluetooth Toshiba Stack\sys\;C:\Program Files (x86)\Toshiba\Bluetooth Toshiba Stack\sys\x64\;C:\Users\Alfa\Desktop\eclipse\eclipse;
USERNAME=Alfa
OS=Windows_NT
PROCESSOR_IDENTIFIER=Intel64 Family 6 Model 42 Stepping 7, GenuineIntel



---------------  S Y S T E M  ---------------

OS: Windows 7 , 64 bit Build 7600 

CPU:total 3 (2 cores per cpu, 2 threads per core) family 6 model 42 stepping 7, cmov, cx8, fxsr, mmx, sse, sse2, sse3, ssse3, sse4.1, sse4.2, popcnt, clmul, ht, tsc, tscinvbit

Memory: 4k page, physical 4140912k(882568k free), swap 8279928k(3615792k free)

vm_info: Java HotSpot(TM) 64-Bit Server VM (25.25-b02) for windows-amd64 JRE (1.8.0_25-b18), built on Oct  7 2014 14:25:37 by "java_re" with MS VC++ 10.0 (VS2010)

time: Fri Apr 10 10:17:18 2015
elapsed time: 1742 seconds (0d 0h 29m 2s)

