#
# A fatal error has been detected by the Java Runtime Environment:
#
#  EXCEPTION_ACCESS_VIOLATION (0xc0000005) at pc=0x000000000413b1bd, pid=1300, tid=7048
#
# JRE version: Java(TM) SE Runtime Environment (8.0_25-b18) (build 1.8.0_25-b18)
# Java VM: Java HotSpot(TM) 64-Bit Server VM (25.25-b02 mixed mode windows-amd64 compressed oops)
# Problematic frame:
# J 15413 C1 java.io.ObjectStreamClass$FieldReflector.getObjFieldValues(Ljava/lang/Object;[Ljava/lang/Object;)V (99 bytes) @ 0x000000000413b1bd [0x000000000413b080+0x13d]
#
# Failed to write core dump. Minidumps are not enabled by default on client versions of Windows
#
# If you would like to submit a bug report, please visit:
#   http://bugreport.sun.com/bugreport/crash.jsp
#

---------------  T H R E A D  ---------------

Current thread (0x000000005af1a000):  JavaThread "localhost-startStop-2" daemon [_thread_in_Java, id=7048, stack(0x000000006d0e0000,0x000000006d1e0000)]

siginfo: ExceptionCode=0xc0000005, reading address 0x0000000000000048

Registers:
RAX=0x000000001457cc78, RBX=0x0000000000000020, RCX=0x00000000fa107570, RDX=0x00000000f9afa370
RSP=0x000000006d1d9350, RBP=0x000000006d1d9908, RSI=0x0000000000000000, RDI=0x0000000013cc0f28
R8 =0x00000000ff03ef30, R9 =0x00000000fa107560, R10=0x0000000013dd98c8, R11=0x0000000000000028
R12=0x0000000000000000, R13=0x0000000000000016, R14=0x000000006d1d94a0, R15=0x000000005af1a000
RIP=0x000000000413b1bd, EFLAGS=0x0000000000010293

Top of Stack: (sp=0x000000006d1d9350)
0x000000006d1d9350:   00000000da8cfa10 00000000f8d09f20
0x000000006d1d9360:   00000000ff03ef30 00000000f996cd18
0x000000006d1d9370:   00000000f8d0bd98 00000000f996cd18
0x000000006d1d9380:   0000000000000070 0000000000000000
0x000000006d1d9390:   00000000f9533070 00000000041408dc
0x000000006d1d93a0:   000000006d1d9908 0000000002ff57bc
0x000000006d1d93b0:   00000000d08530f8 0000000000000000
0x000000006d1d93c0:   00000000fa1030c0 0000000002ff57bc
0x000000006d1d93d0:   00000000dae33ed8 0000000065ef3be6
0x000000006d1d93e0:   0000000000000002 00000000f8d0bd98
0x000000006d1d93f0:   00000000f8d09f20 00000000ff07d888
0x000000006d1d9400:   000000006fb2c8d0 000000006d1d9470
0x000000006d1d9410:   0000000000000000 00000000ff03ef30
0x000000006d1d9420:   00000000f9ae8730 00000000f8d09f20
0x000000006d1d9430:   0000000100000000 00000000fa107560
0x000000006d1d9440:   0000000000000000 00000000f9aec5a8 

Instructions: (pc=0x000000000413b1bd)
0x000000000413b19d:   e9 db 00 00 00 41 8b 79 08 8b 58 08 48 8b bf f0
0x000000000413b1ad:   00 00 00 48 3b df 0f 84 2a 00 00 00 44 8b 5f 0c
0x000000000413b1bd:   4a 3b 3c 1b 0f 84 1c 00 00 00 41 83 fb 18 0f 85
0x000000000413b1cd:   95 00 00 00 53 57 e8 08 3a 7e fe 5b 5f 83 ff 00 


Register to memory mapping:

RAX=0x000000001457cc78 is pointing into metadata
RBX=0x0000000000000020 is an unknown value
RCX=0x00000000fa107570 is an oop

[error occurred during error reporting (printing register info), id 0xc0000005]

Stack: [0x000000006d0e0000,0x000000006d1e0000],  sp=0x000000006d1d9350,  free space=996k
Native frames: (J=compiled Java code, j=interpreted, Vv=VM code, C=native code)
C  0x000000000413b1bd


---------------  P R O C E S S  ---------------

Java Threads: ( => current thread )
=>0x000000005af1a000 JavaThread "localhost-startStop-2" daemon [_thread_in_Java, id=7048, stack(0x000000006d0e0000,0x000000006d1e0000)]
  0x000000005af1a800 JavaThread "Tomcat-startStop-2" daemon [_thread_blocked, id=6460, stack(0x000000006fd10000,0x000000006fe10000)]
  0x0000000061cac800 JavaThread "Java2D Disposer" daemon [_thread_blocked, id=6148, stack(0x0000000065a50000,0x0000000065b50000)]
  0x000000005e294000 JavaThread "http-bio-8080-exec-10" daemon [_thread_blocked, id=1508, stack(0x000000006d200000,0x000000006d300000)]
  0x000000005e293800 JavaThread "http-bio-8080-exec-9" daemon [_thread_blocked, id=4672, stack(0x000000006cf90000,0x000000006d090000)]
  0x000000005e292800 JavaThread "http-bio-8080-exec-8" daemon [_thread_blocked, id=3316, stack(0x000000006ce20000,0x000000006cf20000)]
  0x000000005e292000 JavaThread "http-bio-8080-exec-7" daemon [_thread_blocked, id=4876, stack(0x000000006ccf0000,0x000000006cdf0000)]
  0x000000005e291000 JavaThread "http-bio-8080-exec-6" daemon [_thread_blocked, id=5844, stack(0x000000006cbd0000,0x000000006ccd0000)]
  0x000000005e290800 JavaThread "http-bio-8080-exec-5" daemon [_thread_blocked, id=5520, stack(0x000000005f580000,0x000000005f680000)]
  0x000000005e28f800 JavaThread "http-bio-8080-exec-4" daemon [_thread_blocked, id=1588, stack(0x000000006ca00000,0x000000006cb00000)]
  0x000000005e28e000 JavaThread "Thread-10" daemon [_thread_in_native, id=3004, stack(0x000000006c8f0000,0x000000006c9f0000)]
  0x000000005af20000 JavaThread "http-bio-8080-exec-3" daemon [_thread_blocked, id=5592, stack(0x000000006c550000,0x000000006c650000)]
  0x000000005af1f000 JavaThread "DestroyJavaVM" [_thread_blocked, id=1232, stack(0x0000000002300000,0x0000000002400000)]
  0x000000005af1e800 JavaThread "Thread-8" [_thread_blocked, id=4820, stack(0x000000006c450000,0x000000006c550000)]
  0x000000005af1d800 JavaThread "http-bio-8080-exec-2" daemon [_thread_blocked, id=5320, stack(0x0000000065b60000,0x0000000065c60000)]
  0x000000005af1d000 JavaThread "http-bio-8080-exec-1" daemon [_thread_blocked, id=1408, stack(0x0000000065920000,0x0000000065a20000)]
  0x000000005af1c000 JavaThread "http-bio-8080-AsyncTimeout" daemon [_thread_blocked, id=2068, stack(0x0000000065740000,0x0000000065840000)]
  0x000000005af1b800 JavaThread "http-bio-8080-Acceptor-0" daemon [_thread_blocked, id=2292, stack(0x0000000065620000,0x0000000065720000)]
  0x0000000059566800 JavaThread "FileSystemWatcher: files=#350 cl=groovy.lang.GroovyClassLoader@4f1bfe23" daemon [_thread_blocked, id=828, stack(0x000000005b840000,0x000000005b940000)]
  0x00000000598df800 JavaThread "Thread-3" [_thread_blocked, id=2804, stack(0x000000005b0a0000,0x000000005b1a0000)]
  0x0000000057775800 JavaThread "Thread-2" [_thread_blocked, id=2548, stack(0x0000000058a10000,0x0000000058b10000)]
  0x00000000566fd800 JavaThread "NonBlockingInputStreamThread" daemon [_thread_blocked, id=3296, stack(0x00000000572a0000,0x00000000573a0000)]
  0x0000000055cc9000 JavaThread "Service Thread" daemon [_thread_blocked, id=2836, stack(0x00000000561a0000,0x00000000562a0000)]
  0x0000000055ba3000 JavaThread "C1 CompilerThread1" daemon [_thread_blocked, id=5544, stack(0x00000000560a0000,0x00000000561a0000)]
  0x0000000055ba0000 JavaThread "C2 CompilerThread0" daemon [_thread_blocked, id=6108, stack(0x0000000055ed0000,0x0000000055fd0000)]
  0x000000005468c000 JavaThread "Attach Listener" daemon [_thread_blocked, id=3632, stack(0x0000000055950000,0x0000000055a50000)]
  0x000000005468b000 JavaThread "Signal Dispatcher" daemon [_thread_blocked, id=5784, stack(0x0000000055310000,0x0000000055410000)]
  0x000000005462e800 JavaThread "Finalizer" daemon [_thread_blocked, id=5164, stack(0x0000000055760000,0x0000000055860000)]
  0x0000000054625800 JavaThread "Reference Handler" daemon [_thread_blocked, id=2556, stack(0x0000000055540000,0x0000000055640000)]

Other Threads:
  0x000000005461a000 VMThread [stack: 0x0000000055430000,0x0000000055530000] [id=5340]
  0x0000000055ccb800 WatcherThread [stack: 0x0000000056330000,0x0000000056430000] [id=6028]

VM state:not at safepoint (normal execution)

VM Mutex/Monitor currently owned by a thread: None

Heap:
 PSYoungGen      total 226304K, used 183136K [0x00000000f0000000, 0x00000000ffb00000, 0x0000000100000000)
  eden space 207872K, 79% used [0x00000000f0000000,0x00000000fa142728,0x00000000fcb00000)
  from space 18432K, 97% used [0x00000000fe900000,0x00000000ffa95c88,0x00000000ffb00000)
  to   space 23552K, 0% used [0x00000000fcd00000,0x00000000fcd00000,0x00000000fe400000)
 ParOldGen       total 259584K, used 206563K [0x00000000d0000000, 0x00000000dfd80000, 0x00000000f0000000)
  object space 259584K, 79% used [0x00000000d0000000,0x00000000dc9b8e28,0x00000000dfd80000)
 Metaspace       used 128157K, capacity 133854K, committed 134016K, reserved 1169408K
  class space    used 12759K, capacity 14435K, committed 14464K, reserved 1048576K

Card table byte_map: [0x0000000011be0000,0x0000000011d70000] byte_map_base: 0x0000000011560000

Marking Bits: (ParMarkBitMap*) 0x00000000664ad490
 Begin Bits: [0x0000000012340000, 0x0000000012f40000)
 End Bits:   [0x0000000012f40000, 0x0000000013b40000)

Polling page: 0x0000000000250000

CodeCache: size=245760Kb used=46545Kb max_used=46583Kb free=199214Kb
 bounds [0x0000000002820000, 0x00000000055e0000, 0x0000000011820000]
 total_blobs=12701 nmethods=11782 adapters=829
 compilation: enabled

Compilation events (10 events):
Event: 2575.705 Thread 0x0000000055ba3000 15466       3       com.vaadin.util.SerializerHelper::writeClass (21 bytes)
Event: 2575.706 Thread 0x0000000055ba3000 nmethod 15466 0x00000000055a3150 code [0x00000000055a32e0, 0x00000000055a3768]
Event: 2575.709 Thread 0x0000000055ba3000 15467       3       java.util.ArrayList::writeObject (60 bytes)
Event: 2575.710 Thread 0x0000000055ba3000 nmethod 15467 0x00000000055b0c50 code [0x00000000055b0e00, 0x00000000055b12b8]
Event: 2575.711 Thread 0x0000000055ba3000 15468   !   3       sun.reflect.GeneratedMethodAccessor482::invoke (66 bytes)
Event: 2575.711 Thread 0x0000000055ba3000 nmethod 15468 0x00000000055b0010 code [0x00000000055b01e0, 0x00000000055b08f8]
Event: 2575.712 Thread 0x0000000055ba3000 15469   !   3       java.io.ObjectOutputStream::writeArray (611 bytes)
Event: 2575.713 Thread 0x0000000055ba3000 nmethod 15469 0x00000000055b3b90 code [0x00000000055b3f80, 0x00000000055b5988]
Event: 2575.717 Thread 0x0000000055ba3000 15470   !   3       java.util.Hashtable::writeObject (131 bytes)
Event: 2575.718 Thread 0x0000000055ba3000 nmethod 15470 0x00000000055b2910 code [0x00000000055b2b20, 0x00000000055b34c8]

GC Heap History (10 events):
Event: 1525.042 GC heap before
{Heap before GC invocations=117 (full 5):
 PSYoungGen      total 236544K, used 228213K [0x00000000f0000000, 0x0000000100000000, 0x0000000100000000)
  eden space 212480K, 100% used [0x00000000f0000000,0x00000000fcf80000,0x00000000fcf80000)
  from space 24064K, 65% used [0x00000000fcf80000,0x00000000fdedd4a8,0x00000000fe700000)
  to   space 23552K, 0% used [0x00000000fe900000,0x00000000fe900000,0x0000000100000000)
 ParOldGen       total 259584K, used 204211K [0x00000000d0000000, 0x00000000dfd80000, 0x00000000f0000000)
  object space 259584K, 78% used [0x00000000d0000000,0x00000000dc76cda8,0x00000000dfd80000)
 Metaspace       used 122530K, capacity 127370K, committed 127488K, reserved 1163264K
  class space    used 12298K, capacity 13795K, committed 13824K, reserved 1048576K
Event: 1525.058 GC heap after
Heap after GC invocations=117 (full 5):
 PSYoungGen      total 236544K, used 12454K [0x00000000f0000000, 0x00000000ffe80000, 0x0000000100000000)
  eden space 214528K, 0% used [0x00000000f0000000,0x00000000f0000000,0x00000000fd180000)
  from space 22016K, 56% used [0x00000000fe900000,0x00000000ff5299a8,0x00000000ffe80000)
  to   space 23040K, 0% used [0x00000000fd180000,0x00000000fd180000,0x00000000fe800000)
 ParOldGen       total 259584K, used 204315K [0x00000000d0000000, 0x00000000dfd80000, 0x00000000f0000000)
  object space 259584K, 78% used [0x00000000d0000000,0x00000000dc786da8,0x00000000dfd80000)
 Metaspace       used 122530K, capacity 127370K, committed 127488K, reserved 1163264K
  class space    used 12298K, capacity 13795K, committed 13824K, reserved 1048576K
}
Event: 1886.548 GC heap before
{Heap before GC invocations=118 (full 5):
 PSYoungGen      total 236544K, used 226982K [0x00000000f0000000, 0x00000000ffe80000, 0x0000000100000000)
  eden space 214528K, 100% used [0x00000000f0000000,0x00000000fd180000,0x00000000fd180000)
  from space 22016K, 56% used [0x00000000fe900000,0x00000000ff5299a8,0x00000000ffe80000)
  to   space 23040K, 0% used [0x00000000fd180000,0x00000000fd180000,0x00000000fe800000)
 ParOldGen       total 259584K, used 204315K [0x00000000d0000000, 0x00000000dfd80000, 0x00000000f0000000)
  object space 259584K, 78% used [0x00000000d0000000,0x00000000dc786da8,0x00000000dfd80000)
 Metaspace       used 123785K, capacity 128828K, committed 128896K, reserved 1165312K
  class space    used 12392K, capacity 13930K, committed 13952K, reserved 1048576K
Event: 1886.643 GC heap after
Heap after GC invocations=118 (full 5):
 PSYoungGen      total 237568K, used 19016K [0x00000000f0000000, 0x0000000100000000, 0x0000000100000000)
  eden space 214528K, 0% used [0x00000000f0000000,0x00000000f0000000,0x00000000fd180000)
  from space 23040K, 82% used [0x00000000fd180000,0x00000000fe4121d0,0x00000000fe800000)
  to   space 23552K, 0% used [0x00000000fe900000,0x00000000fe900000,0x0000000100000000)
 ParOldGen       total 259584K, used 205347K [0x00000000d0000000, 0x00000000dfd80000, 0x00000000f0000000)
  object space 259584K, 79% used [0x00000000d0000000,0x00000000dc888de8,0x00000000dfd80000)
 Metaspace       used 123785K, capacity 128828K, committed 128896K, reserved 1165312K
  class space    used 12392K, capacity 13930K, committed 13952K, reserved 1048576K
}
Event: 1889.920 GC heap before
{Heap before GC invocations=119 (full 5):
 PSYoungGen      total 237568K, used 233544K [0x00000000f0000000, 0x0000000100000000, 0x0000000100000000)
  eden space 214528K, 100% used [0x00000000f0000000,0x00000000fd180000,0x00000000fd180000)
  from space 23040K, 82% used [0x00000000fd180000,0x00000000fe4121d0,0x00000000fe800000)
  to   space 23552K, 0% used [0x00000000fe900000,0x00000000fe900000,0x0000000100000000)
 ParOldGen       total 259584K, used 205347K [0x00000000d0000000, 0x00000000dfd80000, 0x00000000f0000000)
  object space 259584K, 79% used [0x00000000d0000000,0x00000000dc888de8,0x00000000dfd80000)
 Metaspace       used 123788K, capacity 128828K, committed 128896K, reserved 1165312K
  class space    used 12392K, capacity 13930K, committed 13952K, reserved 1048576K
Event: 1889.941 GC heap after
Heap after GC invocations=119 (full 5):
 PSYoungGen      total 238592K, used 16684K [0x00000000f0000000, 0x00000000fff80000, 0x0000000100000000)
  eden space 215552K, 0% used [0x00000000f0000000,0x00000000f0000000,0x00000000fd280000)
  from space 23040K, 72% used [0x00000000fe900000,0x00000000ff94b3d8,0x00000000fff80000)
  to   space 23040K, 0% used [0x00000000fd280000,0x00000000fd280000,0x00000000fe900000)
 ParOldGen       total 259584K, used 205515K [0x00000000d0000000, 0x00000000dfd80000, 0x00000000f0000000)
  object space 259584K, 79% used [0x00000000d0000000,0x00000000dc8b2de8,0x00000000dfd80000)
 Metaspace       used 123788K, capacity 128828K, committed 128896K, reserved 1165312K
  class space    used 12392K, capacity 13930K, committed 13952K, reserved 1048576K
}
Event: 1910.692 GC heap before
{Heap before GC invocations=120 (full 5):
 PSYoungGen      total 238592K, used 232236K [0x00000000f0000000, 0x00000000fff80000, 0x0000000100000000)
  eden space 215552K, 100% used [0x00000000f0000000,0x00000000fd280000,0x00000000fd280000)
  from space 23040K, 72% used [0x00000000fe900000,0x00000000ff94b3d8,0x00000000fff80000)
  to   space 23040K, 0% used [0x00000000fd280000,0x00000000fd280000,0x00000000fe900000)
 ParOldGen       total 259584K, used 205515K [0x00000000d0000000, 0x00000000dfd80000, 0x00000000f0000000)
  object space 259584K, 79% used [0x00000000d0000000,0x00000000dc8b2de8,0x00000000dfd80000)
 Metaspace       used 125092K, capacity 130164K, committed 130304K, reserved 1165312K
  class space    used 12477K, capacity 14034K, committed 14080K, reserved 1048576K
Event: 1910.743 GC heap after
Heap after GC invocations=120 (full 5):
 PSYoungGen      total 238592K, used 18837K [0x00000000f0000000, 0x0000000100000000, 0x0000000100000000)
  eden space 215552K, 0% used [0x00000000f0000000,0x00000000f0000000,0x00000000fd280000)
  from space 23040K, 81% used [0x00000000fd280000,0x00000000fe4e5680,0x00000000fe900000)
  to   space 23552K, 0% used [0x00000000fe900000,0x00000000fe900000,0x0000000100000000)
 ParOldGen       total 259584K, used 206443K [0x00000000d0000000, 0x00000000dfd80000, 0x00000000f0000000)
  object space 259584K, 79% used [0x00000000d0000000,0x00000000dc99ae28,0x00000000dfd80000)
 Metaspace       used 125092K, capacity 130164K, committed 130304K, reserved 1165312K
  class space    used 12477K, capacity 14034K, committed 14080K, reserved 1048576K
}
Event: 2069.604 GC heap before
{Heap before GC invocations=121 (full 5):
 PSYoungGen      total 238592K, used 234389K [0x00000000f0000000, 0x0000000100000000, 0x0000000100000000)
  eden space 215552K, 100% used [0x00000000f0000000,0x00000000fd280000,0x00000000fd280000)
  from space 23040K, 81% used [0x00000000fd280000,0x00000000fe4e5680,0x00000000fe900000)
  to   space 23552K, 0% used [0x00000000fe900000,0x00000000fe900000,0x0000000100000000)
 ParOldGen       total 259584K, used 206443K [0x00000000d0000000, 0x00000000dfd80000, 0x00000000f0000000)
  object space 259584K, 79% used [0x00000000d0000000,0x00000000dc99ae28,0x00000000dfd80000)
 Metaspace       used 126649K, capacity 131838K, committed 131968K, reserved 1167360K
  class space    used 12583K, capacity 14173K, committed 14208K, reserved 1048576K
Event: 2069.654 GC heap after
Heap after GC invocations=121 (full 5):
 PSYoungGen      total 226304K, used 18007K [0x00000000f0000000, 0x00000000ffb00000, 0x0000000100000000)
  eden space 207872K, 0% used [0x00000000f0000000,0x00000000f0000000,0x00000000fcb00000)
  from space 18432K, 97% used [0x00000000fe900000,0x00000000ffa95c88,0x00000000ffb00000)
  to   space 23552K, 0% used [0x00000000fcd00000,0x00000000fcd00000,0x00000000fe400000)
 ParOldGen       total 259584K, used 206563K [0x00000000d0000000, 0x00000000dfd80000, 0x00000000f0000000)
  object space 259584K, 79% used [0x00000000d0000000,0x00000000dc9b8e28,0x00000000dfd80000)
 Metaspace       used 126649K, capacity 131838K, committed 131968K, reserved 1167360K
  class space    used 12583K, capacity 14173K, committed 14208K, reserved 1048576K
}

Deoptimization events (10 events):
Event: 1912.598 Thread 0x0000000059566800 Uncommon trap: reason=unreached action=reinterpret pc=0x0000000003f585b0 method=org.springsource.loaded.IncrementalTypeDescriptor.compute()V @ 87
Event: 2573.074 Thread 0x000000005af1a000 Uncommon trap: reason=bimorphic action=maybe_recompile pc=0x00000000031d3e94 method=java.util.regex.Pattern$CharProperty$1.isSatisfiedBy(I)Z @ 5
Event: 2573.074 Thread 0x000000005af1a000 Uncommon trap: reason=bimorphic action=maybe_recompile pc=0x00000000031d3e94 method=java.util.regex.Pattern$CharProperty$1.isSatisfiedBy(I)Z @ 5
Event: 2573.074 Thread 0x000000005af1a000 Uncommon trap: reason=bimorphic action=maybe_recompile pc=0x00000000031d3e94 method=java.util.regex.Pattern$CharProperty$1.isSatisfiedBy(I)Z @ 5
Event: 2573.074 Thread 0x000000005af1a000 Uncommon trap: reason=bimorphic action=maybe_recompile pc=0x00000000031d3e94 method=java.util.regex.Pattern$CharProperty$1.isSatisfiedBy(I)Z @ 5
Event: 2573.984 Thread 0x000000005af1a000 Uncommon trap: reason=class_check action=maybe_recompile pc=0x00000000054633f0 method=java.util.concurrent.ConcurrentHashMap.replaceNode(Ljava/lang/Object;Ljava/lang/Object;Ljava/lang/Object;)Ljava/lang/Object; @ 147
Event: 2573.984 Thread 0x000000005af1a000 Uncommon trap: reason=class_check action=maybe_recompile pc=0x00000000054633f0 method=java.util.concurrent.ConcurrentHashMap.replaceNode(Ljava/lang/Object;Ljava/lang/Object;Ljava/lang/Object;)Ljava/lang/Object; @ 147
Event: 2574.358 Thread 0x000000005af1a000 Uncommon trap: reason=class_check action=maybe_recompile pc=0x00000000054633f0 method=java.util.concurrent.ConcurrentHashMap.replaceNode(Ljava/lang/Object;Ljava/lang/Object;Ljava/lang/Object;)Ljava/lang/Object; @ 147
Event: 2574.358 Thread 0x000000005af1a000 Uncommon trap: reason=class_check action=maybe_recompile pc=0x00000000054633f0 method=java.util.concurrent.ConcurrentHashMap.replaceNode(Ljava/lang/Object;Ljava/lang/Object;Ljava/lang/Object;)Ljava/lang/Object; @ 147
Event: 2574.828 Thread 0x000000005af1a000 Uncommon trap: reason=range_check action=make_not_entrant pc=0x0000000004872768 method=sl.org.objectweb.asm.Type.a([CI)Lsl/org/objectweb/asm/Type; @ 2

Internal exceptions (10 events):
Event: 2575.693 Thread 0x000000005af1a000 Exception <a 'java/lang/reflect/InvocationTargetException'> (0x00000000f9f6afc0) thrown at [D:\re\workspace\8-2-build-windows-amd64-cygwin\jdk8u25\1677\hotspot\src\share\vm\runtime\reflection.cpp, line 1080]
Event: 2575.693 Thread 0x000000005af1a000 Exception <a 'java/lang/reflect/InvocationTargetException'> (0x00000000f9f6cf18) thrown at [D:\re\workspace\8-2-build-windows-amd64-cygwin\jdk8u25\1677\hotspot\src\share\vm\runtime\reflection.cpp, line 1080]
Event: 2575.694 Thread 0x000000005af1a000 Exception <a 'java/lang/reflect/InvocationTargetException'> (0x00000000f9f71b68) thrown at [D:\re\workspace\8-2-build-windows-amd64-cygwin\jdk8u25\1677\hotspot\src\share\vm\runtime\reflection.cpp, line 1080]
Event: 2575.694 Thread 0x000000005af1a000 Exception <a 'java/lang/reflect/InvocationTargetException'> (0x00000000f9f75a28) thrown at [D:\re\workspace\8-2-build-windows-amd64-cygwin\jdk8u25\1677\hotspot\src\share\vm\runtime\reflection.cpp, line 1080]
Event: 2575.701 Thread 0x000000005af1a000 Exception <a 'java/lang/reflect/InvocationTargetException'> (0x00000000f9fc5490) thrown at [D:\re\workspace\8-2-build-windows-amd64-cygwin\jdk8u25\1677\hotspot\src\share\vm\runtime\reflection.cpp, line 1080]
Event: 2575.705 Thread 0x000000005af1a000 Exception <a 'java/lang/reflect/InvocationTargetException'> (0x00000000fa02d228) thrown at [D:\re\workspace\8-2-build-windows-amd64-cygwin\jdk8u25\1677\hotspot\src\share\vm\runtime\reflection.cpp, line 1080]
Event: 2575.709 Thread 0x000000005af1a000 Exception <a 'java/lang/reflect/InvocationTargetException'> (0x00000000fa07d660) thrown at [D:\re\workspace\8-2-build-windows-amd64-cygwin\jdk8u25\1677\hotspot\src\share\vm\runtime\reflection.cpp, line 1080]
Event: 2575.714 Thread 0x000000005af1a000 Exception <a 'java/lang/reflect/InvocationTargetException'> (0x00000000fa09a458) thrown at [D:\re\workspace\8-2-build-windows-amd64-cygwin\jdk8u25\1677\hotspot\src\share\vm\runtime\reflection.cpp, line 1080]
Event: 2575.720 Thread 0x000000005af1a000 Exception <a 'java/lang/reflect/InvocationTargetException'> (0x00000000fa0f1ce8) thrown at [D:\re\workspace\8-2-build-windows-amd64-cygwin\jdk8u25\1677\hotspot\src\share\vm\runtime\reflection.cpp, line 1080]
Event: 2575.720 Thread 0x000000005af1a000 Implicit null exception at 0x000000000413b1bd to 0x0000000000000000

Events (10 events):
Event: 2575.702 Executing VM operation: RevokeBias
Event: 2575.702 Executing VM operation: RevokeBias done
Event: 2575.707 Executing VM operation: RevokeBias
Event: 2575.708 Executing VM operation: RevokeBias done
Event: 2575.715 Executing VM operation: RevokeBias
Event: 2575.715 Executing VM operation: RevokeBias done
Event: 2575.716 Executing VM operation: RevokeBias
Event: 2575.716 Executing VM operation: RevokeBias done
Event: 2575.717 Executing VM operation: RevokeBias
Event: 2575.717 Executing VM operation: RevokeBias done


Dynamic libraries:
0x000000013f8a0000 - 0x000000013f8d4000 	C:\Program Files\Java\jdk1.8.0_25\bin\java.exe
0x0000000077b30000 - 0x0000000077cdb000 	C:\Windows\SYSTEM32\ntdll.dll
0x0000000077910000 - 0x0000000077a2f000 	C:\Windows\system32\kernel32.dll
0x000007fefcb70000 - 0x000007fefcbdb000 	C:\Windows\system32\KERNELBASE.dll
0x000007fefec50000 - 0x000007fefed2b000 	C:\Windows\system32\ADVAPI32.dll
0x000007fefd7f0000 - 0x000007fefd88f000 	C:\Windows\system32\msvcrt.dll
0x000007fefeff0000 - 0x000007feff00f000 	C:\Windows\SYSTEM32\sechost.dll
0x000007fefeb20000 - 0x000007fefec4e000 	C:\Windows\system32\RPCRT4.dll
0x0000000077a30000 - 0x0000000077b2a000 	C:\Windows\system32\USER32.dll
0x000007fefd380000 - 0x000007fefd3e7000 	C:\Windows\system32\GDI32.dll
0x000007fefd0b0000 - 0x000007fefd0be000 	C:\Windows\system32\LPK.dll
0x000007fefd720000 - 0x000007fefd7ea000 	C:\Windows\system32\USP10.dll
0x000007fefb700000 - 0x000007fefb8f4000 	C:\Windows\WinSxS\amd64_microsoft.windows.common-controls_6595b64144ccf1df_6.0.7600.16385_none_fa645303170382f6\COMCTL32.dll
0x000007fefd6a0000 - 0x000007fefd711000 	C:\Windows\system32\SHLWAPI.dll
0x000007fefed30000 - 0x000007fefed5e000 	C:\Windows\system32\IMM32.DLL
0x000007fefd890000 - 0x000007fefd999000 	C:\Windows\system32\MSCTF.dll
0x0000000070470000 - 0x0000000070542000 	C:\Program Files\Java\jdk1.8.0_25\jre\bin\msvcr100.dll
0x0000000065cd0000 - 0x000000006652a000 	C:\Program Files\Java\jdk1.8.0_25\jre\bin\server\jvm.dll
0x000007fef7030000 - 0x000007fef7039000 	C:\Windows\system32\WSOCK32.dll
0x000007fefdcc0000 - 0x000007fefdd0d000 	C:\Windows\system32\WS2_32.dll
0x000007fefef80000 - 0x000007fefef88000 	C:\Windows\system32\NSI.dll
0x000007fef9570000 - 0x000007fef95ab000 	C:\Windows\system32\WINMM.dll
0x0000000077d00000 - 0x0000000077d07000 	C:\Windows\system32\PSAPI.DLL
0x0000000074b60000 - 0x0000000074b6f000 	C:\Program Files\Java\jdk1.8.0_25\jre\bin\verify.dll
0x0000000074b30000 - 0x0000000074b58000 	C:\Program Files\Java\jdk1.8.0_25\jre\bin\java.dll
0x0000000074b00000 - 0x0000000074b23000 	C:\Program Files\Java\jdk1.8.0_25\jre\bin\instrument.dll
0x0000000074ae0000 - 0x0000000074af6000 	C:\Program Files\Java\jdk1.8.0_25\jre\bin\zip.dll
0x000007fefdd10000 - 0x000007fefea96000 	C:\Windows\system32\SHELL32.dll
0x000007fefce50000 - 0x000007fefd051000 	C:\Windows\system32\ole32.dll
0x000007fefca80000 - 0x000007fefca8f000 	C:\Windows\system32\profapi.dll
0x000007fefc310000 - 0x000007fefc327000 	C:\Windows\system32\CRYPTSP.dll
0x000007fefc010000 - 0x000007fefc057000 	C:\Windows\system32\rsaenh.dll
0x000007fefbdd0000 - 0x000007fefbdee000 	C:\Windows\system32\USERENV.dll
0x000007fefc970000 - 0x000007fefc97f000 	C:\Windows\system32\CRYPTBASE.dll
0x0000000074aa0000 - 0x0000000074aba000 	C:\Program Files\Java\jdk1.8.0_25\jre\bin\net.dll
0x000007fefc2b0000 - 0x000007fefc304000 	C:\Windows\system32\mswsock.dll
0x000007fefc2a0000 - 0x000007fefc2a7000 	C:\Windows\System32\wship6.dll
0x000007fefa5a0000 - 0x000007fefa5c7000 	C:\Windows\system32\IPHLPAPI.DLL
0x000007fefa700000 - 0x000007fefa70b000 	C:\Windows\system32\WINNSI.DLL
0x000007fefa170000 - 0x000007fefa188000 	C:\Windows\system32\dhcpcsvc.DLL
0x000007fef9e70000 - 0x000007fef9e81000 	C:\Windows\system32\dhcpcsvc6.DLL
0x0000000074a80000 - 0x0000000074a91000 	C:\Program Files\Java\jdk1.8.0_25\jre\bin\nio.dll
0x000007feface0000 - 0x000007fefacea000 	C:\Users\Alfa\AppData\Local\Temp\jansi-64-8700188005252850689.dll
0x0000000074ad0000 - 0x0000000074add000 	C:\Program Files\Java\jdk1.8.0_25\jre\bin\management.dll
0x000007fefbcc0000 - 0x000007fefbcc7000 	C:\Windows\System32\wshtcpip.dll
0x000007fefc130000 - 0x000007fefc18b000 	C:\Windows\system32\DNSAPI.dll
0x000007fef7650000 - 0x000007fef7658000 	C:\Windows\system32\rasadhlp.dll
0x000007fefa300000 - 0x000007fefa353000 	C:\Windows\System32\fwpuclnt.dll
0x000007fefa830000 - 0x000007fefa845000 	C:\Windows\system32\NLAapi.dll
0x000007fef7390000 - 0x000007fef739b000 	C:\Windows\System32\winrnr.dll
0x000007fef7370000 - 0x000007fef7385000 	C:\Windows\system32\napinsp.dll
0x000007fef7350000 - 0x000007fef7369000 	C:\Windows\system32\pnrpnsp.dll
0x0000000058b10000 - 0x0000000058ca8000 	C:\Program Files\Java\jdk1.8.0_25\jre\bin\awt.dll
0x000007fefd2a0000 - 0x000007fefd377000 	C:\Windows\system32\OLEAUT32.dll
0x0000000002110000 - 0x0000000002157000 	C:\Program Files\Java\jdk1.8.0_25\jre\bin\fontmanager.dll
0x000007fefb0f0000 - 0x000007fefb108000 	C:\Windows\system32\DWMAPI.DLL
0x0000000011f60000 - 0x0000000011fa1000 	C:\Program Files\Java\jdk1.8.0_25\jre\bin\t2k.dll
0x000007feef500000 - 0x000007feef625000 	C:\Windows\system32\dbghelp.dll

VM Arguments:
jvm_args: -Dfile.encoding=UTF-8 -Xmx768M -Xms64M -Dgrails.fork.parent.process.port=49443 -Dgrails.fork.active=true -Dgrails.build.execution.context=C:\Users\Alfa\AppData\Local\Temp\estate_management5795049012642449704grails-execution-context -Dgrails.home=D:\grails-2.4.4 -javaagent:D:\grails-2.4.4\lib\org.springframework\springloaded\jars\springloaded-1.2.1.RELEASE.jar -Xverify:none -Dspringloaded.synchronize=true -Djdk.reflect.allowGetCallerClass=true -Dspringloaded=profile=grails;cacheDir=C:\Users\Alfa\.grails\2.4.4 
java_command: org.grails.plugins.tomcat.fork.ForkedTomcatServer
java_class_path (initial): C:\Program Files\Java\jdk1.8.0_25\lib\tools.jar;D:\grails-2.4.4\lib\org.codehaus.groovy\groovy-all\jars\groovy-all-2.3.7.jar;D:\grails-2.4.4\lib\org.slf4j\jcl-over-slf4j\jars\jcl-over-slf4j-1.7.5.jar;D:\grails-2.4.4\lib\org.codehaus.gant\gant_groovy1.8\jars\gant_groovy1.8-1.9.6.jar;D:\grails-2.4.4\lib\org.apache.tomcat.embed\tomcat-embed-logging-log4j\jars\tomcat-embed-logging-log4j-7.0.50.jar;D:\grails-2.4.4\dist\grails-plugin-log4j-2.4.4.jar;D:\grails-2.4.4\lib\log4j\log4j\jars\log4j-1.2.17.jar;D:\grails-2.4.4\dist\grails-bootstrap-2.4.4.jar;D:\grails-2.4.4\lib\org.slf4j\slf4j-api\jars\slf4j-api-1.7.5.jar;D:\grails-2.4.4\lib\jline\jline\jars\jline-2.12.jar;D:\grails-2.4.4\lib\org.apache.ant\ant\jars\ant-1.8.4.jar;D:\grails-2.4.4\lib\org.apache.ant\ant-launcher\jars\ant-launcher-1.8.4.jar;D:\grails-2.4.4\lib\org.apache.ant\ant-trax\jars\ant-trax-1.7.1.jar;D:\grails-2.4.4\lib\org.apache.ant\ant-junit\jars\ant-junit-1.8.4.jar;D:\grails-2.4.4\lib\org.apache.ivy\ivy\jars\ivy-2.3.0.jar;D:\grails-2.4.4\lib\org.fusesource.jansi\jansi\jars\jansi-1.11.jar;C:\Users\Alfa\.m2\repository\org\apache\tomcat\tomcat-catalina-ant\7.0.55\tomcat-catalina-ant-7.0.55.jar;C:\Users\Alfa\.m2\repository\org\apache\tomcat\embed\tomcat-embed-jasper\7.0.55\tomcat-embed-jasper-7.0.55.jar;C:\Users\Alfa\.m2\repository\org\apache\tomcat\embed\tomcat-embed-el\7.0.55\tomcat-embed-el-7.0.55.jar;C:\Users\Alfa\.m2\repository\org\apache\tomcat\embed\tomcat-embed-logging-log4j\7.0.55\tomcat-embed-logging-log4j-7.0.55.jar;C:\Users\Alfa\.m2\repository\org\apache\tomcat\embed\tomcat-embed-websocket\7.0.55\tomcat-embed-websocket-7.0.55.jar;C:\Users\Alfa\.m2\repository\org\apache\tomcat\embed\tomcat-embed-core\7.0.55\tomcat-embed-core-7.0.55.jar;C:\Users\Alfa\.m2\repository\org\eclipse\jdt\core\compiler\ecj\3.7.2\ecj-3.7.2.jar;C:\Users\Alfa\Documents\workspace\estate_management\target\work\plugins\tomcat-7.0.55\grails-plugin-tomcat-7.0.55.jar;;D:\grails-2.4.4\lib\org.springframewo
Launcher Type: SUN_STANDARD

Environment Variables:
JAVA_HOME=C:\Program Files\Java\jdk1.8.0_25
PATH=C:/Program Files/Java/jre1.8.0_25/bin/server;C:/Program Files/Java/jre1.8.0_25/bin;C:/Program Files/Java/jre1.8.0_25/lib/amd64;C:\ProgramData\Oracle\Java\javapath;C:\Inprise\vbroker\bin;C:\Program Files (x86)\Borland\Delphi7\Bin;C:\Program Files (x86)\Borland\Delphi7\Projects\Bpl\;C:\Windows\system32;C:\Windows;C:\Windows\System32\Wbem;C:\Windows\System32\WindowsPowerShell\v1.0\;C:\Program Files (x86)\Toshiba\Bluetooth Toshiba Stack\sys\;C:\Program Files (x86)\Toshiba\Bluetooth Toshiba Stack\sys\x64\;C:\Users\Alfa\Desktop\eclipse\eclipse;
USERNAME=Alfa
OS=Windows_NT
PROCESSOR_IDENTIFIER=Intel64 Family 6 Model 42 Stepping 7, GenuineIntel



---------------  S Y S T E M  ---------------

OS: Windows 7 , 64 bit Build 7600 

CPU:total 3 (2 cores per cpu, 2 threads per core) family 6 model 42 stepping 7, cmov, cx8, fxsr, mmx, sse, sse2, sse3, ssse3, sse4.1, sse4.2, popcnt, clmul, ht, tsc, tscinvbit

Memory: 4k page, physical 4140912k(998700k free), swap 8279928k(3580664k free)

vm_info: Java HotSpot(TM) 64-Bit Server VM (25.25-b02) for windows-amd64 JRE (1.8.0_25-b18), built on Oct  7 2014 14:25:37 by "java_re" with MS VC++ 10.0 (VS2010)

time: Mon Apr 13 10:06:30 2015
elapsed time: 2576 seconds (0d 0h 42m 56s)

