#
# A fatal error has been detected by the Java Runtime Environment:
#
#  EXCEPTION_ACCESS_VIOLATION (0xc0000005) at pc=0x0000000005030aa6, pid=6420, tid=4164
#
# JRE version: Java(TM) SE Runtime Environment (8.0_25-b18) (build 1.8.0_25-b18)
# Java VM: Java HotSpot(TM) 64-Bit Server VM (25.25-b02 mixed mode windows-amd64 compressed oops)
# Problematic frame:
# J 15228 C1 java.io.ObjectStreamClass$FieldReflector.getObjFieldValues(Ljava/lang/Object;[Ljava/lang/Object;)V (99 bytes) @ 0x0000000005030aa6 [0x0000000005030980+0x126]
#
# Failed to write core dump. Minidumps are not enabled by default on client versions of Windows
#
# If you would like to submit a bug report, please visit:
#   http://bugreport.sun.com/bugreport/crash.jsp
#

---------------  T H R E A D  ---------------

Current thread (0x000000005b14a800):  JavaThread "localhost-startStop-2" daemon [_thread_in_Java, id=4164, stack(0x00000000564f0000,0x00000000565f0000)]

siginfo: ExceptionCode=0xc0000005, reading address 0x000000000000003a

Registers:
RAX=0x0000000000000032, RBX=0x0000000000000060, RCX=0x00000000f06b7040, RDX=0x00000000f05e2600
RSP=0x00000000565e64c0, RBP=0x00000000565e6a78, RSI=0x0000000000000000, RDI=0x0000000013d6f280
R8 =0x00000000fe2b62f8, R9 =0x00000000f06b7030, R10=0x0000000013e7a850, R11=0x00000000f05d4220
R12=0x0000000000000000, R13=0x0000000000000016, R14=0x00000000565e65e0, R15=0x000000005b14a800
RIP=0x0000000005030aa6, EFLAGS=0x0000000000010202

Top of Stack: (sp=0x00000000565e64c0)
0x00000000565e64c0:   61656c636e553a65 00000000f05cfab8
0x00000000565e64d0:   00000000fe2b62f8 00000000fdfb5bb0
0x00000000565e64e0:   00000000fdfb2290 00000000fdfb5bb0
0x00000000565e64f0:   0000000000000070 0000000000000000
0x00000000565e6500:   000000005b14a800 323604007422017e
0x00000000565e6510:   00000000565e6a78 00000000032d80fc
0x00000000565e6520:   0000000000001157 00000000565e6580
0x00000000565e6530:   000000006f7b6160 00000086027e0071
0x00000000565e6540:   000000006f7c4b60 00000000565e65b0
0x00000000565e6550:   0000000000000000 000000005f4dbf63
0x00000000565e6560:   00000000565e65f0 000000008c017e00
0x00000000565e6570:   000000005b14a800 00000000565e65e0
0x00000000565e6580:   000000000002a370 00000000fe2b62f8
0x00000000565e6590:   00000000f05cfab8 00000000fdede2d0
0x00000000565e65a0:   0000000300000000 00000000f06b7030
0x00000000565e65b0:   0000000000000000 00000000f05d4220 

Instructions: (pc=0x0000000005030aa6)
0x0000000005030a86:   00 75 19 48 bb 90 7f 9b 6f 00 00 00 00 81 8b c0
0x0000000005030a96:   01 00 00 00 01 00 00 e9 db 00 00 00 41 8b 79 08
0x0000000005030aa6:   8b 58 08 48 8b bf f0 00 00 00 48 3b df 0f 84 2a
0x0000000005030ab6:   00 00 00 44 8b 5f 0c 4a 3b 3c 1b 0f 84 1c 00 00 


Register to memory mapping:

RAX=0x0000000000000032 is an unknown value
RBX=0x0000000000000060 is an unknown value
RCX=0x00000000f06b7040 is an oop

[error occurred during error reporting (printing register info), id 0xc0000005]

Stack: [0x00000000564f0000,0x00000000565f0000],  sp=0x00000000565e64c0,  free space=985k
Native frames: (J=compiled Java code, j=interpreted, Vv=VM code, C=native code)
C  0x0000000005030aa6


---------------  P R O C E S S  ---------------

Java Threads: ( => current thread )
=>0x000000005b14a800 JavaThread "localhost-startStop-2" daemon [_thread_in_Java, id=4164, stack(0x00000000564f0000,0x00000000565f0000)]
  0x0000000055d58000 JavaThread "Tomcat-startStop-2" daemon [_thread_blocked, id=6760, stack(0x000000006f870000,0x000000006f970000)]
  0x0000000065d29000 JavaThread "http-bio-8080-exec-10" daemon [_thread_blocked, id=4468, stack(0x000000006e3b0000,0x000000006e4b0000)]
  0x0000000065d28800 JavaThread "http-bio-8080-exec-9" daemon [_thread_blocked, id=6732, stack(0x000000006e200000,0x000000006e300000)]
  0x0000000067880800 JavaThread "http-bio-8080-exec-8" daemon [_thread_in_native, id=6908, stack(0x000000006e090000,0x000000006e190000)]
  0x000000006787f800 JavaThread "http-bio-8080-exec-7" daemon [_thread_blocked, id=6620, stack(0x000000006dd00000,0x000000006de00000)]
  0x000000006787f000 JavaThread "http-bio-8080-exec-6" daemon [_thread_blocked, id=6560, stack(0x000000006de50000,0x000000006df50000)]
  0x000000006787e000 JavaThread "Thread-10" daemon [_thread_in_native, id=5648, stack(0x000000006d090000,0x000000006d190000)]
  0x000000006787d800 JavaThread "http-bio-8080-exec-5" daemon [_thread_blocked, id=6276, stack(0x000000006dc00000,0x000000006dd00000)]
  0x000000006787c800 JavaThread "http-bio-8080-exec-4" daemon [_thread_blocked, id=4460, stack(0x000000006da00000,0x000000006db00000)]
  0x000000006787c000 JavaThread "http-bio-8080-exec-3" daemon [_thread_blocked, id=4352, stack(0x000000006d640000,0x000000006d740000)]
  0x000000006787b000 JavaThread "DestroyJavaVM" [_thread_blocked, id=6676, stack(0x0000000002340000,0x0000000002440000)]
  0x000000006787a800 JavaThread "Thread-8" [_thread_blocked, id=924, stack(0x000000006d4b0000,0x000000006d5b0000)]
  0x0000000067879800 JavaThread "http-bio-8080-exec-2" daemon [_thread_blocked, id=5684, stack(0x000000006d360000,0x000000006d460000)]
  0x0000000055d5a000 JavaThread "http-bio-8080-exec-1" daemon [_thread_blocked, id=7156, stack(0x000000006d1a0000,0x000000006d2a0000)]
  0x0000000055d59800 JavaThread "http-bio-8080-AsyncTimeout" daemon [_thread_blocked, id=2608, stack(0x000000006cee0000,0x000000006cfe0000)]
  0x0000000055d58800 JavaThread "http-bio-8080-Acceptor-0" daemon [_thread_blocked, id=1136, stack(0x000000005dcb0000,0x000000005ddb0000)]
  0x0000000055d51000 JavaThread "FileSystemWatcher: files=#357 cl=groovy.lang.GroovyClassLoader@4f1bfe23" daemon [_thread_blocked, id=6564, stack(0x000000005b840000,0x000000005b940000)]
  0x0000000055d4f000 JavaThread "Thread-3" [_thread_blocked, id=6376, stack(0x0000000057120000,0x0000000057220000)]
  0x0000000055d4d800 JavaThread "Thread-2" [_thread_blocked, id=5580, stack(0x0000000055ee0000,0x0000000055fe0000)]
  0x0000000055d4c000 JavaThread "NonBlockingInputStreamThread" daemon [_thread_blocked, id=5872, stack(0x0000000057510000,0x0000000057610000)]
  0x0000000055d4b000 JavaThread "Service Thread" daemon [_thread_blocked, id=5784, stack(0x00000000563e0000,0x00000000564e0000)]
  0x0000000055c1d000 JavaThread "C1 CompilerThread1" daemon [_thread_blocked, id=7108, stack(0x00000000561f0000,0x00000000562f0000)]
  0x0000000055c27000 JavaThread "C2 CompilerThread0" daemon [_thread_in_native, id=7076, stack(0x0000000056000000,0x0000000056100000)]
  0x0000000054727000 JavaThread "Attach Listener" daemon [_thread_blocked, id=1480, stack(0x00000000556c0000,0x00000000557c0000)]
  0x0000000054725800 JavaThread "Signal Dispatcher" daemon [_thread_blocked, id=2996, stack(0x00000000559d0000,0x0000000055ad0000)]
  0x00000000546ca800 JavaThread "Finalizer" daemon [_thread_blocked, id=1708, stack(0x00000000557c0000,0x00000000558c0000)]
  0x00000000546c1800 JavaThread "Reference Handler" daemon [_thread_blocked, id=6168, stack(0x0000000055550000,0x0000000055650000)]

Other Threads:
  0x00000000546b9000 VMThread [stack: 0x0000000055390000,0x0000000055490000] [id=1980]
  0x0000000055d3c800 WatcherThread [stack: 0x0000000056610000,0x0000000056710000] [id=4548]

VM state:not at safepoint (normal execution)

VM Mutex/Monitor currently owned by a thread: None

Heap:
 PSYoungGen      total 225280K, used 15529K [0x00000000f0000000, 0x00000000fff00000, 0x0000000100000000)
  eden space 189952K, 3% used [0x00000000f0000000,0x00000000f07041e8,0x00000000fb980000)
  from space 35328K, 23% used [0x00000000fdc00000,0x00000000fe426358,0x00000000ffe80000)
  to   space 35328K, 0% used [0x00000000fb980000,0x00000000fb980000,0x00000000fdc00000)
 ParOldGen       total 279552K, used 221564K [0x00000000d0000000, 0x00000000e1100000, 0x00000000f0000000)
  object space 279552K, 79% used [0x00000000d0000000,0x00000000dd85f238,0x00000000e1100000)
 Metaspace       used 106641K, capacity 110766K, committed 111104K, reserved 1148928K
  class space    used 10761K, capacity 11946K, committed 12032K, reserved 1048576K

Card table byte_map: [0x0000000011c80000,0x0000000011e10000] byte_map_base: 0x0000000011600000

Marking Bits: (ParMarkBitMap*) 0x000000005fb4d490
 Begin Bits: [0x00000000123e0000, 0x0000000012fe0000)
 End Bits:   [0x0000000012fe0000, 0x0000000013be0000)

Polling page: 0x0000000000330000

CodeCache: size=245760Kb used=42202Kb max_used=42202Kb free=203558Kb
 bounds [0x00000000028c0000, 0x0000000005290000, 0x00000000118c0000]
 total_blobs=12168 nmethods=11389 adapters=689
 compilation: enabled

Compilation events (10 events):
Event: 1490.073 Thread 0x0000000055c27000 nmethod 15249 0x00000000034ea890 code [0x00000000034ea9e0, 0x00000000034eaac8]
Event: 1490.073 Thread 0x0000000055c27000 15253       4       java.io.ObjectOutputStream$BlockDataOutputStream::drain (45 bytes)
Event: 1490.077 Thread 0x0000000055c1d000 15256       3       java.util.ArrayList::writeObject (60 bytes)
Event: 1490.077 Thread 0x0000000055c1d000 nmethod 15256 0x0000000003b49610 code [0x0000000003b497c0, 0x0000000003b49c78]
Event: 1490.079 Thread 0x0000000055c1d000 15257   !   3       sun.reflect.GeneratedMethodAccessor361::invoke (66 bytes)
Event: 1490.079 Thread 0x0000000055c27000 nmethod 15253 0x0000000004cada10 code [0x0000000004cadba0, 0x0000000004cae2a8]
Event: 1490.079 Thread 0x0000000055c1d000 nmethod 15257 0x0000000003027f50 code [0x0000000003028120, 0x0000000003028838]
Event: 1490.080 Thread 0x0000000055c27000 15255   !   4       java.io.ObjectOutputStream::writeObject0 (619 bytes)
Event: 1490.080 Thread 0x0000000055c1d000 15258   !   3       java.io.ObjectOutputStream::writeArray (611 bytes)
Event: 1490.082 Thread 0x0000000055c1d000 nmethod 15258 0x0000000004f30690 code [0x0000000004f30a80, 0x0000000004f324a8]

GC Heap History (10 events):
Event: 840.388 GC heap before
{Heap before GC invocations=85 (full 5):
 PSYoungGen      total 220672K, used 206219K [0x00000000f0000000, 0x0000000100000000, 0x0000000100000000)
  eden space 181760K, 100% used [0x00000000f0000000,0x00000000fb180000,0x00000000fb180000)
  from space 38912K, 62% used [0x00000000fb180000,0x00000000fc962fa8,0x00000000fd780000)
  to   space 38912K, 0% used [0x00000000fda00000,0x00000000fda00000,0x0000000100000000)
 ParOldGen       total 279552K, used 207197K [0x00000000d0000000, 0x00000000e1100000, 0x00000000f0000000)
  object space 279552K, 74% used [0x00000000d0000000,0x00000000dca57410,0x00000000e1100000)
 Metaspace       used 104030K, capacity 107686K, committed 108032K, reserved 1144832K
  class space    used 10569K, capacity 11649K, committed 11776K, reserved 1048576K
Event: 840.425 GC heap after
Heap after GC invocations=85 (full 5):
 PSYoungGen      total 221184K, used 16168K [0x00000000f0000000, 0x00000000ffe00000, 0x0000000100000000)
  eden space 184320K, 0% used [0x00000000f0000000,0x00000000f0000000,0x00000000fb400000)
  from space 36864K, 43% used [0x00000000fda00000,0x00000000fe9ca338,0x00000000ffe00000)
  to   space 37888K, 0% used [0x00000000fb400000,0x00000000fb400000,0x00000000fd900000)
 ParOldGen       total 279552K, used 211672K [0x00000000d0000000, 0x00000000e1100000, 0x00000000f0000000)
  object space 279552K, 75% used [0x00000000d0000000,0x00000000dceb6080,0x00000000e1100000)
 Metaspace       used 104030K, capacity 107686K, committed 108032K, reserved 1144832K
  class space    used 10569K, capacity 11649K, committed 11776K, reserved 1048576K
}
Event: 880.377 GC heap before
{Heap before GC invocations=86 (full 5):
 PSYoungGen      total 221184K, used 200488K [0x00000000f0000000, 0x00000000ffe00000, 0x0000000100000000)
  eden space 184320K, 100% used [0x00000000f0000000,0x00000000fb400000,0x00000000fb400000)
  from space 36864K, 43% used [0x00000000fda00000,0x00000000fe9ca338,0x00000000ffe00000)
  to   space 37888K, 0% used [0x00000000fb400000,0x00000000fb400000,0x00000000fd900000)
 ParOldGen       total 279552K, used 211672K [0x00000000d0000000, 0x00000000e1100000, 0x00000000f0000000)
  object space 279552K, 75% used [0x00000000d0000000,0x00000000dceb6080,0x00000000e1100000)
 Metaspace       used 104477K, capacity 108152K, committed 108544K, reserved 1146880K
  class space    used 10578K, capacity 11653K, committed 11776K, reserved 1048576K
Event: 880.407 GC heap after
Heap after GC invocations=86 (full 5):
 PSYoungGen      total 222208K, used 14064K [0x00000000f0000000, 0x00000000fff00000, 0x0000000100000000)
  eden space 184320K, 0% used [0x00000000f0000000,0x00000000f0000000,0x00000000fb400000)
  from space 37888K, 37% used [0x00000000fb400000,0x00000000fc1bc1e8,0x00000000fd900000)
  to   space 36864K, 0% used [0x00000000fdb00000,0x00000000fdb00000,0x00000000fff00000)
 ParOldGen       total 279552K, used 217684K [0x00000000d0000000, 0x00000000e1100000, 0x00000000f0000000)
  object space 279552K, 77% used [0x00000000d0000000,0x00000000dd495260,0x00000000e1100000)
 Metaspace       used 104477K, capacity 108152K, committed 108544K, reserved 1146880K
  class space    used 10578K, capacity 11653K, committed 11776K, reserved 1048576K
}
Event: 918.064 GC heap before
{Heap before GC invocations=87 (full 5):
 PSYoungGen      total 222208K, used 198384K [0x00000000f0000000, 0x00000000fff00000, 0x0000000100000000)
  eden space 184320K, 100% used [0x00000000f0000000,0x00000000fb400000,0x00000000fb400000)
  from space 37888K, 37% used [0x00000000fb400000,0x00000000fc1bc1e8,0x00000000fd900000)
  to   space 36864K, 0% used [0x00000000fdb00000,0x00000000fdb00000,0x00000000fff00000)
 ParOldGen       total 279552K, used 217684K [0x00000000d0000000, 0x00000000e1100000, 0x00000000f0000000)
  object space 279552K, 77% used [0x00000000d0000000,0x00000000dd495260,0x00000000e1100000)
 Metaspace       used 104583K, capacity 108272K, committed 108544K, reserved 1146880K
  class space    used 10582K, capacity 11689K, committed 11776K, reserved 1048576K
Event: 918.086 GC heap after
Heap after GC invocations=87 (full 5):
 PSYoungGen      total 223232K, used 12593K [0x00000000f0000000, 0x00000000ffe00000, 0x0000000100000000)
  eden space 187392K, 0% used [0x00000000f0000000,0x00000000f0000000,0x00000000fb700000)
  from space 35840K, 35% used [0x00000000fdb00000,0x00000000fe74c7e0,0x00000000ffe00000)
  to   space 36352K, 0% used [0x00000000fb700000,0x00000000fb700000,0x00000000fda80000)
 ParOldGen       total 279552K, used 219165K [0x00000000d0000000, 0x00000000e1100000, 0x00000000f0000000)
  object space 279552K, 78% used [0x00000000d0000000,0x00000000dd6076b0,0x00000000e1100000)
 Metaspace       used 104583K, capacity 108272K, committed 108544K, reserved 1146880K
  class space    used 10582K, capacity 11689K, committed 11776K, reserved 1048576K
}
Event: 960.020 GC heap before
{Heap before GC invocations=88 (full 5):
 PSYoungGen      total 223232K, used 199985K [0x00000000f0000000, 0x00000000ffe00000, 0x0000000100000000)
  eden space 187392K, 100% used [0x00000000f0000000,0x00000000fb700000,0x00000000fb700000)
  from space 35840K, 35% used [0x00000000fdb00000,0x00000000fe74c7e0,0x00000000ffe00000)
  to   space 36352K, 0% used [0x00000000fb700000,0x00000000fb700000,0x00000000fda80000)
 ParOldGen       total 279552K, used 219165K [0x00000000d0000000, 0x00000000e1100000, 0x00000000f0000000)
  object space 279552K, 78% used [0x00000000d0000000,0x00000000dd6076b0,0x00000000e1100000)
 Metaspace       used 104634K, capacity 108272K, committed 108544K, reserved 1146880K
  class space    used 10582K, capacity 11689K, committed 11776K, reserved 1048576K
Event: 960.045 GC heap after
Heap after GC invocations=88 (full 5):
 PSYoungGen      total 223744K, used 13625K [0x00000000f0000000, 0x00000000ffe80000, 0x0000000100000000)
  eden space 187392K, 0% used [0x00000000f0000000,0x00000000f0000000,0x00000000fb700000)
  from space 36352K, 37% used [0x00000000fb700000,0x00000000fc44e530,0x00000000fda80000)
  to   space 35328K, 0% used [0x00000000fdc00000,0x00000000fdc00000,0x00000000ffe80000)
 ParOldGen       total 279552K, used 219540K [0x00000000d0000000, 0x00000000e1100000, 0x00000000f0000000)
  object space 279552K, 78% used [0x00000000d0000000,0x00000000dd665238,0x00000000e1100000)
 Metaspace       used 104634K, capacity 108272K, committed 108544K, reserved 1146880K
  class space    used 10582K, capacity 11689K, committed 11776K, reserved 1048576K
}
Event: 1489.897 GC heap before
{Heap before GC invocations=89 (full 5):
 PSYoungGen      total 223744K, used 201017K [0x00000000f0000000, 0x00000000ffe80000, 0x0000000100000000)
  eden space 187392K, 100% used [0x00000000f0000000,0x00000000fb700000,0x00000000fb700000)
  from space 36352K, 37% used [0x00000000fb700000,0x00000000fc44e530,0x00000000fda80000)
  to   space 35328K, 0% used [0x00000000fdc00000,0x00000000fdc00000,0x00000000ffe80000)
 ParOldGen       total 279552K, used 219540K [0x00000000d0000000, 0x00000000e1100000, 0x00000000f0000000)
  object space 279552K, 78% used [0x00000000d0000000,0x00000000dd665238,0x00000000e1100000)
 Metaspace       used 106321K, capacity 110282K, committed 110464K, reserved 1148928K
  class space    used 10721K, capacity 11876K, committed 11904K, reserved 1048576K
Event: 1489.915 GC heap after
Heap after GC invocations=89 (full 5):
 PSYoungGen      total 225280K, used 8344K [0x00000000f0000000, 0x00000000fff00000, 0x0000000100000000)
  eden space 189952K, 0% used [0x00000000f0000000,0x00000000f0000000,0x00000000fb980000)
  from space 35328K, 23% used [0x00000000fdc00000,0x00000000fe426358,0x00000000ffe80000)
  to   space 35328K, 0% used [0x00000000fb980000,0x00000000fb980000,0x00000000fdc00000)
 ParOldGen       total 279552K, used 221564K [0x00000000d0000000, 0x00000000e1100000, 0x00000000f0000000)
  object space 279552K, 79% used [0x00000000d0000000,0x00000000dd85f238,0x00000000e1100000)
 Metaspace       used 106321K, capacity 110282K, committed 110464K, reserved 1148928K
  class space    used 10721K, capacity 11876K, committed 11904K, reserved 1048576K
}

Deoptimization events (10 events):
Event: 959.422 Thread 0x000000006787a800 Uncommon trap: reason=null_check action=make_not_entrant pc=0x0000000002ce3c74 method=org.codehaus.groovy.ast.VariableScope.getReferencedLocalVariable(Ljava/lang/String;)Lorg/codehaus/groovy/ast/Variable; @ 10
Event: 1489.665 Thread 0x000000005b14a800 Uncommon trap: reason=speculate_class_check action=maybe_recompile pc=0x0000000003468080 method=java.util.concurrent.locks.ReentrantReadWriteLock$Sync.tryAcquireShared(I)I @ 33
Event: 1489.666 Thread 0x000000005b14a800 Uncommon trap: reason=speculate_class_check action=maybe_recompile pc=0x0000000003468080 method=java.util.concurrent.locks.ReentrantReadWriteLock$Sync.tryAcquireShared(I)I @ 33
Event: 1489.718 Thread 0x000000005b14a800 Uncommon trap: reason=class_check action=maybe_recompile pc=0x0000000002b2e61c method=java.util.Collections$SynchronizedCollection.add(Ljava/lang/Object;)Z @ 12
Event: 1489.755 Thread 0x000000005b14a800 Uncommon trap: reason=class_check action=maybe_recompile pc=0x0000000003b28d7c method=java.util.AbstractSet.hashCode()I @ 3
Event: 1489.771 Thread 0x000000005b14a800 Uncommon trap: reason=class_check action=maybe_recompile pc=0x0000000004f2e168 method=org.codehaus.groovy.runtime.callsite.PojoMetaMethodSite.checkCall(Ljava/lang/Object;)Z @ 8
Event: 1489.819 Thread 0x000000005b14a800 Uncommon trap: reason=null_check action=make_not_entrant pc=0x00000000036f2de4 method=java.lang.Class.reflectionData()Ljava/lang/Class$ReflectionData; @ 24
Event: 1489.854 Thread 0x000000005b14a800 Uncommon trap: reason=unreached action=reinterpret pc=0x000000000361ea48 method=java.lang.ref.SoftReference.get()Ljava/lang/Object; @ 6
Event: 1489.856 Thread 0x000000005b14a800 Uncommon trap: reason=unreached action=reinterpret pc=0x0000000002a70524 method=java.lang.ref.SoftReference.get()Ljava/lang/Object; @ 6
Event: 1489.966 Thread 0x000000005b14a800 Uncommon trap: reason=predicate action=maybe_recompile pc=0x000000000436d1f8 method=java.util.ComparableTimSort.binarySort([Ljava/lang/Object;III)V @ 37

Internal exceptions (10 events):
Event: 1489.978 Thread 0x000000005b14a800 Exception <a 'java/lang/NoSuchMethodError': <clinit>> (0x00000000f03f6398) thrown at [D:\re\workspace\8-2-build-windows-amd64-cygwin\jdk8u25\1677\hotspot\src\share\vm\prims\jni.cpp, line 1603]
Event: 1489.980 Thread 0x000000005b14a800 Exception <a 'java/lang/NoSuchMethodError': <clinit>> (0x00000000f040fcb0) thrown at [D:\re\workspace\8-2-build-windows-amd64-cygwin\jdk8u25\1677\hotspot\src\share\vm\prims\jni.cpp, line 1603]
Event: 1489.981 Thread 0x000000005b14a800 Exception <a 'java/lang/NoSuchMethodError': <clinit>> (0x00000000f0421f10) thrown at [D:\re\workspace\8-2-build-windows-amd64-cygwin\jdk8u25\1677\hotspot\src\share\vm\prims\jni.cpp, line 1603]
Event: 1489.989 Thread 0x000000005b14a800 Exception <a 'java/lang/NoSuchMethodError': <clinit>> (0x00000000f0475db0) thrown at [D:\re\workspace\8-2-build-windows-amd64-cygwin\jdk8u25\1677\hotspot\src\share\vm\prims\jni.cpp, line 1603]
Event: 1489.989 Thread 0x000000005b14a800 Exception <a 'java/lang/NoSuchMethodError': <clinit>> (0x00000000f04799f8) thrown at [D:\re\workspace\8-2-build-windows-amd64-cygwin\jdk8u25\1677\hotspot\src\share\vm\prims\jni.cpp, line 1603]
Event: 1489.991 Thread 0x000000005b14a800 Exception <a 'java/lang/NoSuchMethodError': <clinit>> (0x00000000f0486f28) thrown at [D:\re\workspace\8-2-build-windows-amd64-cygwin\jdk8u25\1677\hotspot\src\share\vm\prims\jni.cpp, line 1603]
Event: 1489.993 Thread 0x000000005b14a800 Exception <a 'java/lang/NoSuchMethodError': <clinit>> (0x00000000f049aa70) thrown at [D:\re\workspace\8-2-build-windows-amd64-cygwin\jdk8u25\1677\hotspot\src\share\vm\prims\jni.cpp, line 1603]
Event: 1489.994 Thread 0x000000005b14a800 Exception <a 'java/lang/NoSuchMethodError': <clinit>> (0x00000000f04a7960) thrown at [D:\re\workspace\8-2-build-windows-amd64-cygwin\jdk8u25\1677\hotspot\src\share\vm\prims\jni.cpp, line 1603]
Event: 1489.996 Thread 0x000000005b14a800 Exception <a 'java/lang/NoSuchMethodError': <clinit>> (0x00000000f04c43e0) thrown at [D:\re\workspace\8-2-build-windows-amd64-cygwin\jdk8u25\1677\hotspot\src\share\vm\prims\jni.cpp, line 1603]
Event: 1490.093 Thread 0x000000005b14a800 Implicit null exception at 0x0000000005030aa6 to 0x0000000000000000

Events (10 events):
Event: 1490.087 Executing VM operation: RevokeBias
Event: 1490.087 Executing VM operation: RevokeBias done
Event: 1490.088 Executing VM operation: RevokeBias
Event: 1490.088 Executing VM operation: RevokeBias done
Event: 1490.089 Executing VM operation: RevokeBias
Event: 1490.089 Executing VM operation: RevokeBias done
Event: 1490.091 Executing VM operation: RevokeBias
Event: 1490.091 Executing VM operation: RevokeBias done
Event: 1490.092 Executing VM operation: RevokeBias
Event: 1490.093 Executing VM operation: RevokeBias done


Dynamic libraries:
0x000000013f270000 - 0x000000013f2a4000 	C:\Program Files\Java\jdk1.8.0_25\bin\java.exe
0x0000000077030000 - 0x00000000771db000 	C:\Windows\SYSTEM32\ntdll.dll
0x0000000076e10000 - 0x0000000076f2f000 	C:\Windows\system32\kernel32.dll
0x000007fefc110000 - 0x000007fefc17b000 	C:\Windows\system32\KERNELBASE.dll
0x000007fefc6b0000 - 0x000007fefc78b000 	C:\Windows\system32\ADVAPI32.dll
0x000007fefc830000 - 0x000007fefc8cf000 	C:\Windows\system32\msvcrt.dll
0x000007fefe4f0000 - 0x000007fefe50f000 	C:\Windows\SYSTEM32\sechost.dll
0x000007fefcb90000 - 0x000007fefccbe000 	C:\Windows\system32\RPCRT4.dll
0x0000000076f30000 - 0x000000007702a000 	C:\Windows\system32\USER32.dll
0x000007fefda50000 - 0x000007fefdab7000 	C:\Windows\system32\GDI32.dll
0x000007fefe480000 - 0x000007fefe48e000 	C:\Windows\system32\LPK.dll
0x000007fefe230000 - 0x000007fefe2fa000 	C:\Windows\system32\USP10.dll
0x000007fefa660000 - 0x000007fefa854000 	C:\Windows\WinSxS\amd64_microsoft.windows.common-controls_6595b64144ccf1df_6.0.7600.16385_none_fa645303170382f6\COMCTL32.dll
0x000007fefe180000 - 0x000007fefe1f1000 	C:\Windows\system32\SHLWAPI.dll
0x000007fefe200000 - 0x000007fefe22e000 	C:\Windows\system32\IMM32.DLL
0x000007fefc5a0000 - 0x000007fefc6a9000 	C:\Windows\system32\MSCTF.dll
0x0000000072480000 - 0x0000000072552000 	C:\Program Files\Java\jdk1.8.0_25\jre\bin\msvcr100.dll
0x000000005f370000 - 0x000000005fbca000 	C:\Program Files\Java\jdk1.8.0_25\jre\bin\server\jvm.dll
0x000007fef9f40000 - 0x000007fef9f49000 	C:\Windows\system32\WSOCK32.dll
0x000007fefc370000 - 0x000007fefc3bd000 	C:\Windows\system32\WS2_32.dll
0x000007fefcae0000 - 0x000007fefcae8000 	C:\Windows\system32\NSI.dll
0x000007fef6140000 - 0x000007fef617b000 	C:\Windows\system32\WINMM.dll
0x0000000077200000 - 0x0000000077207000 	C:\Windows\system32\PSAPI.DLL
0x0000000073440000 - 0x000000007344f000 	C:\Program Files\Java\jdk1.8.0_25\jre\bin\verify.dll
0x00000000727d0000 - 0x00000000727f8000 	C:\Program Files\Java\jdk1.8.0_25\jre\bin\java.dll
0x00000000733b0000 - 0x00000000733d3000 	C:\Program Files\Java\jdk1.8.0_25\jre\bin\instrument.dll
0x00000000727b0000 - 0x00000000727c6000 	C:\Program Files\Java\jdk1.8.0_25\jre\bin\zip.dll
0x000007fefccc0000 - 0x000007fefda46000 	C:\Windows\system32\SHELL32.dll
0x000007fefc8d0000 - 0x000007fefcad1000 	C:\Windows\system32\ole32.dll
0x000007fefbf80000 - 0x000007fefbf8f000 	C:\Windows\system32\profapi.dll
0x000007fefb850000 - 0x000007fefb867000 	C:\Windows\system32\CRYPTSP.dll
0x000007fefb550000 - 0x000007fefb597000 	C:\Windows\system32\rsaenh.dll
0x000007fefb2c0000 - 0x000007fefb2de000 	C:\Windows\system32\USERENV.dll
0x000007fefbeb0000 - 0x000007fefbebf000 	C:\Windows\system32\CRYPTBASE.dll
0x0000000072790000 - 0x00000000727aa000 	C:\Program Files\Java\jdk1.8.0_25\jre\bin\net.dll
0x000007fefb7f0000 - 0x000007fefb844000 	C:\Windows\system32\mswsock.dll
0x000007fefb7e0000 - 0x000007fefb7e7000 	C:\Windows\System32\wship6.dll
0x000007fef96f0000 - 0x000007fef9717000 	C:\Windows\system32\IPHLPAPI.DLL
0x000007fef9a80000 - 0x000007fef9a8b000 	C:\Windows\system32\WINNSI.DLL
0x000007fef96d0000 - 0x000007fef96e8000 	C:\Windows\system32\dhcpcsvc.DLL
0x000007fef96a0000 - 0x000007fef96b1000 	C:\Windows\system32\dhcpcsvc6.DLL
0x0000000072770000 - 0x0000000072781000 	C:\Program Files\Java\jdk1.8.0_25\jre\bin\nio.dll
0x000007fefa630000 - 0x000007fefa63a000 	C:\Users\Alfa\AppData\Local\Temp\jansi-64-8349456765659312032.dll
0x0000000072720000 - 0x000000007272d000 	C:\Program Files\Java\jdk1.8.0_25\jre\bin\management.dll
0x000007fefb1c0000 - 0x000007fefb1c7000 	C:\Windows\System32\wshtcpip.dll
0x000007fefb670000 - 0x000007fefb6cb000 	C:\Windows\system32\DNSAPI.dll
0x000007fef9010000 - 0x000007fef9018000 	C:\Windows\system32\rasadhlp.dll
0x000007fef9a20000 - 0x000007fef9a73000 	C:\Windows\System32\fwpuclnt.dll
0x000007fefa8a0000 - 0x000007fefa8b5000 	C:\Windows\system32\NLAapi.dll
0x000007fef1340000 - 0x000007fef134b000 	C:\Windows\System32\winrnr.dll
0x000007fef1320000 - 0x000007fef1335000 	C:\Windows\system32\napinsp.dll
0x000007fef1300000 - 0x000007fef1319000 	C:\Windows\system32\pnrpnsp.dll
0x000007feef740000 - 0x000007feef865000 	C:\Windows\system32\dbghelp.dll

VM Arguments:
jvm_args: -Dfile.encoding=UTF-8 -Xmx768M -Xms64M -Dgrails.fork.parent.process.port=50492 -Dgrails.fork.active=true -Dgrails.build.execution.context=C:\Users\Alfa\AppData\Local\Temp\estate_management8416226150308784185grails-execution-context -Dgrails.home=D:\grails-2.4.4 -javaagent:D:\grails-2.4.4\lib\org.springframework\springloaded\jars\springloaded-1.2.1.RELEASE.jar -Xverify:none -Dspringloaded.synchronize=true -Djdk.reflect.allowGetCallerClass=true -Dspringloaded=profile=grails;cacheDir=C:\Users\Alfa\.grails\2.4.4 
java_command: org.grails.plugins.tomcat.fork.ForkedTomcatServer
java_class_path (initial): C:\Program Files\Java\jdk1.8.0_25\lib\tools.jar;D:\grails-2.4.4\lib\org.codehaus.groovy\groovy-all\jars\groovy-all-2.3.7.jar;D:\grails-2.4.4\lib\org.slf4j\jcl-over-slf4j\jars\jcl-over-slf4j-1.7.5.jar;D:\grails-2.4.4\lib\org.codehaus.gant\gant_groovy1.8\jars\gant_groovy1.8-1.9.6.jar;D:\grails-2.4.4\lib\org.apache.tomcat.embed\tomcat-embed-logging-log4j\jars\tomcat-embed-logging-log4j-7.0.50.jar;D:\grails-2.4.4\dist\grails-plugin-log4j-2.4.4.jar;D:\grails-2.4.4\lib\log4j\log4j\jars\log4j-1.2.17.jar;D:\grails-2.4.4\dist\grails-bootstrap-2.4.4.jar;D:\grails-2.4.4\lib\org.slf4j\slf4j-api\jars\slf4j-api-1.7.5.jar;D:\grails-2.4.4\lib\jline\jline\jars\jline-2.12.jar;D:\grails-2.4.4\lib\org.apache.ant\ant\jars\ant-1.8.4.jar;D:\grails-2.4.4\lib\org.apache.ant\ant-launcher\jars\ant-launcher-1.8.4.jar;D:\grails-2.4.4\lib\org.apache.ant\ant-trax\jars\ant-trax-1.7.1.jar;D:\grails-2.4.4\lib\org.apache.ant\ant-junit\jars\ant-junit-1.8.4.jar;D:\grails-2.4.4\lib\org.apache.ivy\ivy\jars\ivy-2.3.0.jar;D:\grails-2.4.4\lib\org.fusesource.jansi\jansi\jars\jansi-1.11.jar;C:\Users\Alfa\.m2\repository\org\apache\tomcat\tomcat-catalina-ant\7.0.55\tomcat-catalina-ant-7.0.55.jar;C:\Users\Alfa\.m2\repository\org\apache\tomcat\embed\tomcat-embed-jasper\7.0.55\tomcat-embed-jasper-7.0.55.jar;C:\Users\Alfa\.m2\repository\org\apache\tomcat\embed\tomcat-embed-el\7.0.55\tomcat-embed-el-7.0.55.jar;C:\Users\Alfa\.m2\repository\org\apache\tomcat\embed\tomcat-embed-logging-log4j\7.0.55\tomcat-embed-logging-log4j-7.0.55.jar;C:\Users\Alfa\.m2\repository\org\apache\tomcat\embed\tomcat-embed-websocket\7.0.55\tomcat-embed-websocket-7.0.55.jar;C:\Users\Alfa\.m2\repository\org\apache\tomcat\embed\tomcat-embed-core\7.0.55\tomcat-embed-core-7.0.55.jar;C:\Users\Alfa\.m2\repository\org\eclipse\jdt\core\compiler\ecj\3.7.2\ecj-3.7.2.jar;C:\Users\Alfa\Documents\workspace\estate_management\target\work\plugins\tomcat-7.0.55\grails-plugin-tomcat-7.0.55.jar;;D:\grails-2.4.4\lib\org.springframewo
Launcher Type: SUN_STANDARD

Environment Variables:
JAVA_HOME=C:\Program Files\Java\jdk1.8.0_25
PATH=C:/Program Files/Java/jre1.8.0_45/bin/server;C:/Program Files/Java/jre1.8.0_45/bin;C:/Program Files/Java/jre1.8.0_45/lib/amd64;C:\ProgramData\Oracle\Java\javapath;C:\Inprise\vbroker\bin;C:\Program Files (x86)\Borland\Delphi7\Bin;C:\Program Files (x86)\Borland\Delphi7\Projects\Bpl\;C:\Windows\system32;C:\Windows;C:\Windows\System32\Wbem;C:\Windows\System32\WindowsPowerShell\v1.0\;C:\Program Files (x86)\Toshiba\Bluetooth Toshiba Stack\sys\;C:\Program Files (x86)\Toshiba\Bluetooth Toshiba Stack\sys\x64\;C:\Users\Alfa\Desktop\eclipse\eclipse;
USERNAME=Alfa
OS=Windows_NT
PROCESSOR_IDENTIFIER=Intel64 Family 6 Model 42 Stepping 7, GenuineIntel



---------------  S Y S T E M  ---------------

OS: Windows 7 , 64 bit Build 7600 

CPU:total 3 (2 cores per cpu, 2 threads per core) family 6 model 42 stepping 7, cmov, cx8, fxsr, mmx, sse, sse2, sse3, ssse3, sse4.1, sse4.2, popcnt, clmul, ht, tsc, tscinvbit

Memory: 4k page, physical 4140912k(1141424k free), swap 8279928k(3853656k free)

vm_info: Java HotSpot(TM) 64-Bit Server VM (25.25-b02) for windows-amd64 JRE (1.8.0_25-b18), built on Oct  7 2014 14:25:37 by "java_re" with MS VC++ 10.0 (VS2010)

time: Fri Apr 24 14:10:46 2015
elapsed time: 1490 seconds (0d 0h 24m 50s)

