#
# A fatal error has been detected by the Java Runtime Environment:
#
#  EXCEPTION_ACCESS_VIOLATION (0xc0000005) at pc=0x00000000042e9a58, pid=6880, tid=1204
#
# JRE version: Java(TM) SE Runtime Environment (8.0_25-b18) (build 1.8.0_25-b18)
# Java VM: Java HotSpot(TM) 64-Bit Server VM (25.25-b02 mixed mode windows-amd64 compressed oops)
# Problematic frame:
# J 11000 C1 java.io.ObjectStreamClass$FieldReflector.getObjFieldValues(Ljava/lang/Object;[Ljava/lang/Object;)V (99 bytes) @ 0x00000000042e9a58 [0x00000000042e9960+0xf8]
#
# Failed to write core dump. Minidumps are not enabled by default on client versions of Windows
#
# If you would like to submit a bug report, please visit:
#   http://bugreport.sun.com/bugreport/crash.jsp
#

---------------  T H R E A D  ---------------

Current thread (0x00000000643f8800):  JavaThread "localhost-startStop-2" daemon [_thread_in_Java, id=1204, stack(0x000000006d130000,0x000000006d230000)]

siginfo: ExceptionCode=0xc0000005, reading address 0x0000000000000060

Registers:
RAX=0x0000000014581d48, RBX=0x0000000000000038, RCX=0x00000000f78fa3b0, RDX=0x00000000f78e8f68
RSP=0x000000006d227ad0, RBP=0x000000006d227c68, RSI=0x0000000000000000, RDI=0x0000000013c00f28
R8 =0x00000000fe7a8f38, R9 =0x00000000f78fa3a0, R10=0x0000000013c21050, R11=0x0000000000000028
R12=0x0000000000000000, R13=0x00000000f6cbf5a8, R14=0x000000006d227cb8, R15=0x00000000643f8800
RIP=0x00000000042e9a58, EFLAGS=0x0000000000010283

Top of Stack: (sp=0x000000006d227ad0)
0x000000006d227ad0:   0000000000000038 00000000f78d71a0
0x000000006d227ae0:   00000000fe7a8f38 00000000f6eecc70
0x000000006d227af0:   00000000f6cc1420 00000000f6eecc70
0x000000006d227b00:   00000000643f8800 0000000000000000
0x000000006d227b10:   000000006d227b78 0000000002857790
0x000000006d227b20:   000000006d227c68 0000000003c65a7c
0x000000006d227b30:   00000000f78fa2a0 000000006d227b38
0x000000006d227b40:   0000000056e224fa 000000006d227bc8
0x000000006d227b50:   0000000056e25ac8 000000006d033920
0x000000006d227b60:   0000000056e22540 0000000000000000
0x000000006d227b70:   000000006d227bd0 000000006d227c68
0x000000006d227b80:   0000000002e979fc 00000000fdd00b40
0x000000006d227b90:   00000000fdd00b40 00000000fe7a8f38
0x000000006d227ba0:   00000000f78d71a0 00000000f6cbf5a8
0x000000006d227bb0:   0000000100000000 00000000f78fa3a0
0x000000006d227bc0:   0000000000000000 00000000f78db0d0 

Instructions: (pc=0x00000000042e9a58)
0x00000000042e9a38:   84 41 00 00 00 41 8b 79 08 8b 58 08 48 8b bf f0
0x00000000042e9a48:   00 00 00 48 3b df 0f 84 2a 00 00 00 44 8b 5f 0c
0x00000000042e9a58:   4a 3b 3c 1b 0f 84 1c 00 00 00 41 83 fb 18 0f 85
0x00000000042e9a68:   92 01 00 00 53 57 e8 6d 59 5d fe 5b 5f 83 ff 00 


Register to memory mapping:

RAX=0x0000000014581d48 is pointing into metadata
RBX=0x0000000000000038 is an unknown value
RCX=0x00000000f78fa3b0 is an oop

[error occurred during error reporting (printing register info), id 0xc0000005]

Stack: [0x000000006d130000,0x000000006d230000],  sp=0x000000006d227ad0,  free space=990k
Native frames: (J=compiled Java code, j=interpreted, Vv=VM code, C=native code)
C  0x00000000042e9a58


---------------  P R O C E S S  ---------------

Java Threads: ( => current thread )
=>0x00000000643f8800 JavaThread "localhost-startStop-2" daemon [_thread_in_Java, id=1204, stack(0x000000006d130000,0x000000006d230000)]
  0x0000000055d47800 JavaThread "Tomcat-startStop-2" daemon [_thread_blocked, id=4988, stack(0x00000000560c0000,0x00000000561c0000)]
  0x0000000057928800 JavaThread "http-bio-8080-exec-10" daemon [_thread_blocked, id=6220, stack(0x000000006b230000,0x000000006b330000)]
  0x0000000055d3f000 JavaThread "http-bio-8080-exec-9" daemon [_thread_blocked, id=5700, stack(0x000000006c690000,0x000000006c790000)]
  0x0000000055d3e800 JavaThread "http-bio-8080-exec-8" daemon [_thread_blocked, id=3388, stack(0x0000000058a80000,0x0000000058b80000)]
  0x0000000057928000 JavaThread "http-bio-8080-exec-7" daemon [_thread_blocked, id=6420, stack(0x000000006c340000,0x000000006c440000)]
  0x0000000057927000 JavaThread "http-bio-8080-exec-6" daemon [_thread_blocked, id=6480, stack(0x000000006c1e0000,0x000000006c2e0000)]
  0x0000000057926800 JavaThread "http-bio-8080-exec-5" daemon [_thread_blocked, id=4520, stack(0x000000006b890000,0x000000006b990000)]
  0x0000000057925800 JavaThread "http-bio-8080-exec-4" daemon [_thread_blocked, id=6712, stack(0x000000006c0e0000,0x000000006c1e0000)]
  0x0000000057925000 JavaThread "Thread-10" daemon [_thread_in_native, id=6504, stack(0x000000006bf20000,0x000000006c020000)]
  0x0000000057924000 JavaThread "http-bio-8080-exec-3" daemon [_thread_blocked, id=6232, stack(0x000000006be00000,0x000000006bf00000)]
  0x0000000057923000 JavaThread "DestroyJavaVM" [_thread_blocked, id=6448, stack(0x0000000002480000,0x0000000002580000)]
  0x00000000600bb800 JavaThread "Thread-8" [_thread_blocked, id=5756, stack(0x000000006b3a0000,0x000000006b4a0000)]
  0x00000000600ba800 JavaThread "http-bio-8080-exec-2" daemon [_thread_blocked, id=5684, stack(0x000000006bab0000,0x000000006bbb0000)]
  0x00000000600ba000 JavaThread "http-bio-8080-exec-1" daemon [_thread_blocked, id=5368, stack(0x000000006b9b0000,0x000000006bab0000)]
  0x00000000600b9000 JavaThread "http-bio-8080-AsyncTimeout" daemon [_thread_blocked, id=1528, stack(0x000000006b790000,0x000000006b890000)]
  0x00000000600b8800 JavaThread "http-bio-8080-Acceptor-0" daemon [_thread_blocked, id=5132, stack(0x000000006b600000,0x000000006b700000)]
  0x0000000055d40000 JavaThread "FileSystemWatcher: files=#319 cl=groovy.lang.GroovyClassLoader@4f1bfe23" daemon [_thread_blocked, id=6904, stack(0x000000005a460000,0x000000005a560000)]
  0x0000000055d3d800 JavaThread "Thread-3" [_thread_blocked, id=6348, stack(0x0000000059de0000,0x0000000059ee0000)]
  0x0000000055d3a800 JavaThread "Thread-2" [_thread_blocked, id=2932, stack(0x00000000586c0000,0x00000000587c0000)]
  0x0000000055d39000 JavaThread "NonBlockingInputStreamThread" daemon [_thread_blocked, id=7020, stack(0x0000000056f60000,0x0000000057060000)]
  0x0000000055d38000 JavaThread "Service Thread" daemon [_thread_blocked, id=3520, stack(0x00000000561e0000,0x00000000562e0000)]
  0x0000000055cbf000 JavaThread "C1 CompilerThread1" daemon [_thread_blocked, id=5536, stack(0x0000000055580000,0x0000000055680000)]
  0x0000000055cc7800 JavaThread "C2 CompilerThread0" daemon [_thread_in_native, id=5264, stack(0x0000000055f80000,0x0000000056080000)]
  0x00000000545c9800 JavaThread "Attach Listener" daemon [_thread_blocked, id=5948, stack(0x0000000055a70000,0x0000000055b70000)]
  0x00000000545c8800 JavaThread "Signal Dispatcher" daemon [_thread_blocked, id=5604, stack(0x0000000055910000,0x0000000055a10000)]
  0x0000000054569000 JavaThread "Finalizer" daemon [_thread_blocked, id=1172, stack(0x00000000552f0000,0x00000000553f0000)]
  0x0000000054560000 JavaThread "Reference Handler" daemon [_thread_blocked, id=6516, stack(0x0000000055690000,0x0000000055790000)]

Other Threads:
  0x0000000054558000 VMThread [stack: 0x0000000055440000,0x0000000055540000] [id=4744]
  0x0000000055da8000 WatcherThread [stack: 0x0000000056350000,0x0000000056450000] [id=6336]

VM state:not at safepoint (normal execution)

VM Mutex/Monitor currently owned by a thread: None

Heap:
 PSYoungGen      total 217088K, used 151449K [0x00000000f0000000, 0x0000000100000000, 0x0000000100000000)
  eden space 174080K, 71% used [0x00000000f0000000,0x00000000f7935f98,0x00000000faa00000)
  from space 43008K, 63% used [0x00000000fd500000,0x00000000fefb0718,0x00000000fff00000)
  to   space 44032K, 0% used [0x00000000faa00000,0x00000000faa00000,0x00000000fd500000)
 ParOldGen       total 278528K, used 173028K [0x00000000d0000000, 0x00000000e1000000, 0x00000000f0000000)
  object space 278528K, 62% used [0x00000000d0000000,0x00000000da8f9308,0x00000000e1000000)
 Metaspace       used 95804K, capacity 99116K, committed 99328K, reserved 1136640K
  class space    used 10172K, capacity 11170K, committed 11264K, reserved 1048576K

Card table byte_map: [0x0000000011c10000,0x0000000011da0000] byte_map_base: 0x0000000011590000

Marking Bits: (ParMarkBitMap*) 0x000000007152d490
 Begin Bits: [0x0000000012280000, 0x0000000012e80000)
 End Bits:   [0x0000000012e80000, 0x0000000013a80000)

Polling page: 0x0000000000140000

CodeCache: size=245760Kb used=28982Kb max_used=29551Kb free=216777Kb
 bounds [0x0000000002850000, 0x0000000004560000, 0x0000000011850000]
 total_blobs=9393 nmethods=8616 adapters=689
 compilation: enabled

Compilation events (10 events):
Event: 337.911 Thread 0x0000000055cbf000 nmethod 10992 0x000000000392f990 code [0x000000000392fae0, 0x000000000392fbd0]
Event: 337.911 Thread 0x0000000055cbf000 10998       1       java.io.ObjectStreamClass::getSuperDesc (5 bytes)
Event: 337.911 Thread 0x0000000055cbf000 nmethod 10998 0x0000000003e4fb10 code [0x0000000003e4fc60, 0x0000000003e4fd70]
Event: 337.912 Thread 0x0000000055cbf000 10999       2       java.io.ObjectStreamClass$FieldReflector::getPrimFieldValues (317 bytes)
Event: 337.912 Thread 0x0000000055cc7800 nmethod 10907 0x0000000002d42590 code [0x0000000002d42700, 0x0000000002d42a28]
Event: 337.913 Thread 0x0000000055cc7800 10987       4       sun.security.provider.SHA::implCompress (491 bytes)
Event: 337.913 Thread 0x0000000055cbf000 nmethod 10999 0x000000000328c410 code [0x000000000328c600, 0x000000000328cc28]
Event: 337.913 Thread 0x0000000055cbf000 11000       2       java.io.ObjectStreamClass$FieldReflector::getObjFieldValues (99 bytes)
Event: 337.913 Thread 0x0000000055cbf000 nmethod 11000 0x00000000042e97d0 code [0x00000000042e9960, 0x00000000042e9d38]
Event: 337.916 Thread 0x0000000055cbf000 11002   !   2       org.springsource.loaded.jvm.JVM::newField (101 bytes)

GC Heap History (10 events):
Event: 85.808 GC heap before
{Heap before GC invocations=77 (full 5):
 PSYoungGen      total 204288K, used 168070K [0x00000000f0000000, 0x00000000ff800000, 0x0000000100000000)
  eden space 154112K, 100% used [0x00000000f0000000,0x00000000f9680000,0x00000000f9680000)
  from space 50176K, 27% used [0x00000000f9680000,0x00000000fa421bc0,0x00000000fc780000)
  to   space 47104K, 0% used [0x00000000fca00000,0x00000000fca00000,0x00000000ff800000)
 ParOldGen       total 278528K, used 173020K [0x00000000d0000000, 0x00000000e1000000, 0x00000000f0000000)
  object space 278528K, 62% used [0x00000000d0000000,0x00000000da8f7308,0x00000000e1000000)
 Metaspace       used 91215K, capacity 93922K, committed 93952K, reserved 1132544K
  class space    used 9687K, capacity 10485K, committed 10496K, reserved 1048576K
Event: 85.864 GC heap after
Heap after GC invocations=77 (full 5):
 PSYoungGen      total 207872K, used 17076K [0x00000000f0000000, 0x00000000ff680000, 0x0000000100000000)
  eden space 162304K, 0% used [0x00000000f0000000,0x00000000f0000000,0x00000000f9e80000)
  from space 45568K, 37% used [0x00000000fca00000,0x00000000fdaad2b8,0x00000000ff680000)
  to   space 44544K, 0% used [0x00000000f9e80000,0x00000000f9e80000,0x00000000fca00000)
 ParOldGen       total 278528K, used 173020K [0x00000000d0000000, 0x00000000e1000000, 0x00000000f0000000)
  object space 278528K, 62% used [0x00000000d0000000,0x00000000da8f7308,0x00000000e1000000)
 Metaspace       used 91215K, capacity 93922K, committed 93952K, reserved 1132544K
  class space    used 9687K, capacity 10485K, committed 10496K, reserved 1048576K
}
Event: 171.607 GC heap before
{Heap before GC invocations=78 (full 5):
 PSYoungGen      total 207872K, used 179380K [0x00000000f0000000, 0x00000000ff680000, 0x0000000100000000)
  eden space 162304K, 100% used [0x00000000f0000000,0x00000000f9e80000,0x00000000f9e80000)
  from space 45568K, 37% used [0x00000000fca00000,0x00000000fdaad2b8,0x00000000ff680000)
  to   space 44544K, 0% used [0x00000000f9e80000,0x00000000f9e80000,0x00000000fca00000)
 ParOldGen       total 278528K, used 173020K [0x00000000d0000000, 0x00000000e1000000, 0x00000000f0000000)
  object space 278528K, 62% used [0x00000000d0000000,0x00000000da8f7308,0x00000000e1000000)
 Metaspace       used 92348K, capacity 95098K, committed 95232K, reserved 1134592K
  class space    used 9804K, capacity 10643K, committed 10752K, reserved 1048576K
Event: 171.688 GC heap after
Heap after GC invocations=78 (full 5):
 PSYoungGen      total 206848K, used 22398K [0x00000000f0000000, 0x00000000ffc00000, 0x0000000100000000)
  eden space 162304K, 0% used [0x00000000f0000000,0x00000000f0000000,0x00000000f9e80000)
  from space 44544K, 50% used [0x00000000f9e80000,0x00000000fb45fb18,0x00000000fca00000)
  to   space 44032K, 0% used [0x00000000fd100000,0x00000000fd100000,0x00000000ffc00000)
 ParOldGen       total 278528K, used 173020K [0x00000000d0000000, 0x00000000e1000000, 0x00000000f0000000)
  object space 278528K, 62% used [0x00000000d0000000,0x00000000da8f7308,0x00000000e1000000)
 Metaspace       used 92348K, capacity 95098K, committed 95232K, reserved 1134592K
  class space    used 9804K, capacity 10643K, committed 10752K, reserved 1048576K
}
Event: 172.954 GC heap before
{Heap before GC invocations=79 (full 5):
 PSYoungGen      total 206848K, used 184702K [0x00000000f0000000, 0x00000000ffc00000, 0x0000000100000000)
  eden space 162304K, 100% used [0x00000000f0000000,0x00000000f9e80000,0x00000000f9e80000)
  from space 44544K, 50% used [0x00000000f9e80000,0x00000000fb45fb18,0x00000000fca00000)
  to   space 44032K, 0% used [0x00000000fd100000,0x00000000fd100000,0x00000000ffc00000)
 ParOldGen       total 278528K, used 173020K [0x00000000d0000000, 0x00000000e1000000, 0x00000000f0000000)
  object space 278528K, 62% used [0x00000000d0000000,0x00000000da8f7308,0x00000000e1000000)
 Metaspace       used 92615K, capacity 95332K, committed 95488K, reserved 1134592K
  class space    used 9836K, capacity 10676K, committed 10752K, reserved 1048576K
Event: 173.063 GC heap after
Heap after GC invocations=79 (full 5):
 PSYoungGen      total 215040K, used 21196K [0x00000000f0000000, 0x00000000ffd80000, 0x0000000100000000)
  eden space 171008K, 0% used [0x00000000f0000000,0x00000000f0000000,0x00000000fa700000)
  from space 44032K, 48% used [0x00000000fd100000,0x00000000fe5b31b0,0x00000000ffc00000)
  to   space 43008K, 0% used [0x00000000fa700000,0x00000000fa700000,0x00000000fd100000)
 ParOldGen       total 278528K, used 173020K [0x00000000d0000000, 0x00000000e1000000, 0x00000000f0000000)
  object space 278528K, 62% used [0x00000000d0000000,0x00000000da8f7308,0x00000000e1000000)
 Metaspace       used 92615K, capacity 95332K, committed 95488K, reserved 1134592K
  class space    used 9836K, capacity 10676K, committed 10752K, reserved 1048576K
}
Event: 306.254 GC heap before
{Heap before GC invocations=80 (full 5):
 PSYoungGen      total 215040K, used 192204K [0x00000000f0000000, 0x00000000ffd80000, 0x0000000100000000)
  eden space 171008K, 100% used [0x00000000f0000000,0x00000000fa700000,0x00000000fa700000)
  from space 44032K, 48% used [0x00000000fd100000,0x00000000fe5b31b0,0x00000000ffc00000)
  to   space 43008K, 0% used [0x00000000fa700000,0x00000000fa700000,0x00000000fd100000)
 ParOldGen       total 278528K, used 173020K [0x00000000d0000000, 0x00000000e1000000, 0x00000000f0000000)
  object space 278528K, 62% used [0x00000000d0000000,0x00000000da8f7308,0x00000000e1000000)
 Metaspace       used 94314K, capacity 97236K, committed 97536K, reserved 1136640K
  class space    used 10000K, capacity 10899K, committed 11008K, reserved 1048576K
Event: 306.299 GC heap after
Heap after GC invocations=80 (full 5):
 PSYoungGen      total 214016K, used 24317K [0x00000000f0000000, 0x00000000fff00000, 0x0000000100000000)
  eden space 171008K, 0% used [0x00000000f0000000,0x00000000f0000000,0x00000000fa700000)
  from space 43008K, 56% used [0x00000000fa700000,0x00000000fbebf408,0x00000000fd100000)
  to   space 43008K, 0% used [0x00000000fd500000,0x00000000fd500000,0x00000000fff00000)
 ParOldGen       total 278528K, used 173028K [0x00000000d0000000, 0x00000000e1000000, 0x00000000f0000000)
  object space 278528K, 62% used [0x00000000d0000000,0x00000000da8f9308,0x00000000e1000000)
 Metaspace       used 94314K, capacity 97236K, committed 97536K, reserved 1136640K
  class space    used 10000K, capacity 10899K, committed 11008K, reserved 1048576K
}
Event: 324.031 GC heap before
{Heap before GC invocations=81 (full 5):
 PSYoungGen      total 214016K, used 195325K [0x00000000f0000000, 0x00000000fff00000, 0x0000000100000000)
  eden space 171008K, 100% used [0x00000000f0000000,0x00000000fa700000,0x00000000fa700000)
  from space 43008K, 56% used [0x00000000fa700000,0x00000000fbebf408,0x00000000fd100000)
  to   space 43008K, 0% used [0x00000000fd500000,0x00000000fd500000,0x00000000fff00000)
 ParOldGen       total 278528K, used 173028K [0x00000000d0000000, 0x00000000e1000000, 0x00000000f0000000)
  object space 278528K, 62% used [0x00000000d0000000,0x00000000da8f9308,0x00000000e1000000)
 Metaspace       used 94885K, capacity 97856K, committed 98048K, reserved 1136640K
  class space    used 10049K, capacity 10984K, committed 11008K, reserved 1048576K
Event: 324.168 GC heap after
Heap after GC invocations=81 (full 5):
 PSYoungGen      total 217088K, used 27329K [0x00000000f0000000, 0x0000000100000000, 0x0000000100000000)
  eden space 174080K, 0% used [0x00000000f0000000,0x00000000f0000000,0x00000000faa00000)
  from space 43008K, 63% used [0x00000000fd500000,0x00000000fefb0718,0x00000000fff00000)
  to   space 44032K, 0% used [0x00000000faa00000,0x00000000faa00000,0x00000000fd500000)
 ParOldGen       total 278528K, used 173028K [0x00000000d0000000, 0x00000000e1000000, 0x00000000f0000000)
  object space 278528K, 62% used [0x00000000d0000000,0x00000000da8f9308,0x00000000e1000000)
 Metaspace       used 94885K, capacity 97856K, committed 98048K, reserved 1136640K
  class space    used 10049K, capacity 10984K, committed 11008K, reserved 1048576K
}

Deoptimization events (10 events):
Event: 306.978 Thread 0x0000000055d40000 Uncommon trap: reason=unreached action=reinterpret pc=0x0000000003ef8aac method=org.springframework.core.annotation.AnnotationUtils.isAnnotationDeclaredLocally(Ljava/lang/Class;Ljava/lang/Class;)Z @ 50
Event: 323.005 Thread 0x00000000600bb800 Uncommon trap: reason=class_check action=maybe_recompile pc=0x0000000004273160 method=java.util.regex.Pattern$Curly.match1(Ljava/util/regex/Matcher;IILjava/lang/CharSequence;)Z @ 8
Event: 323.222 Thread 0x0000000055d40000 Uncommon trap: reason=unreached action=reinterpret pc=0x0000000003f0a04c method=org.springframework.core.annotation.AnnotationUtils.isAnnotationDeclaredLocally(Ljava/lang/Class;Ljava/lang/Class;)Z @ 50
Event: 328.458 Thread 0x0000000057928000 Uncommon trap: reason=null_assert action=make_not_entrant pc=0x00000000042049d0 method=org.springsource.loaded.ri.ReflectiveInterceptor.jlClassGetDeclaredConstructor(Ljava/lang/Class;[Ljava/lang/Class;)Ljava/lang/reflect/Constructor; @ 55
Event: 328.458 Thread 0x0000000057928000 Uncommon trap: reason=unreached action=reinterpret pc=0x00000000041ffaf4 method=org.springsource.loaded.ri.ReflectiveInterceptor.jlrConstructorNewInstance(Ljava/lang/reflect/Constructor;[Ljava/lang/Object;)Ljava/lang/Object; @ 11
Event: 328.458 Thread 0x0000000057928000 Uncommon trap: reason=unreached action=reinterpret pc=0x0000000004100cf0 method=org.springsource.loaded.ri.ReflectiveInterceptor.isDeleted(Ljava/lang/reflect/Constructor;)Z @ 9
Event: 328.459 Thread 0x0000000057928000 Uncommon trap: reason=unreached action=reinterpret pc=0x0000000004101e44 method=org.springsource.loaded.ri.ReflectiveInterceptor.isDeleted(Ljava/lang/reflect/Constructor;)Z @ 9
Event: 337.658 Thread 0x00000000643f8800 Uncommon trap: reason=bimorphic action=maybe_recompile pc=0x0000000003bd3bc0 method=java.util.Hashtable.put(Ljava/lang/Object;Ljava/lang/Object;)Ljava/lang/Object; @ 60
Event: 337.658 Thread 0x00000000643f8800 Uncommon trap: reason=bimorphic action=maybe_recompile pc=0x0000000003bd3bc0 method=java.util.Hashtable.put(Ljava/lang/Object;Ljava/lang/Object;)Ljava/lang/Object; @ 60
Event: 337.705 Thread 0x00000000643f8800 Uncommon trap: reason=null_check action=make_not_entrant pc=0x00000000033fb0e4 method=org.springframework.util.ClassUtils.isAssignable(Ljava/lang/Class;Ljava/lang/Class;)Z @ 70

Internal exceptions (10 events):
Event: 337.904 Thread 0x00000000643f8800 Exception <a 'java/lang/NoSuchMethodError': <clinit>> (0x00000000f77f1ba8) thrown at [D:\re\workspace\8-2-build-windows-amd64-cygwin\jdk8u25\1677\hotspot\src\share\vm\prims\jni.cpp, line 1603]
Event: 337.904 Thread 0x00000000643f8800 Exception <a 'java/lang/NoSuchMethodError': <clinit>> (0x00000000f780df18) thrown at [D:\re\workspace\8-2-build-windows-amd64-cygwin\jdk8u25\1677\hotspot\src\share\vm\prims\jni.cpp, line 1603]
Event: 337.905 Thread 0x00000000643f8800 Exception <a 'java/lang/NoSuchMethodError': <clinit>> (0x00000000f7825fb0) thrown at [D:\re\workspace\8-2-build-windows-amd64-cygwin\jdk8u25\1677\hotspot\src\share\vm\prims\jni.cpp, line 1603]
Event: 337.906 Thread 0x00000000643f8800 Exception <a 'java/lang/NoSuchMethodError': <clinit>> (0x00000000f7845ab8) thrown at [D:\re\workspace\8-2-build-windows-amd64-cygwin\jdk8u25\1677\hotspot\src\share\vm\prims\jni.cpp, line 1603]
Event: 337.907 Thread 0x00000000643f8800 Exception <a 'java/lang/NoSuchMethodError': <clinit>> (0x00000000f785c778) thrown at [D:\re\workspace\8-2-build-windows-amd64-cygwin\jdk8u25\1677\hotspot\src\share\vm\prims\jni.cpp, line 1603]
Event: 337.908 Thread 0x00000000643f8800 Exception <a 'java/lang/NoSuchMethodError': <clinit>> (0x00000000f786e868) thrown at [D:\re\workspace\8-2-build-windows-amd64-cygwin\jdk8u25\1677\hotspot\src\share\vm\prims\jni.cpp, line 1603]
Event: 337.910 Thread 0x00000000643f8800 Exception <a 'java/lang/NoSuchMethodError': <clinit>> (0x00000000f7885030) thrown at [D:\re\workspace\8-2-build-windows-amd64-cygwin\jdk8u25\1677\hotspot\src\share\vm\prims\jni.cpp, line 1603]
Event: 337.914 Thread 0x00000000643f8800 Exception <a 'java/lang/NoSuchMethodError': <clinit>> (0x00000000f78b3610) thrown at [D:\re\workspace\8-2-build-windows-amd64-cygwin\jdk8u25\1677\hotspot\src\share\vm\prims\jni.cpp, line 1603]
Event: 337.915 Thread 0x00000000643f8800 Exception <a 'java/lang/NoSuchMethodError': <clinit>> (0x00000000f78cb900) thrown at [D:\re\workspace\8-2-build-windows-amd64-cygwin\jdk8u25\1677\hotspot\src\share\vm\prims\jni.cpp, line 1603]
Event: 337.917 Thread 0x00000000643f8800 Implicit null exception at 0x00000000042e9a58 to 0x0000000000000000

Events (10 events):
Event: 337.898 Thread 0x00000000643f8800 DEOPT PACKING pc=0x0000000002b2d607 sp=0x000000006d2292d0
Event: 337.899 Thread 0x00000000643f8800 DEOPT UNPACKING pc=0x00000000028971bf sp=0x000000006d228fd0 mode 0
Event: 337.901 loading class com/vaadin/data/util/IndexedContainer$IndexedContainerProperty
Event: 337.901 loading class com/vaadin/data/util/IndexedContainer$IndexedContainerProperty done
Event: 337.904 Thread 0x00000000643f8800 DEOPT PACKING pc=0x0000000002b2d5dd sp=0x000000006d2291d0
Event: 337.904 Thread 0x00000000643f8800 DEOPT UNPACKING pc=0x00000000028971bf sp=0x000000006d228ed0 mode 0
Event: 337.906 Thread 0x00000000643f8800 DEOPT PACKING pc=0x0000000002b2d53e sp=0x000000006d228eb0
Event: 337.906 Thread 0x00000000643f8800 DEOPT UNPACKING pc=0x00000000028971bf sp=0x000000006d228bc8 mode 0
Event: 337.915 Thread 0x00000000643f8800 DEOPT PACKING pc=0x0000000002b2d53e sp=0x000000006d226e40
Event: 337.915 Thread 0x00000000643f8800 DEOPT UNPACKING pc=0x00000000028971bf sp=0x000000006d226b40 mode 0


Dynamic libraries:
0x000000013fee0000 - 0x000000013ff14000 	C:\Program Files\Java\jdk1.8.0_25\bin\java.exe
0x00000000770d0000 - 0x000000007727b000 	C:\Windows\SYSTEM32\ntdll.dll
0x0000000076eb0000 - 0x0000000076fcf000 	C:\Windows\system32\kernel32.dll
0x000007fefc380000 - 0x000007fefc3eb000 	C:\Windows\system32\KERNELBASE.dll
0x000007fefda50000 - 0x000007fefdb2b000 	C:\Windows\system32\ADVAPI32.dll
0x000007fefe230000 - 0x000007fefe2cf000 	C:\Windows\system32\msvcrt.dll
0x000007fefc5d0000 - 0x000007fefc5ef000 	C:\Windows\SYSTEM32\sechost.dll
0x000007fefc400000 - 0x000007fefc52e000 	C:\Windows\system32\RPCRT4.dll
0x0000000076fd0000 - 0x00000000770ca000 	C:\Windows\system32\USER32.dll
0x000007fefc9b0000 - 0x000007fefca17000 	C:\Windows\system32\GDI32.dll
0x000007fefc3f0000 - 0x000007fefc3fe000 	C:\Windows\system32\LPK.dll
0x000007fefe2d0000 - 0x000007fefe39a000 	C:\Windows\system32\USP10.dll
0x000007fefa840000 - 0x000007fefaa34000 	C:\Windows\WinSxS\amd64_microsoft.windows.common-controls_6595b64144ccf1df_6.0.7600.16385_none_fa645303170382f6\COMCTL32.dll
0x000007fefca20000 - 0x000007fefca91000 	C:\Windows\system32\SHLWAPI.dll
0x000007fefdd40000 - 0x000007fefdd6e000 	C:\Windows\system32\IMM32.DLL
0x000007fefc8a0000 - 0x000007fefc9a9000 	C:\Windows\system32\MSCTF.dll
0x0000000072da0000 - 0x0000000072e72000 	C:\Program Files\Java\jdk1.8.0_25\jre\bin\msvcr100.dll
0x0000000070d50000 - 0x00000000715aa000 	C:\Program Files\Java\jdk1.8.0_25\jre\bin\server\jvm.dll
0x000007fef63c0000 - 0x000007fef63c9000 	C:\Windows\system32\WSOCK32.dll
0x000007fefc530000 - 0x000007fefc57d000 	C:\Windows\system32\WS2_32.dll
0x000007fefe520000 - 0x000007fefe528000 	C:\Windows\system32\NSI.dll
0x000007fef6820000 - 0x000007fef685b000 	C:\Windows\system32\WINMM.dll
0x00000000772a0000 - 0x00000000772a7000 	C:\Windows\system32\PSAPI.DLL
0x0000000073720000 - 0x000000007372f000 	C:\Program Files\Java\jdk1.8.0_25\jre\bin\verify.dll
0x0000000072f30000 - 0x0000000072f58000 	C:\Program Files\Java\jdk1.8.0_25\jre\bin\java.dll
0x0000000072f00000 - 0x0000000072f23000 	C:\Program Files\Java\jdk1.8.0_25\jre\bin\instrument.dll
0x0000000072ee0000 - 0x0000000072ef6000 	C:\Program Files\Java\jdk1.8.0_25\jre\bin\zip.dll
0x000007fefcc20000 - 0x000007fefd9a6000 	C:\Windows\system32\SHELL32.dll
0x000007fefdb30000 - 0x000007fefdd31000 	C:\Windows\system32\ole32.dll
0x000007fefc020000 - 0x000007fefc02f000 	C:\Windows\system32\profapi.dll
0x000007fefb8f0000 - 0x000007fefb907000 	C:\Windows\system32\CRYPTSP.dll
0x000007fefb5f0000 - 0x000007fefb637000 	C:\Windows\system32\rsaenh.dll
0x000007fefb360000 - 0x000007fefb37e000 	C:\Windows\system32\USERENV.dll
0x000007fefbf50000 - 0x000007fefbf5f000 	C:\Windows\system32\CRYPTBASE.dll
0x0000000072ea0000 - 0x0000000072eba000 	C:\Program Files\Java\jdk1.8.0_25\jre\bin\net.dll
0x000007fefb890000 - 0x000007fefb8e4000 	C:\Windows\system32\mswsock.dll
0x000007fefb880000 - 0x000007fefb887000 	C:\Windows\System32\wship6.dll
0x000007fef9b60000 - 0x000007fef9b87000 	C:\Windows\system32\IPHLPAPI.DLL
0x000007fef9b50000 - 0x000007fef9b5b000 	C:\Windows\system32\WINNSI.DLL
0x000007fef9960000 - 0x000007fef9978000 	C:\Windows\system32\dhcpcsvc.DLL
0x000007fef9940000 - 0x000007fef9951000 	C:\Windows\system32\dhcpcsvc6.DLL
0x0000000072ec0000 - 0x0000000072ed1000 	C:\Program Files\Java\jdk1.8.0_25\jre\bin\nio.dll
0x000007fef7610000 - 0x000007fef761a000 	C:\Users\Alfa\AppData\Local\Temp\jansi-64-6104990434595287382.dll
0x0000000073730000 - 0x000000007373d000 	C:\Program Files\Java\jdk1.8.0_25\jre\bin\management.dll
0x000007fefb260000 - 0x000007fefb267000 	C:\Windows\System32\wshtcpip.dll
0x000007fefb710000 - 0x000007fefb76b000 	C:\Windows\system32\DNSAPI.dll
0x000007fef67d0000 - 0x000007fef67d8000 	C:\Windows\system32\rasadhlp.dll
0x000007fef99e0000 - 0x000007fef9a33000 	C:\Windows\System32\fwpuclnt.dll
0x000007fef9d30000 - 0x000007fef9d45000 	C:\Windows\system32\NLAapi.dll
0x000007fef33e0000 - 0x000007fef33eb000 	C:\Windows\System32\winrnr.dll
0x000007fef2dc0000 - 0x000007fef2dd5000 	C:\Windows\system32\napinsp.dll
0x000007fef2da0000 - 0x000007fef2db9000 	C:\Windows\system32\pnrpnsp.dll
0x000007feefa30000 - 0x000007feefb55000 	C:\Windows\system32\dbghelp.dll

VM Arguments:
jvm_args: -Dfile.encoding=UTF-8 -Xmx768M -Xms64M -Dgrails.fork.parent.process.port=50220 -Dgrails.fork.active=true -Dgrails.build.execution.context=C:\Users\Alfa\AppData\Local\Temp\estate_management1262258762594291173grails-execution-context -Dgrails.home=D:\grails-2.4.4 -javaagent:D:\grails-2.4.4\lib\org.springframework\springloaded\jars\springloaded-1.2.1.RELEASE.jar -Xverify:none -Dspringloaded.synchronize=true -Djdk.reflect.allowGetCallerClass=true -Dspringloaded=profile=grails;cacheDir=C:\Users\Alfa\.grails\2.4.4 
java_command: org.grails.plugins.tomcat.fork.ForkedTomcatServer
java_class_path (initial): C:\Program Files\Java\jdk1.8.0_25\lib\tools.jar;D:\grails-2.4.4\lib\org.codehaus.groovy\groovy-all\jars\groovy-all-2.3.7.jar;D:\grails-2.4.4\lib\org.slf4j\jcl-over-slf4j\jars\jcl-over-slf4j-1.7.5.jar;D:\grails-2.4.4\lib\org.codehaus.gant\gant_groovy1.8\jars\gant_groovy1.8-1.9.6.jar;D:\grails-2.4.4\lib\org.apache.tomcat.embed\tomcat-embed-logging-log4j\jars\tomcat-embed-logging-log4j-7.0.50.jar;D:\grails-2.4.4\dist\grails-plugin-log4j-2.4.4.jar;D:\grails-2.4.4\lib\log4j\log4j\jars\log4j-1.2.17.jar;D:\grails-2.4.4\dist\grails-bootstrap-2.4.4.jar;D:\grails-2.4.4\lib\org.slf4j\slf4j-api\jars\slf4j-api-1.7.5.jar;D:\grails-2.4.4\lib\jline\jline\jars\jline-2.12.jar;D:\grails-2.4.4\lib\org.apache.ant\ant\jars\ant-1.8.4.jar;D:\grails-2.4.4\lib\org.apache.ant\ant-launcher\jars\ant-launcher-1.8.4.jar;D:\grails-2.4.4\lib\org.apache.ant\ant-trax\jars\ant-trax-1.7.1.jar;D:\grails-2.4.4\lib\org.apache.ant\ant-junit\jars\ant-junit-1.8.4.jar;D:\grails-2.4.4\lib\org.apache.ivy\ivy\jars\ivy-2.3.0.jar;D:\grails-2.4.4\lib\org.fusesource.jansi\jansi\jars\jansi-1.11.jar;C:\Users\Alfa\.m2\repository\org\apache\tomcat\tomcat-catalina-ant\7.0.55\tomcat-catalina-ant-7.0.55.jar;C:\Users\Alfa\.m2\repository\org\apache\tomcat\embed\tomcat-embed-jasper\7.0.55\tomcat-embed-jasper-7.0.55.jar;C:\Users\Alfa\.m2\repository\org\apache\tomcat\embed\tomcat-embed-el\7.0.55\tomcat-embed-el-7.0.55.jar;C:\Users\Alfa\.m2\repository\org\apache\tomcat\embed\tomcat-embed-logging-log4j\7.0.55\tomcat-embed-logging-log4j-7.0.55.jar;C:\Users\Alfa\.m2\repository\org\apache\tomcat\embed\tomcat-embed-websocket\7.0.55\tomcat-embed-websocket-7.0.55.jar;C:\Users\Alfa\.m2\repository\org\apache\tomcat\embed\tomcat-embed-core\7.0.55\tomcat-embed-core-7.0.55.jar;C:\Users\Alfa\.m2\repository\org\eclipse\jdt\core\compiler\ecj\3.7.2\ecj-3.7.2.jar;C:\Users\Alfa\Documents\workspace\estate_management\target\work\plugins\tomcat-7.0.55\grails-plugin-tomcat-7.0.55.jar;;D:\grails-2.4.4\lib\org.springframewo
Launcher Type: SUN_STANDARD

Environment Variables:
JAVA_HOME=C:\Program Files\Java\jdk1.8.0_25
PATH=C:/Program Files/Java/jre1.8.0_45/bin/server;C:/Program Files/Java/jre1.8.0_45/bin;C:/Program Files/Java/jre1.8.0_45/lib/amd64;C:\ProgramData\Oracle\Java\javapath;C:\Inprise\vbroker\bin;C:\Program Files (x86)\Borland\Delphi7\Bin;C:\Program Files (x86)\Borland\Delphi7\Projects\Bpl\;C:\Windows\system32;C:\Windows;C:\Windows\System32\Wbem;C:\Windows\System32\WindowsPowerShell\v1.0\;C:\Program Files (x86)\Toshiba\Bluetooth Toshiba Stack\sys\;C:\Program Files (x86)\Toshiba\Bluetooth Toshiba Stack\sys\x64\;C:\Users\Alfa\Desktop\eclipse\eclipse;
USERNAME=Alfa
OS=Windows_NT
PROCESSOR_IDENTIFIER=Intel64 Family 6 Model 42 Stepping 7, GenuineIntel



---------------  S Y S T E M  ---------------

OS: Windows 7 , 64 bit Build 7600 

CPU:total 3 (2 cores per cpu, 2 threads per core) family 6 model 42 stepping 7, cmov, cx8, fxsr, mmx, sse, sse2, sse3, ssse3, sse4.1, sse4.2, popcnt, clmul, ht, tsc, tscinvbit

Memory: 4k page, physical 4140912k(1534412k free), swap 8279928k(4566360k free)

vm_info: Java HotSpot(TM) 64-Bit Server VM (25.25-b02) for windows-amd64 JRE (1.8.0_25-b18), built on Oct  7 2014 14:25:37 by "java_re" with MS VC++ 10.0 (VS2010)

time: Mon Apr 20 13:52:51 2015
elapsed time: 337 seconds (0d 0h 5m 37s)

