#
# A fatal error has been detected by the Java Runtime Environment:
#
#  EXCEPTION_ACCESS_VIOLATION (0xc0000005) at pc=0x0000000005da7dfd, pid=4036, tid=6800
#
# JRE version: Java(TM) SE Runtime Environment (8.0_25-b18) (build 1.8.0_25-b18)
# Java VM: Java HotSpot(TM) 64-Bit Server VM (25.25-b02 mixed mode windows-amd64 compressed oops)
# Problematic frame:
# J 17460 C1 java.io.ObjectStreamClass$FieldReflector.getObjFieldValues(Ljava/lang/Object;[Ljava/lang/Object;)V (99 bytes) @ 0x0000000005da7dfd [0x0000000005da7cc0+0x13d]
#
# Failed to write core dump. Minidumps are not enabled by default on client versions of Windows
#
# If you would like to submit a bug report, please visit:
#   http://bugreport.sun.com/bugreport/crash.jsp
#

---------------  T H R E A D  ---------------

Current thread (0x000000005e598000):  JavaThread "localhost-startStop-2" daemon [_thread_in_Java, id=6800, stack(0x0000000070f70000,0x0000000071070000)]

siginfo: ExceptionCode=0xc0000005, reading address 0x0000000000000060

Registers:
RAX=0x0000000014832140, RBX=0x0000000000000038, RCX=0x00000000f4a18440, RDX=0x00000000f4a07a70
RSP=0x0000000071067bc0, RBP=0x00000000710683c8, RSI=0x0000000000000000, RDI=0x0000000013ec0f28
R8 =0x00000000f22a4570, R9 =0x00000000f4a18430, R10=0x0000000013fd98c8, R11=0x0000000000000028
R12=0x0000000000000000, R13=0x0000000000000002, R14=0x0000000071067ce8, R15=0x000000005e598000
RIP=0x0000000005da7dfd, EFLAGS=0x0000000000010283

Top of Stack: (sp=0x0000000071067bc0)
0x0000000071067bc0:   0000000013fd9ae8 00000000f49f7a40
0x0000000071067bd0:   00000000f22a4570 00000000f48aecd8
0x0000000071067be0:   00000000f343f2f0 00000000f48aecd8
0x0000000071067bf0:   000000007106c5a8 0000000000000000
0x0000000071067c00:   0000000057096e67 0000000000000030
0x0000000071067c10:   00000000710683c8 00000000049892bc
0x0000000071067c20:   000000005e598000 00000000000000bd
0x0000000071067c30:   0000000071067c98 0000000002a47790
0x0000000071067c40:   0000000002a47790 00000000f4a18418
0x0000000071067c50:   00000000f4a18330 0000000071067c58
0x0000000071067c60:   0000000057096e6a 0000000071067ce8
0x0000000071067c70:   000000005709a438 0000000073f644d0
0x0000000071067c80:   0000000057096eb0 00000000f22a4570
0x0000000071067c90:   00000000f49f7a40 00000000f343d498
0x0000000071067ca0:   0000000100000000 00000000f4a18430
0x0000000071067cb0:   0000000000000000 00000000f49fb278 

Instructions: (pc=0x0000000005da7dfd)
0x0000000005da7ddd:   e9 db 00 00 00 41 8b 79 08 8b 58 08 48 8b bf f0
0x0000000005da7ded:   00 00 00 48 3b df 0f 84 2a 00 00 00 44 8b 5f 0c
0x0000000005da7dfd:   4a 3b 3c 1b 0f 84 1c 00 00 00 41 83 fb 18 0f 85
0x0000000005da7e0d:   95 00 00 00 53 57 e8 c8 6d d9 fc 5b 5f 83 ff 00 


Register to memory mapping:

RAX=0x0000000014832140 is pointing into metadata
RBX=0x0000000000000038 is an unknown value
RCX=0x00000000f4a18440 is an oop

[error occurred during error reporting (printing register info), id 0xc0000005]

Stack: [0x0000000070f70000,0x0000000071070000],  sp=0x0000000071067bc0,  free space=990k
Native frames: (J=compiled Java code, j=interpreted, Vv=VM code, C=native code)
C  0x0000000005da7dfd


---------------  P R O C E S S  ---------------

Java Threads: ( => current thread )
=>0x000000005e598000 JavaThread "localhost-startStop-2" daemon [_thread_in_Java, id=6800, stack(0x0000000070f70000,0x0000000071070000)]
  0x0000000056a3f800 JavaThread "Tomcat-startStop-2" daemon [_thread_blocked, id=5980, stack(0x0000000060290000,0x0000000060390000)]
  0x0000000062d95800 JavaThread "Thread-10" daemon [_thread_in_native, id=6096, stack(0x000000006d6b0000,0x000000006d7b0000)]
  0x0000000056a5a800 JavaThread "http-bio-8080-exec-10" daemon [_thread_blocked, id=1296, stack(0x000000006cf80000,0x000000006d080000)]
  0x0000000056a5a000 JavaThread "http-bio-8080-exec-9" daemon [_thread_in_native, id=6948, stack(0x000000006cd10000,0x000000006ce10000)]
  0x0000000056a59000 JavaThread "http-bio-8080-exec-8" daemon [_thread_blocked, id=6688, stack(0x000000005dde0000,0x000000005dee0000)]
  0x0000000056a58800 JavaThread "http-bio-8080-exec-7" daemon [_thread_in_native, id=6484, stack(0x000000006c060000,0x000000006c160000)]
  0x0000000056a57800 JavaThread "http-bio-8080-exec-6" daemon [_thread_blocked, id=6252, stack(0x000000006c400000,0x000000006c500000)]
  0x0000000056a57000 JavaThread "http-bio-8080-exec-5" daemon [_thread_blocked, id=2800, stack(0x000000006cb70000,0x000000006cc70000)]
  0x0000000056a56000 JavaThread "http-bio-8080-exec-4" daemon [_thread_in_native, id=4232, stack(0x000000006c780000,0x000000006c880000)]
  0x0000000056a55800 JavaThread "DestroyJavaVM" [_thread_blocked, id=1172, stack(0x0000000002570000,0x0000000002670000)]
  0x0000000056a54800 JavaThread "Thread-8" [_thread_blocked, id=7108, stack(0x000000006c670000,0x000000006c770000)]
  0x0000000056a54000 JavaThread "http-bio-8080-exec-3" daemon [_thread_in_native, id=1120, stack(0x000000006c520000,0x000000006c620000)]
  0x0000000056a42800 JavaThread "http-bio-8080-exec-2" daemon [_thread_in_native, id=5280, stack(0x000000006c300000,0x000000006c400000)]
  0x0000000056a42000 JavaThread "http-bio-8080-exec-1" daemon [_thread_blocked, id=5524, stack(0x000000006bdf0000,0x000000006bef0000)]
  0x0000000056a41000 JavaThread "http-bio-8080-AsyncTimeout" daemon [_thread_blocked, id=6900, stack(0x000000006c160000,0x000000006c260000)]
  0x0000000056a40800 JavaThread "http-bio-8080-Acceptor-0" daemon [_thread_blocked, id=4320, stack(0x000000006bf10000,0x000000006c010000)]
  0x0000000056952000 JavaThread "FileSystemWatcher: files=#473 cl=groovy.lang.GroovyClassLoader@4f1bfe23" daemon [_thread_blocked, id=5356, stack(0x000000005a750000,0x000000005a850000)]
  0x0000000059aac800 JavaThread "Thread-3" [_thread_blocked, id=6020, stack(0x0000000058d70000,0x0000000058e70000)]
  0x00000000576ed800 JavaThread "Thread-2" [_thread_blocked, id=216, stack(0x0000000058a60000,0x0000000058b60000)]
  0x0000000056b6e000 JavaThread "NonBlockingInputStreamThread" daemon [_thread_blocked, id=2452, stack(0x00000000564a0000,0x00000000565a0000)]
  0x0000000055e61000 JavaThread "Service Thread" daemon [_thread_blocked, id=212, stack(0x0000000056350000,0x0000000056450000)]
  0x00000000548be000 JavaThread "C1 CompilerThread1" daemon [_thread_blocked, id=4412, stack(0x0000000056150000,0x0000000056250000)]
  0x00000000548bb000 JavaThread "C2 CompilerThread0" daemon [_thread_blocked, id=5680, stack(0x0000000055ff0000,0x00000000560f0000)]
  0x0000000054887800 JavaThread "Attach Listener" daemon [_thread_blocked, id=6592, stack(0x0000000055ad0000,0x0000000055bd0000)]
  0x0000000054886000 JavaThread "Signal Dispatcher" daemon [_thread_blocked, id=180, stack(0x00000000558b0000,0x00000000559b0000)]
  0x0000000054829000 JavaThread "Finalizer" daemon [_thread_blocked, id=6360, stack(0x0000000055630000,0x0000000055730000)]
  0x0000000054820000 JavaThread "Reference Handler" daemon [_thread_blocked, id=1584, stack(0x0000000055790000,0x0000000055890000)]

Other Threads:
  0x0000000054818000 VMThread [stack: 0x00000000554d0000,0x00000000555d0000] [id=4880]
  0x0000000055e64000 WatcherThread [stack: 0x00000000565c0000,0x00000000566c0000] [id=5196]

VM state:not at safepoint (normal execution)

VM Mutex/Monitor currently owned by a thread: None

Heap:
 PSYoungGen      total 230400K, used 98796K [0x00000000f0000000, 0x0000000100000000, 0x0000000100000000)
  eden space 200192K, 37% used [0x00000000f0000000,0x00000000f4a374b0,0x00000000fc380000)
  from space 30208K, 75% used [0x00000000fc380000,0x00000000fd9c3ea0,0x00000000fe100000)
  to   space 29696K, 0% used [0x00000000fe300000,0x00000000fe300000,0x0000000100000000)
 ParOldGen       total 276480K, used 212629K [0x00000000d0000000, 0x00000000e0e00000, 0x00000000f0000000)
  object space 276480K, 76% used [0x00000000d0000000,0x00000000dcfa55d8,0x00000000e0e00000)
 Metaspace       used 196015K, capacity 201322K, committed 201728K, reserved 1232896K
  class space    used 15635K, capacity 17070K, committed 17408K, reserved 1048576K

Card table byte_map: [0x0000000011e00000,0x0000000011f90000] byte_map_base: 0x0000000011780000

Marking Bits: (ParMarkBitMap*) 0x0000000060d7d490
 Begin Bits: [0x00000000126c0000, 0x00000000132c0000)
 End Bits:   [0x00000000132c0000, 0x0000000013ec0000)

Polling page: 0x0000000000230000

CodeCache: size=245760Kb used=52066Kb max_used=52429Kb free=193693Kb
 bounds [0x0000000002a40000, 0x0000000005dd0000, 0x0000000011a40000]
 total_blobs=13771 nmethods=12991 adapters=689
 compilation: enabled

Compilation events (10 events):
Event: 6730.616 Thread 0x00000000548be000 nmethod 17474 0x00000000055f2650 code [0x00000000055f2840, 0x00000000055f2fc8]
Event: 6730.617 Thread 0x00000000548bb000 nmethod 17472 0x000000000350fa90 code [0x000000000350fbe0, 0x000000000350fde8]
Event: 6730.617 Thread 0x00000000548be000 17475   !   3       sun.reflect.GeneratedMethodAccessor646::invoke (65 bytes)
Event: 6730.617 Thread 0x00000000548bb000 17476       4       java.io.ObjectOutputStream$BlockDataOutputStream::drain (45 bytes)
Event: 6730.617 Thread 0x00000000548be000 nmethod 17475 0x00000000055f1b50 code [0x00000000055f1d20, 0x00000000055f2328]
Event: 6730.620 Thread 0x00000000548be000 17477   !   3       java.io.ObjectStreamClass::invokeWriteObject (75 bytes)
Event: 6730.621 Thread 0x00000000548be000 nmethod 17477 0x00000000055f0f10 code [0x00000000055f10e0, 0x00000000055f1858]
Event: 6730.623 Thread 0x00000000548bb000 nmethod 17476 0x00000000055f0450 code [0x00000000055f05c0, 0x00000000055f0bd8]
Event: 6730.624 Thread 0x00000000548be000 17478   !   3       java.io.ObjectStreamClass::computeDefaultSUID (701 bytes)
Event: 6730.631 Thread 0x00000000548be000 nmethod 17478 0x00000000040dee90 code [0x00000000040df7a0, 0x00000000040e6438]

GC Heap History (10 events):
Event: 6381.350 GC heap before
{Heap before GC invocations=135 (full 6):
 PSYoungGen      total 227328K, used 219139K [0x00000000f0000000, 0x00000000ffd80000, 0x0000000100000000)
  eden space 195072K, 100% used [0x00000000f0000000,0x00000000fbe80000,0x00000000fbe80000)
  from space 32256K, 74% used [0x00000000fde00000,0x00000000ff580c00,0x00000000ffd80000)
  to   space 32256K, 0% used [0x00000000fbe80000,0x00000000fbe80000,0x00000000fde00000)
 ParOldGen       total 276480K, used 209354K [0x00000000d0000000, 0x00000000e0e00000, 0x00000000f0000000)
  object space 276480K, 75% used [0x00000000d0000000,0x00000000dcc72a08,0x00000000e0e00000)
 Metaspace       used 176409K, capacity 181182K, committed 182272K, reserved 1216512K
  class space    used 14439K, capacity 15741K, committed 16128K, reserved 1048576K
Event: 6381.413 GC heap after
Heap after GC invocations=135 (full 6):
 PSYoungGen      total 227328K, used 19814K [0x00000000f0000000, 0x0000000100000000, 0x0000000100000000)
  eden space 195072K, 0% used [0x00000000f0000000,0x00000000f0000000,0x00000000fbe80000)
  from space 32256K, 61% used [0x00000000fbe80000,0x00000000fd1d9ae0,0x00000000fde00000)
  to   space 32256K, 0% used [0x00000000fe080000,0x00000000fe080000,0x0000000100000000)
 ParOldGen       total 276480K, used 209602K [0x00000000d0000000, 0x00000000e0e00000, 0x00000000f0000000)
  object space 276480K, 75% used [0x00000000d0000000,0x00000000dccb0a48,0x00000000e0e00000)
 Metaspace       used 176409K, capacity 181182K, committed 182272K, reserved 1216512K
  class space    used 14439K, capacity 15741K, committed 16128K, reserved 1048576K
}
Event: 6405.305 GC heap before
{Heap before GC invocations=136 (full 6):
 PSYoungGen      total 227328K, used 214886K [0x00000000f0000000, 0x0000000100000000, 0x0000000100000000)
  eden space 195072K, 100% used [0x00000000f0000000,0x00000000fbe80000,0x00000000fbe80000)
  from space 32256K, 61% used [0x00000000fbe80000,0x00000000fd1d9ae0,0x00000000fde00000)
  to   space 32256K, 0% used [0x00000000fe080000,0x00000000fe080000,0x0000000100000000)
 ParOldGen       total 276480K, used 209602K [0x00000000d0000000, 0x00000000e0e00000, 0x00000000f0000000)
  object space 276480K, 75% used [0x00000000d0000000,0x00000000dccb0a48,0x00000000e0e00000)
 Metaspace       used 176730K, capacity 181502K, committed 182784K, reserved 1216512K
  class space    used 14454K, capacity 15741K, committed 16128K, reserved 1048576K
Event: 6405.330 GC heap after
Heap after GC invocations=136 (full 6):
 PSYoungGen      total 227840K, used 22348K [0x00000000f0000000, 0x00000000ffe00000, 0x0000000100000000)
  eden space 197632K, 0% used [0x00000000f0000000,0x00000000f0000000,0x00000000fc100000)
  from space 30208K, 73% used [0x00000000fe080000,0x00000000ff653200,0x00000000ffe00000)
  to   space 31232K, 0% used [0x00000000fc100000,0x00000000fc100000,0x00000000fdf80000)
 ParOldGen       total 276480K, used 210218K [0x00000000d0000000, 0x00000000e0e00000, 0x00000000f0000000)
  object space 276480K, 76% used [0x00000000d0000000,0x00000000dcd4aa48,0x00000000e0e00000)
 Metaspace       used 176730K, capacity 181502K, committed 182784K, reserved 1216512K
  class space    used 14454K, capacity 15741K, committed 16128K, reserved 1048576K
}
Event: 6503.544 GC heap before
{Heap before GC invocations=137 (full 6):
 PSYoungGen      total 227840K, used 219980K [0x00000000f0000000, 0x00000000ffe00000, 0x0000000100000000)
  eden space 197632K, 100% used [0x00000000f0000000,0x00000000fc100000,0x00000000fc100000)
  from space 30208K, 73% used [0x00000000fe080000,0x00000000ff653200,0x00000000ffe00000)
  to   space 31232K, 0% used [0x00000000fc100000,0x00000000fc100000,0x00000000fdf80000)
 ParOldGen       total 276480K, used 210218K [0x00000000d0000000, 0x00000000e0e00000, 0x00000000f0000000)
  object space 276480K, 76% used [0x00000000d0000000,0x00000000dcd4aa48,0x00000000e0e00000)
 Metaspace       used 181658K, capacity 186500K, committed 187648K, reserved 1220608K
  class space    used 14724K, capacity 16038K, committed 16384K, reserved 1048576K
Event: 6503.587 GC heap after
Heap after GC invocations=137 (full 6):
 PSYoungGen      total 228864K, used 21055K [0x00000000f0000000, 0x0000000100000000, 0x0000000100000000)
  eden space 197632K, 0% used [0x00000000f0000000,0x00000000f0000000,0x00000000fc100000)
  from space 31232K, 67% used [0x00000000fc100000,0x00000000fd58fc08,0x00000000fdf80000)
  to   space 30720K, 0% used [0x00000000fe200000,0x00000000fe200000,0x0000000100000000)
 ParOldGen       total 276480K, used 210466K [0x00000000d0000000, 0x00000000e0e00000, 0x00000000f0000000)
  object space 276480K, 76% used [0x00000000d0000000,0x00000000dcd88a88,0x00000000e0e00000)
 Metaspace       used 181658K, capacity 186500K, committed 187648K, reserved 1220608K
  class space    used 14724K, capacity 16038K, committed 16384K, reserved 1048576K
}
Event: 6598.613 GC heap before
{Heap before GC invocations=138 (full 6):
 PSYoungGen      total 228864K, used 218687K [0x00000000f0000000, 0x0000000100000000, 0x0000000100000000)
  eden space 197632K, 100% used [0x00000000f0000000,0x00000000fc100000,0x00000000fc100000)
  from space 31232K, 67% used [0x00000000fc100000,0x00000000fd58fc08,0x00000000fdf80000)
  to   space 30720K, 0% used [0x00000000fe200000,0x00000000fe200000,0x0000000100000000)
 ParOldGen       total 276480K, used 210466K [0x00000000d0000000, 0x00000000e0e00000, 0x00000000f0000000)
  object space 276480K, 76% used [0x00000000d0000000,0x00000000dcd88a88,0x00000000e0e00000)
 Metaspace       used 186048K, capacity 190942K, committed 192000K, reserved 1224704K
  class space    used 14971K, capacity 16299K, committed 16640K, reserved 1048576K
Event: 6598.644 GC heap after
Heap after GC invocations=138 (full 6):
 PSYoungGen      total 229376K, used 21340K [0x00000000f0000000, 0x00000000ffe80000, 0x0000000100000000)
  eden space 200192K, 0% used [0x00000000f0000000,0x00000000f0000000,0x00000000fc380000)
  from space 29184K, 73% used [0x00000000fe200000,0x00000000ff6d7058,0x00000000ffe80000)
  to   space 30208K, 0% used [0x00000000fc380000,0x00000000fc380000,0x00000000fe100000)
 ParOldGen       total 276480K, used 212333K [0x00000000d0000000, 0x00000000e0e00000, 0x00000000f0000000)
  object space 276480K, 76% used [0x00000000d0000000,0x00000000dcf5b598,0x00000000e0e00000)
 Metaspace       used 186048K, capacity 190942K, committed 192000K, reserved 1224704K
  class space    used 14971K, capacity 16299K, committed 16640K, reserved 1048576K
}
Event: 6648.731 GC heap before
{Heap before GC invocations=139 (full 6):
 PSYoungGen      total 229376K, used 221532K [0x00000000f0000000, 0x00000000ffe80000, 0x0000000100000000)
  eden space 200192K, 100% used [0x00000000f0000000,0x00000000fc380000,0x00000000fc380000)
  from space 29184K, 73% used [0x00000000fe200000,0x00000000ff6d7058,0x00000000ffe80000)
  to   space 30208K, 0% used [0x00000000fc380000,0x00000000fc380000,0x00000000fe100000)
 ParOldGen       total 276480K, used 212333K [0x00000000d0000000, 0x00000000e0e00000, 0x00000000f0000000)
  object space 276480K, 76% used [0x00000000d0000000,0x00000000dcf5b598,0x00000000e0e00000)
 Metaspace       used 190724K, capacity 195614K, committed 196736K, reserved 1228800K
  class space    used 15261K, capacity 16625K, committed 17024K, reserved 1048576K
Event: 6648.757 GC heap after
Heap after GC invocations=139 (full 6):
 PSYoungGen      total 230400K, used 22799K [0x00000000f0000000, 0x0000000100000000, 0x0000000100000000)
  eden space 200192K, 0% used [0x00000000f0000000,0x00000000f0000000,0x00000000fc380000)
  from space 30208K, 75% used [0x00000000fc380000,0x00000000fd9c3ea0,0x00000000fe100000)
  to   space 29696K, 0% used [0x00000000fe300000,0x00000000fe300000,0x0000000100000000)
 ParOldGen       total 276480K, used 212629K [0x00000000d0000000, 0x00000000e0e00000, 0x00000000f0000000)
  object space 276480K, 76% used [0x00000000d0000000,0x00000000dcfa55d8,0x00000000e0e00000)
 Metaspace       used 190724K, capacity 195614K, committed 196736K, reserved 1228800K
  class space    used 15261K, capacity 16625K, committed 17024K, reserved 1048576K
}

Deoptimization events (10 events):
Event: 6730.059 Thread 0x000000005e598000 Uncommon trap: reason=speculate_class_check action=maybe_recompile pc=0x0000000002d51afc method=java.util.concurrent.locks.ReentrantReadWriteLock$Sync.tryAcquireShared(I)I @ 33
Event: 6730.059 Thread 0x000000005e598000 Uncommon trap: reason=speculate_class_check action=maybe_recompile pc=0x0000000002d51afc method=java.util.concurrent.locks.ReentrantReadWriteLock$Sync.tryAcquireShared(I)I @ 33
Event: 6730.104 Thread 0x000000005e598000 Uncommon trap: reason=bimorphic action=maybe_recompile pc=0x0000000004db69a8 method=java.util.concurrent.ConcurrentHashMap.replaceNode(Ljava/lang/Object;Ljava/lang/Object;Ljava/lang/Object;)Ljava/lang/Object; @ 147
Event: 6730.105 Thread 0x000000005e598000 Uncommon trap: reason=bimorphic action=maybe_recompile pc=0x0000000004db69a8 method=java.util.concurrent.ConcurrentHashMap.replaceNode(Ljava/lang/Object;Ljava/lang/Object;Ljava/lang/Object;)Ljava/lang/Object; @ 147
Event: 6730.107 Thread 0x000000005e598000 Uncommon trap: reason=bimorphic action=maybe_recompile pc=0x0000000004db69a8 method=java.util.concurrent.ConcurrentHashMap.replaceNode(Ljava/lang/Object;Ljava/lang/Object;Ljava/lang/Object;)Ljava/lang/Object; @ 147
Event: 6730.219 Thread 0x000000005e598000 Uncommon trap: reason=bimorphic action=maybe_recompile pc=0x0000000005c7b4a8 method=java.util.ComparableTimSort.countRunAndMakeAscending([Ljava/lang/Object;II)I @ 105
Event: 6730.222 Thread 0x000000005e598000 Uncommon trap: reason=bimorphic action=maybe_recompile pc=0x0000000004db69a8 method=java.util.concurrent.ConcurrentHashMap.replaceNode(Ljava/lang/Object;Ljava/lang/Object;Ljava/lang/Object;)Ljava/lang/Object; @ 147
Event: 6730.223 Thread 0x000000005e598000 Uncommon trap: reason=bimorphic action=maybe_recompile pc=0x0000000005c7b4a8 method=java.util.ComparableTimSort.countRunAndMakeAscending([Ljava/lang/Object;II)I @ 105
Event: 6730.224 Thread 0x000000005e598000 Uncommon trap: reason=bimorphic action=maybe_recompile pc=0x0000000005c7b4a8 method=java.util.ComparableTimSort.countRunAndMakeAscending([Ljava/lang/Object;II)I @ 105
Event: 6730.319 Thread 0x000000005e598000 Uncommon trap: reason=bimorphic action=maybe_recompile pc=0x0000000005c7b4a8 method=java.util.ComparableTimSort.countRunAndMakeAscending([Ljava/lang/Object;II)I @ 105

Internal exceptions (10 events):
Event: 6730.614 Thread 0x000000005e598000 Exception <a 'java/lang/reflect/InvocationTargetException'> (0x00000000f496e078) thrown at [D:\re\workspace\8-2-build-windows-amd64-cygwin\jdk8u25\1677\hotspot\src\share\vm\runtime\reflection.cpp, line 1080]
Event: 6730.614 Thread 0x000000005e598000 Exception <a 'java/lang/reflect/InvocationTargetException'> (0x00000000f496fe50) thrown at [D:\re\workspace\8-2-build-windows-amd64-cygwin\jdk8u25\1677\hotspot\src\share\vm\runtime\reflection.cpp, line 1080]
Event: 6730.614 Thread 0x000000005e598000 Exception <a 'java/lang/reflect/InvocationTargetException'> (0x00000000f4971c28) thrown at [D:\re\workspace\8-2-build-windows-amd64-cygwin\jdk8u25\1677\hotspot\src\share\vm\runtime\reflection.cpp, line 1080]
Event: 6730.615 Thread 0x000000005e598000 Exception <a 'java/lang/reflect/InvocationTargetException'> (0x00000000f4977590) thrown at [D:\re\workspace\8-2-build-windows-amd64-cygwin\jdk8u25\1677\hotspot\src\share\vm\runtime\reflection.cpp, line 1080]
Event: 6730.615 Thread 0x000000005e598000 Exception <a 'java/lang/reflect/InvocationTargetException'> (0x00000000f497b130) thrown at [D:\re\workspace\8-2-build-windows-amd64-cygwin\jdk8u25\1677\hotspot\src\share\vm\runtime\reflection.cpp, line 1080]
Event: 6730.616 Thread 0x000000005e598000 Exception <a 'java/lang/reflect/InvocationTargetException'> (0x00000000f4985550) thrown at [D:\re\workspace\8-2-build-windows-amd64-cygwin\jdk8u25\1677\hotspot\src\share\vm\runtime\reflection.cpp, line 1080]
Event: 6730.620 Thread 0x000000005e598000 Exception <a 'java/lang/NoSuchMethodError': <clinit>> (0x00000000f49b85c8) thrown at [D:\re\workspace\8-2-build-windows-amd64-cygwin\jdk8u25\1677\hotspot\src\share\vm\prims\jni.cpp, line 1603]
Event: 6730.622 Thread 0x000000005e598000 Exception <a 'java/lang/NoSuchMethodError': <clinit>> (0x00000000f49d3688) thrown at [D:\re\workspace\8-2-build-windows-amd64-cygwin\jdk8u25\1677\hotspot\src\share\vm\prims\jni.cpp, line 1603]
Event: 6730.624 Thread 0x000000005e598000 Exception <a 'java/lang/NoSuchMethodError': <clinit>> (0x00000000f49ec7d0) thrown at [D:\re\workspace\8-2-build-windows-amd64-cygwin\jdk8u25\1677\hotspot\src\share\vm\prims\jni.cpp, line 1603]
Event: 6730.626 Thread 0x000000005e598000 Implicit null exception at 0x0000000005da7dfd to 0x0000000000000000

Events (10 events):
Event: 6730.519 Thread 0x00000000548be000 flushing nmethod 0x0000000004836f50
Event: 6730.525 loading class java/io/NotSerializableException
Event: 6730.525 loading class java/io/NotSerializableException done
Event: 6730.528 Thread 0x00000000548be000 flushing nmethod 0x0000000004cbca90
Event: 6730.548 Thread 0x00000000548be000 flushing nmethod 0x0000000005ca1490
Event: 6730.549 Thread 0x00000000548be000 flushing nmethod 0x0000000005da7790
Event: 6730.563 loading class com/vaadin/data/util/BeanItemContainer$1
Event: 6730.563 loading class com/vaadin/data/util/BeanItemContainer$1 done
Event: 6730.568 loading class com/vaadin/util/SerializerHelper
Event: 6730.568 loading class com/vaadin/util/SerializerHelper done


Dynamic libraries:
0x000000013f420000 - 0x000000013f454000 	C:\Program Files\Java\jdk1.8.0_25\bin\java.exe
0x0000000077c10000 - 0x0000000077dbb000 	C:\Windows\SYSTEM32\ntdll.dll
0x00000000779f0000 - 0x0000000077b0f000 	C:\Windows\system32\kernel32.dll
0x000007fefcc60000 - 0x000007fefcccb000 	C:\Windows\system32\KERNELBASE.dll
0x000007fefd340000 - 0x000007fefd41b000 	C:\Windows\system32\ADVAPI32.dll
0x000007fefedf0000 - 0x000007fefee8f000 	C:\Windows\system32\msvcrt.dll
0x000007fefd280000 - 0x000007fefd29f000 	C:\Windows\SYSTEM32\sechost.dll
0x000007fefda40000 - 0x000007fefdb6e000 	C:\Windows\system32\RPCRT4.dll
0x0000000077b10000 - 0x0000000077c0a000 	C:\Windows\system32\USER32.dll
0x000007fefd560000 - 0x000007fefd5c7000 	C:\Windows\system32\GDI32.dll
0x000007feff0d0000 - 0x000007feff0de000 	C:\Windows\system32\LPK.dll
0x000007fefec50000 - 0x000007fefed1a000 	C:\Windows\system32\USP10.dll
0x000007fefb7e0000 - 0x000007fefb9d4000 	C:\Windows\WinSxS\amd64_microsoft.windows.common-controls_6595b64144ccf1df_6.0.7600.16385_none_fa645303170382f6\COMCTL32.dll
0x000007fefd2a0000 - 0x000007fefd311000 	C:\Windows\system32\SHLWAPI.dll
0x000007fefdc50000 - 0x000007fefdc7e000 	C:\Windows\system32\IMM32.DLL
0x000007fefea10000 - 0x000007fefeb19000 	C:\Windows\system32\MSCTF.dll
0x00000000710f0000 - 0x00000000711c2000 	C:\Program Files\Java\jdk1.8.0_25\jre\bin\msvcr100.dll
0x00000000605a0000 - 0x0000000060dfa000 	C:\Program Files\Java\jdk1.8.0_25\jre\bin\server\jvm.dll
0x000007fef4000000 - 0x000007fef4009000 	C:\Windows\system32\WSOCK32.dll
0x000007fefee90000 - 0x000007fefeedd000 	C:\Windows\system32\WS2_32.dll
0x000007feff0e0000 - 0x000007feff0e8000 	C:\Windows\system32\NSI.dll
0x000007fef9c00000 - 0x000007fef9c3b000 	C:\Windows\system32\WINMM.dll
0x0000000077de0000 - 0x0000000077de7000 	C:\Windows\system32\PSAPI.DLL
0x0000000075870000 - 0x000000007587f000 	C:\Program Files\Java\jdk1.8.0_25\jre\bin\verify.dll
0x0000000074790000 - 0x00000000747b8000 	C:\Program Files\Java\jdk1.8.0_25\jre\bin\java.dll
0x0000000074760000 - 0x0000000074783000 	C:\Program Files\Java\jdk1.8.0_25\jre\bin\instrument.dll
0x0000000074740000 - 0x0000000074756000 	C:\Program Files\Java\jdk1.8.0_25\jre\bin\zip.dll
0x000007fefdc80000 - 0x000007fefea06000 	C:\Windows\system32\SHELL32.dll
0x000007fefd830000 - 0x000007fefda31000 	C:\Windows\system32\ole32.dll
0x000007fefcb60000 - 0x000007fefcb6f000 	C:\Windows\system32\profapi.dll
0x000007fefc3f0000 - 0x000007fefc407000 	C:\Windows\system32\CRYPTSP.dll
0x000007fefc0f0000 - 0x000007fefc137000 	C:\Windows\system32\rsaenh.dll
0x000007fefbea0000 - 0x000007fefbebe000 	C:\Windows\system32\USERENV.dll
0x000007fefca50000 - 0x000007fefca5f000 	C:\Windows\system32\CRYPTBASE.dll
0x0000000074720000 - 0x000000007473a000 	C:\Program Files\Java\jdk1.8.0_25\jre\bin\net.dll
0x000007fefc390000 - 0x000007fefc3e4000 	C:\Windows\system32\mswsock.dll
0x000007fefc380000 - 0x000007fefc387000 	C:\Windows\System32\wship6.dll
0x000007fefa650000 - 0x000007fefa677000 	C:\Windows\system32\IPHLPAPI.DLL
0x000007fefa640000 - 0x000007fefa64b000 	C:\Windows\system32\WINNSI.DLL
0x000007fefa4d0000 - 0x000007fefa4e8000 	C:\Windows\system32\dhcpcsvc.DLL
0x000007fefa300000 - 0x000007fefa311000 	C:\Windows\system32\dhcpcsvc6.DLL
0x0000000074700000 - 0x0000000074711000 	C:\Program Files\Java\jdk1.8.0_25\jre\bin\nio.dll
0x000007fefb7b0000 - 0x000007fefb7ba000 	C:\Users\Alfa\AppData\Local\Temp\jansi-64-5080789118400948926.dll
0x00000000746b0000 - 0x00000000746bd000 	C:\Program Files\Java\jdk1.8.0_25\jre\bin\management.dll
0x000007fefbda0000 - 0x000007fefbda7000 	C:\Windows\System32\wshtcpip.dll
0x000007fefc210000 - 0x000007fefc26b000 	C:\Windows\system32\DNSAPI.dll
0x000007fefada0000 - 0x000007fefada8000 	C:\Windows\system32\rasadhlp.dll
0x000007fefa570000 - 0x000007fefa5c3000 	C:\Windows\System32\fwpuclnt.dll
0x000007fefa980000 - 0x000007fefa995000 	C:\Windows\system32\NLAapi.dll
0x000007fef2260000 - 0x000007fef226b000 	C:\Windows\System32\winrnr.dll
0x000007fef2240000 - 0x000007fef2255000 	C:\Windows\system32\napinsp.dll
0x000007fef1ef0000 - 0x000007fef1f09000 	C:\Windows\system32\pnrpnsp.dll
0x000007feef420000 - 0x000007feef545000 	C:\Windows\system32\dbghelp.dll

VM Arguments:
jvm_args: -Dfile.encoding=UTF-8 -Xmx768M -Xms64M -Dgrails.fork.parent.process.port=50583 -Dgrails.fork.active=true -Dgrails.build.execution.context=C:\Users\Alfa\AppData\Local\Temp\estate_management4668944807006543623grails-execution-context -Dgrails.home=D:\grails-2.4.4 -javaagent:D:\grails-2.4.4\lib\org.springframework\springloaded\jars\springloaded-1.2.1.RELEASE.jar -Xverify:none -Dspringloaded.synchronize=true -Djdk.reflect.allowGetCallerClass=true -Dspringloaded=profile=grails;cacheDir=C:\Users\Alfa\.grails\2.4.4 
java_command: org.grails.plugins.tomcat.fork.ForkedTomcatServer
java_class_path (initial): C:\Program Files\Java\jdk1.8.0_25\lib\tools.jar;D:\grails-2.4.4\lib\org.codehaus.groovy\groovy-all\jars\groovy-all-2.3.7.jar;D:\grails-2.4.4\lib\org.slf4j\jcl-over-slf4j\jars\jcl-over-slf4j-1.7.5.jar;D:\grails-2.4.4\lib\org.codehaus.gant\gant_groovy1.8\jars\gant_groovy1.8-1.9.6.jar;D:\grails-2.4.4\lib\org.apache.tomcat.embed\tomcat-embed-logging-log4j\jars\tomcat-embed-logging-log4j-7.0.50.jar;D:\grails-2.4.4\dist\grails-plugin-log4j-2.4.4.jar;D:\grails-2.4.4\lib\log4j\log4j\jars\log4j-1.2.17.jar;D:\grails-2.4.4\dist\grails-bootstrap-2.4.4.jar;D:\grails-2.4.4\lib\org.slf4j\slf4j-api\jars\slf4j-api-1.7.5.jar;D:\grails-2.4.4\lib\jline\jline\jars\jline-2.12.jar;D:\grails-2.4.4\lib\org.apache.ant\ant\jars\ant-1.8.4.jar;D:\grails-2.4.4\lib\org.apache.ant\ant-launcher\jars\ant-launcher-1.8.4.jar;D:\grails-2.4.4\lib\org.apache.ant\ant-trax\jars\ant-trax-1.7.1.jar;D:\grails-2.4.4\lib\org.apache.ant\ant-junit\jars\ant-junit-1.8.4.jar;D:\grails-2.4.4\lib\org.apache.ivy\ivy\jars\ivy-2.3.0.jar;D:\grails-2.4.4\lib\org.fusesource.jansi\jansi\jars\jansi-1.11.jar;C:\Users\Alfa\.m2\repository\org\apache\tomcat\tomcat-catalina-ant\7.0.55\tomcat-catalina-ant-7.0.55.jar;C:\Users\Alfa\.m2\repository\org\apache\tomcat\embed\tomcat-embed-jasper\7.0.55\tomcat-embed-jasper-7.0.55.jar;C:\Users\Alfa\.m2\repository\org\apache\tomcat\embed\tomcat-embed-el\7.0.55\tomcat-embed-el-7.0.55.jar;C:\Users\Alfa\.m2\repository\org\apache\tomcat\embed\tomcat-embed-logging-log4j\7.0.55\tomcat-embed-logging-log4j-7.0.55.jar;C:\Users\Alfa\.m2\repository\org\apache\tomcat\embed\tomcat-embed-websocket\7.0.55\tomcat-embed-websocket-7.0.55.jar;C:\Users\Alfa\.m2\repository\org\apache\tomcat\embed\tomcat-embed-core\7.0.55\tomcat-embed-core-7.0.55.jar;C:\Users\Alfa\.m2\repository\org\eclipse\jdt\core\compiler\ecj\3.7.2\ecj-3.7.2.jar;C:\Users\Alfa\Documents\workspace\estate_management\target\work\plugins\tomcat-7.0.55\grails-plugin-tomcat-7.0.55.jar;;D:\grails-2.4.4\lib\org.springframewo
Launcher Type: SUN_STANDARD

Environment Variables:
JAVA_HOME=C:\Program Files\Java\jdk1.8.0_25
PATH=C:/Program Files/Java/jre1.8.0_25/bin/server;C:/Program Files/Java/jre1.8.0_25/bin;C:/Program Files/Java/jre1.8.0_25/lib/amd64;C:\ProgramData\Oracle\Java\javapath;C:\Inprise\vbroker\bin;C:\Program Files (x86)\Borland\Delphi7\Bin;C:\Program Files (x86)\Borland\Delphi7\Projects\Bpl\;C:\Windows\system32;C:\Windows;C:\Windows\System32\Wbem;C:\Windows\System32\WindowsPowerShell\v1.0\;C:\Program Files (x86)\Toshiba\Bluetooth Toshiba Stack\sys\;C:\Program Files (x86)\Toshiba\Bluetooth Toshiba Stack\sys\x64\;C:\Users\Alfa\Desktop\eclipse\eclipse;
USERNAME=Alfa
OS=Windows_NT
PROCESSOR_IDENTIFIER=Intel64 Family 6 Model 42 Stepping 7, GenuineIntel



---------------  S Y S T E M  ---------------

OS: Windows 7 , 64 bit Build 7600 

CPU:total 3 (2 cores per cpu, 2 threads per core) family 6 model 42 stepping 7, cmov, cx8, fxsr, mmx, sse, sse2, sse3, ssse3, sse4.1, sse4.2, popcnt, clmul, ht, tsc, tscinvbit

Memory: 4k page, physical 4140912k(989888k free), swap 8279928k(3382540k free)

vm_info: Java HotSpot(TM) 64-Bit Server VM (25.25-b02) for windows-amd64 JRE (1.8.0_25-b18), built on Oct  7 2014 14:25:37 by "java_re" with MS VC++ 10.0 (VS2010)

time: Tue Apr 14 13:43:47 2015
elapsed time: 6731 seconds (0d 1h 52m 11s)

