#
# A fatal error has been detected by the Java Runtime Environment:
#
#  EXCEPTION_ACCESS_VIOLATION (0xc0000005) at pc=0x0000000003e8e7fd, pid=5652, tid=6640
#
# JRE version: Java(TM) SE Runtime Environment (8.0_25-b18) (build 1.8.0_25-b18)
# Java VM: Java HotSpot(TM) 64-Bit Server VM (25.25-b02 mixed mode windows-amd64 compressed oops)
# Problematic frame:
# J 11193 C1 java.io.ObjectStreamClass$FieldReflector.getObjFieldValues(Ljava/lang/Object;[Ljava/lang/Object;)V (99 bytes) @ 0x0000000003e8e7fd [0x0000000003e8e6c0+0x13d]
#
# Failed to write core dump. Minidumps are not enabled by default on client versions of Windows
#
# If you would like to submit a bug report, please visit:
#   http://bugreport.sun.com/bugreport/crash.jsp
#

---------------  T H R E A D  ---------------

Current thread (0x0000000058454000):  JavaThread "localhost-startStop-2" daemon [_thread_in_Java, id=6640, stack(0x0000000058990000,0x0000000058a90000)]

siginfo: ExceptionCode=0xc0000005, reading address 0x0000000000000040

Registers:
RAX=0x0000000013d8b5e0, RBX=0x0000000000000018, RCX=0x00000000fb746c18, RDX=0x00000000fb734bd8
RSP=0x0000000058a89de0, RBP=0x0000000058a89f78, RSI=0x0000000000000000, RDI=0x0000000013d10f28
R8 =0x00000000f9e415e0, R9 =0x00000000fb746c08, R10=0x0000000013e29e18, R11=0x0000000000000028
R12=0x0000000000000000, R13=0x00000000faea6f90, R14=0x0000000058a89fc8, R15=0x0000000058454000
RIP=0x0000000003e8e7fd, EFLAGS=0x0000000000010287

Top of Stack: (sp=0x0000000058a89de0)
0x0000000058a89de0:   0000000058a8a478 00000000fb7286e8
0x0000000058a89df0:   00000000f9e415e0 00000000fafa6940
0x0000000058a89e00:   00000000faea8e08 00000000fafa6940
0x0000000058a89e10:   0000000058454000 0000000000000000
0x0000000058a89e20:   0000000058a89e88 00000000028a7790
0x0000000058a89e30:   0000000058a89f78 00000000032bd07c
0x0000000058a89e40:   00000000fb746b08 0000000058a89e48
0x0000000058a89e50:   0000000056e601d2 0000000058a89ed8
0x0000000058a89e60:   0000000056e637a0 000000006c9517e0
0x0000000058a89e70:   0000000056e60218 0000000000000000
0x0000000058a89e80:   0000000058a89ee0 0000000058a89f78
0x0000000058a89e90:   00000000044b8f84 00000000d9dff4d0
0x0000000058a89ea0:   00000000d9dff4d0 00000000f9e415e0
0x0000000058a89eb0:   00000000fb7286e8 00000000faea6f90
0x0000000058a89ec0:   0000000100000000 00000000fb746c08
0x0000000058a89ed0:   0000000000000000 00000000fb72b228 

Instructions: (pc=0x0000000003e8e7fd)
0x0000000003e8e7dd:   e9 db 00 00 00 41 8b 79 08 8b 58 08 48 8b bf f0
0x0000000003e8e7ed:   00 00 00 48 3b df 0f 84 2a 00 00 00 44 8b 5f 0c
0x0000000003e8e7fd:   4a 3b 3c 1b 0f 84 1c 00 00 00 41 83 fb 18 0f 85
0x0000000003e8e80d:   95 00 00 00 53 57 e8 c8 03 b1 fe 5b 5f 83 ff 00 


Register to memory mapping:

RAX=0x0000000013d8b5e0 is pointing into metadata
RBX=0x0000000000000018 is an unknown value
RCX=0x00000000fb746c18 is an oop

[error occurred during error reporting (printing register info), id 0xc0000005]

Stack: [0x0000000058990000,0x0000000058a90000],  sp=0x0000000058a89de0,  free space=999k
Native frames: (J=compiled Java code, j=interpreted, Vv=VM code, C=native code)
C  0x0000000003e8e7fd


---------------  P R O C E S S  ---------------

Java Threads: ( => current thread )
=>0x0000000058454000 JavaThread "localhost-startStop-2" daemon [_thread_in_Java, id=6640, stack(0x0000000058990000,0x0000000058a90000)]
  0x000000005b787000 JavaThread "Tomcat-startStop-2" daemon [_thread_blocked, id=6636, stack(0x000000006c830000,0x000000006c930000)]
  0x0000000063dc8000 JavaThread "http-bio-8080-exec-10" daemon [_thread_in_native, id=6072, stack(0x000000006bf30000,0x000000006c030000)]
  0x0000000063dc7800 JavaThread "http-bio-8080-exec-9" daemon [_thread_in_native, id=4424, stack(0x000000006bdf0000,0x000000006bef0000)]
  0x0000000063dc6800 JavaThread "http-bio-8080-exec-8" daemon [_thread_in_native, id=5476, stack(0x000000006bbb0000,0x000000006bcb0000)]
  0x0000000063dc6000 JavaThread "http-bio-8080-exec-7" daemon [_thread_blocked, id=3560, stack(0x000000005d020000,0x000000005d120000)]
  0x0000000063dc5000 JavaThread "http-bio-8080-exec-6" daemon [_thread_in_native, id=5876, stack(0x000000006b710000,0x000000006b810000)]
  0x0000000063dc4800 JavaThread "Thread-10" daemon [_thread_in_native, id=4648, stack(0x0000000067330000,0x0000000067430000)]
  0x0000000063dc3800 JavaThread "http-bio-8080-exec-5" daemon [_thread_in_native, id=5752, stack(0x000000006b830000,0x000000006b930000)]
  0x0000000063dc3000 JavaThread "http-bio-8080-exec-4" daemon [_thread_blocked, id=1212, stack(0x000000006b5b0000,0x000000006b6b0000)]
  0x0000000063dc2000 JavaThread "DestroyJavaVM" [_thread_blocked, id=4176, stack(0x0000000002360000,0x0000000002460000)]
  0x0000000063dc1000 JavaThread "Thread-8" [_thread_blocked, id=5984, stack(0x000000005d350000,0x000000005d450000)]
  0x000000005b78b000 JavaThread "http-bio-8080-exec-3" daemon [_thread_blocked, id=1176, stack(0x000000006af20000,0x000000006b020000)]
  0x000000005b78a800 JavaThread "http-bio-8080-exec-2" daemon [_thread_in_native, id=4680, stack(0x000000006b210000,0x000000006b310000)]
  0x000000005b789800 JavaThread "http-bio-8080-exec-1" daemon [_thread_blocked, id=4196, stack(0x000000006b030000,0x000000006b130000)]
  0x000000005b789000 JavaThread "http-bio-8080-AsyncTimeout" daemon [_thread_blocked, id=112, stack(0x0000000067120000,0x0000000067220000)]
  0x000000005b788000 JavaThread "http-bio-8080-Acceptor-0" daemon [_thread_blocked, id=5560, stack(0x0000000067530000,0x0000000067630000)]
  0x0000000055f29000 JavaThread "FileSystemWatcher: files=#278 cl=groovy.lang.GroovyClassLoader@5a18cd76" daemon [_thread_blocked, id=1224, stack(0x000000005a780000,0x000000005a880000)]
  0x00000000595f2000 JavaThread "Thread-3" [_thread_blocked, id=5092, stack(0x0000000056ea0000,0x0000000056fa0000)]
  0x00000000576e8000 JavaThread "Thread-2" [_thread_blocked, id=5904, stack(0x0000000057050000,0x0000000057150000)]
  0x0000000056858000 JavaThread "NonBlockingInputStreamThread" daemon [_thread_blocked, id=3956, stack(0x00000000572a0000,0x00000000573a0000)]
  0x0000000055f0d000 JavaThread "Service Thread" daemon [_thread_blocked, id=4488, stack(0x0000000056390000,0x0000000056490000)]
  0x0000000055dd0800 JavaThread "C1 CompilerThread1" daemon [_thread_blocked, id=1712, stack(0x0000000056180000,0x0000000056280000)]
  0x0000000055dda000 JavaThread "C2 CompilerThread0" daemon [_thread_blocked, id=5664, stack(0x0000000055860000,0x0000000055960000)]
  0x00000000546da800 JavaThread "Attach Listener" daemon [_thread_blocked, id=700, stack(0x0000000055b80000,0x0000000055c80000)]
  0x00000000546d9800 JavaThread "Signal Dispatcher" daemon [_thread_blocked, id=3992, stack(0x00000000559a0000,0x0000000055aa0000)]
  0x0000000054676800 JavaThread "Finalizer" daemon [_thread_blocked, id=704, stack(0x0000000055730000,0x0000000055830000)]
  0x0000000054673800 JavaThread "Reference Handler" daemon [_thread_blocked, id=4872, stack(0x0000000055440000,0x0000000055540000)]

Other Threads:
  0x000000005466b800 VMThread [stack: 0x0000000055560000,0x0000000055660000] [id=6084]
  0x0000000055f0e800 WatcherThread [stack: 0x0000000056290000,0x0000000056390000] [id=5768]

VM state:not at safepoint (normal execution)

VM Mutex/Monitor currently owned by a thread: None

Heap:
 PSYoungGen      total 231936K, used 196102K [0x00000000f0000000, 0x00000000ffc00000, 0x0000000100000000)
  eden space 206848K, 90% used [0x00000000f0000000,0x00000000fb770d48,0x00000000fca00000)
  from space 25088K, 32% used [0x00000000fca00000,0x00000000fd210ba8,0x00000000fe280000)
  to   space 23552K, 0% used [0x00000000fe500000,0x00000000fe500000,0x00000000ffc00000)
 ParOldGen       total 253952K, used 177698K [0x00000000d0000000, 0x00000000df800000, 0x00000000f0000000)
  object space 253952K, 69% used [0x00000000d0000000,0x00000000dad88920,0x00000000df800000)
 Metaspace       used 91862K, capacity 94896K, committed 95180K, reserved 1134592K
  class space    used 9555K, capacity 10442K, committed 10496K, reserved 1048576K

Card table byte_map: [0x0000000011c60000,0x0000000011df0000] byte_map_base: 0x00000000115e0000

Marking Bits: (ParMarkBitMap*) 0x0000000067edd490
 Begin Bits: [0x0000000012510000, 0x0000000013110000)
 End Bits:   [0x0000000013110000, 0x0000000013d10000)

Polling page: 0x0000000000230000

CodeCache: size=245760Kb used=32494Kb max_used=32494Kb free=213265Kb
 bounds [0x00000000028a0000, 0x0000000004910000, 0x00000000118a0000]
 total_blobs=9362 nmethods=8573 adapters=701
 compilation: enabled

Compilation events (10 events):
Event: 1843.432 Thread 0x0000000055dd0800 11198       3       java.io.ObjectOutputStream::writeString (74 bytes)
Event: 1843.433 Thread 0x0000000055dd0800 nmethod 11198 0x00000000031afe50 code [0x00000000031b0080, 0x00000000031b0898]
Event: 1843.433 Thread 0x0000000055dd0800 11199       1       java.io.ObjectStreamClass::getSuperDesc (5 bytes)
Event: 1843.433 Thread 0x0000000055dd0800 nmethod 11199 0x00000000043ae490 code [0x00000000043ae5e0, 0x00000000043ae6f0]
Event: 1843.435 Thread 0x0000000055dd0800 11200       3       java.security.Provider::ensureLegacyParsed (123 bytes)
Event: 1843.436 Thread 0x0000000055dd0800 nmethod 11200 0x00000000032b9b50 code [0x00000000032b9da0, 0x00000000032bab28]
Event: 1843.437 Thread 0x0000000055dd0800 11201  s    3       java.security.Provider::getService (92 bytes)
Event: 1843.437 Thread 0x0000000055dd0800 nmethod 11201 0x0000000003ff9c50 code [0x0000000003ff9e40, 0x0000000003ffa988]
Event: 1843.438 Thread 0x0000000055dd0800 11202       3       java.security.Provider$ServiceKey::matches (22 bytes)
Event: 1843.438 Thread 0x0000000055dd0800 nmethod 11202 0x0000000003ff9890 code [0x0000000003ff99e0, 0x0000000003ff9bd0]

GC Heap History (10 events):
Event: 957.721 GC heap before
{Heap before GC invocations=82 (full 5):
 PSYoungGen      total 227840K, used 209132K [0x00000000f0000000, 0x00000000ffc80000, 0x0000000100000000)
  eden space 196096K, 100% used [0x00000000f0000000,0x00000000fbf80000,0x00000000fbf80000)
  from space 31744K, 41% used [0x00000000fdd80000,0x00000000fea3b0e8,0x00000000ffc80000)
  to   space 30720K, 0% used [0x00000000fbf80000,0x00000000fbf80000,0x00000000fdd80000)
 ParOldGen       total 253952K, used 172168K [0x00000000d0000000, 0x00000000df800000, 0x00000000f0000000)
  object space 253952K, 67% used [0x00000000d0000000,0x00000000da822120,0x00000000df800000)
 Metaspace       used 89718K, capacity 92348K, committed 92620K, reserved 1132544K
  class space    used 9347K, capacity 10130K, committed 10240K, reserved 1048576K
Event: 957.867 GC heap after
Heap after GC invocations=82 (full 5):
 PSYoungGen      total 226816K, used 8772K [0x00000000f0000000, 0x00000000ffb00000, 0x0000000100000000)
  eden space 196096K, 0% used [0x00000000f0000000,0x00000000f0000000,0x00000000fbf80000)
  from space 30720K, 28% used [0x00000000fbf80000,0x00000000fc811358,0x00000000fdd80000)
  to   space 28672K, 0% used [0x00000000fdf00000,0x00000000fdf00000,0x00000000ffb00000)
 ParOldGen       total 253952K, used 174104K [0x00000000d0000000, 0x00000000df800000, 0x00000000f0000000)
  object space 253952K, 68% used [0x00000000d0000000,0x00000000daa06160,0x00000000df800000)
 Metaspace       used 89718K, capacity 92348K, committed 92620K, reserved 1132544K
  class space    used 9347K, capacity 10130K, committed 10240K, reserved 1048576K
}
Event: 1000.338 GC heap before
{Heap before GC invocations=83 (full 5):
 PSYoungGen      total 226816K, used 204868K [0x00000000f0000000, 0x00000000ffb00000, 0x0000000100000000)
  eden space 196096K, 100% used [0x00000000f0000000,0x00000000fbf80000,0x00000000fbf80000)
  from space 30720K, 28% used [0x00000000fbf80000,0x00000000fc811358,0x00000000fdd80000)
  to   space 28672K, 0% used [0x00000000fdf00000,0x00000000fdf00000,0x00000000ffb00000)
 ParOldGen       total 253952K, used 174104K [0x00000000d0000000, 0x00000000df800000, 0x00000000f0000000)
  object space 253952K, 68% used [0x00000000d0000000,0x00000000daa06160,0x00000000df800000)
 Metaspace       used 90019K, capacity 92668K, committed 92876K, reserved 1132544K
  class space    used 9359K, capacity 10130K, committed 10240K, reserved 1048576K
Event: 1000.393 GC heap after
Heap after GC invocations=83 (full 5):
 PSYoungGen      total 229376K, used 6108K [0x00000000f0000000, 0x00000000ffc00000, 0x0000000100000000)
  eden space 200704K, 0% used [0x00000000f0000000,0x00000000f0000000,0x00000000fc400000)
  from space 28672K, 21% used [0x00000000fdf00000,0x00000000fe4f71a8,0x00000000ffb00000)
  to   space 27648K, 0% used [0x00000000fc400000,0x00000000fc400000,0x00000000fdf00000)
 ParOldGen       total 253952K, used 176843K [0x00000000d0000000, 0x00000000df800000, 0x00000000f0000000)
  object space 253952K, 69% used [0x00000000d0000000,0x00000000dacb2d50,0x00000000df800000)
 Metaspace       used 90019K, capacity 92668K, committed 92876K, reserved 1132544K
  class space    used 9359K, capacity 10130K, committed 10240K, reserved 1048576K
}
Event: 1425.003 GC heap before
{Heap before GC invocations=84 (full 5):
 PSYoungGen      total 229376K, used 206812K [0x00000000f0000000, 0x00000000ffc00000, 0x0000000100000000)
  eden space 200704K, 100% used [0x00000000f0000000,0x00000000fc400000,0x00000000fc400000)
  from space 28672K, 21% used [0x00000000fdf00000,0x00000000fe4f71a8,0x00000000ffb00000)
  to   space 27648K, 0% used [0x00000000fc400000,0x00000000fc400000,0x00000000fdf00000)
 ParOldGen       total 253952K, used 176843K [0x00000000d0000000, 0x00000000df800000, 0x00000000f0000000)
  object space 253952K, 69% used [0x00000000d0000000,0x00000000dacb2d50,0x00000000df800000)
 Metaspace       used 90253K, capacity 92924K, committed 93132K, reserved 1132544K
  class space    used 9366K, capacity 10130K, committed 10240K, reserved 1048576K
Event: 1425.240 GC heap after
Heap after GC invocations=84 (full 5):
 PSYoungGen      total 228352K, used 7566K [0x00000000f0000000, 0x00000000ffc00000, 0x0000000100000000)
  eden space 200704K, 0% used [0x00000000f0000000,0x00000000f0000000,0x00000000fc400000)
  from space 27648K, 27% used [0x00000000fc400000,0x00000000fcb63b90,0x00000000fdf00000)
  to   space 26112K, 0% used [0x00000000fe280000,0x00000000fe280000,0x00000000ffc00000)
 ParOldGen       total 253952K, used 176843K [0x00000000d0000000, 0x00000000df800000, 0x00000000f0000000)
  object space 253952K, 69% used [0x00000000d0000000,0x00000000dacb2d50,0x00000000df800000)
 Metaspace       used 90253K, capacity 92924K, committed 93132K, reserved 1132544K
  class space    used 9366K, capacity 10130K, committed 10240K, reserved 1048576K
}
Event: 1433.767 GC heap before
{Heap before GC invocations=85 (full 5):
 PSYoungGen      total 228352K, used 208270K [0x00000000f0000000, 0x00000000ffc00000, 0x0000000100000000)
  eden space 200704K, 100% used [0x00000000f0000000,0x00000000fc400000,0x00000000fc400000)
  from space 27648K, 27% used [0x00000000fc400000,0x00000000fcb63b90,0x00000000fdf00000)
  to   space 26112K, 0% used [0x00000000fe280000,0x00000000fe280000,0x00000000ffc00000)
 ParOldGen       total 253952K, used 176843K [0x00000000d0000000, 0x00000000df800000, 0x00000000f0000000)
  object space 253952K, 69% used [0x00000000d0000000,0x00000000dacb2d50,0x00000000df800000)
 Metaspace       used 90417K, capacity 93058K, committed 93388K, reserved 1132544K
  class space    used 9373K, capacity 10131K, committed 10240K, reserved 1048576K
Event: 1437.847 GC heap after
Heap after GC invocations=85 (full 5):
 PSYoungGen      total 232960K, used 6966K [0x00000000f0000000, 0x00000000ffc80000, 0x0000000100000000)
  eden space 206848K, 0% used [0x00000000f0000000,0x00000000f0000000,0x00000000fca00000)
  from space 26112K, 26% used [0x00000000fe280000,0x00000000fe94d870,0x00000000ffc00000)
  to   space 25088K, 0% used [0x00000000fca00000,0x00000000fca00000,0x00000000fe280000)
 ParOldGen       total 253952K, used 176843K [0x00000000d0000000, 0x00000000df800000, 0x00000000f0000000)
  object space 253952K, 69% used [0x00000000d0000000,0x00000000dacb2d50,0x00000000df800000)
 Metaspace       used 90417K, capacity 93058K, committed 93388K, reserved 1132544K
  class space    used 9373K, capacity 10131K, committed 10240K, reserved 1048576K
}
Event: 1705.508 GC heap before
{Heap before GC invocations=86 (full 5):
 PSYoungGen      total 232960K, used 213814K [0x00000000f0000000, 0x00000000ffc80000, 0x0000000100000000)
  eden space 206848K, 100% used [0x00000000f0000000,0x00000000fca00000,0x00000000fca00000)
  from space 26112K, 26% used [0x00000000fe280000,0x00000000fe94d870,0x00000000ffc00000)
  to   space 25088K, 0% used [0x00000000fca00000,0x00000000fca00000,0x00000000fe280000)
 ParOldGen       total 253952K, used 176843K [0x00000000d0000000, 0x00000000df800000, 0x00000000f0000000)
  object space 253952K, 69% used [0x00000000d0000000,0x00000000dacb2d50,0x00000000df800000)
 Metaspace       used 90561K, capacity 93224K, committed 93388K, reserved 1132544K
  class space    used 9381K, capacity 10164K, committed 10240K, reserved 1048576K
Event: 1705.998 GC heap after
Heap after GC invocations=86 (full 5):
 PSYoungGen      total 231936K, used 8258K [0x00000000f0000000, 0x00000000ffc00000, 0x0000000100000000)
  eden space 206848K, 0% used [0x00000000f0000000,0x00000000f0000000,0x00000000fca00000)
  from space 25088K, 32% used [0x00000000fca00000,0x00000000fd210ba8,0x00000000fe280000)
  to   space 23552K, 0% used [0x00000000fe500000,0x00000000fe500000,0x00000000ffc00000)
 ParOldGen       total 253952K, used 177698K [0x00000000d0000000, 0x00000000df800000, 0x00000000f0000000)
  object space 253952K, 69% used [0x00000000d0000000,0x00000000dad88920,0x00000000df800000)
 Metaspace       used 90561K, capacity 93224K, committed 93388K, reserved 1132544K
  class space    used 9381K, capacity 10164K, committed 10240K, reserved 1048576K
}

Deoptimization events (10 events):
Event: 1818.658 Thread 0x0000000063dc6800 Uncommon trap: reason=array_check action=maybe_recompile pc=0x0000000002f5f15c method=java.util.TimSort.binarySort([Ljava/lang/Object;IIILjava/util/Comparator;)V @ 183
Event: 1818.692 Thread 0x0000000063dc6800 Uncommon trap: reason=bimorphic action=maybe_recompile pc=0x00000000035812d4 method=org.springsource.loaded.ri.ReflectiveInterceptor.jlClassGetMethod(Ljava/lang/Class;Ljava/lang/String;[Ljava/lang/Class;)Ljava/lang/reflect/Method; @ 45
Event: 1818.693 Thread 0x0000000063dc6800 Uncommon trap: reason=class_check action=maybe_recompile pc=0x000000000472147c method=org.springsource.loaded.ri.ReflectiveInterceptor.jlrMethodInvoke(Ljava/lang/reflect/Method;Ljava/lang/Object;[Ljava/lang/Object;)Ljava/lang/Object; @ 2204
Event: 1818.693 Thread 0x0000000063dc6800 Uncommon trap: reason=null_check action=make_not_entrant pc=0x0000000003cf8658 method=org.codehaus.groovy.util.AbstractConcurrentMap$Segment.getOrPut(Ljava/lang/Object;ILjava/lang/Object;)Lorg/codehaus/groovy/util/AbstractConcurrentMap$Entry; @ 82
Event: 1818.799 Thread 0x0000000063dc6800 Uncommon trap: reason=unreached action=reinterpret pc=0x00000000046ef218 method=sl.org.objectweb.asm.MethodWriter.a()I @ 119
Event: 1818.832 Thread 0x0000000063dc6800 Uncommon trap: reason=unreached action=reinterpret pc=0x00000000046fcda0 method=sl.org.objectweb.asm.MethodWriter.a(Lsl/org/objectweb/asm/ByteVector;)V @ 162
Event: 1835.657 Thread 0x0000000063dc5000 Uncommon trap: reason=class_check action=maybe_recompile pc=0x000000000472147c method=org.springsource.loaded.ri.ReflectiveInterceptor.jlrMethodInvoke(Ljava/lang/reflect/Method;Ljava/lang/Object;[Ljava/lang/Object;)Ljava/lang/Object; @ 2204
Event: 1842.064 Thread 0x0000000058454000 Uncommon trap: reason=speculate_class_check action=maybe_recompile pc=0x0000000004561a80 method=java.util.concurrent.locks.ReentrantReadWriteLock$Sync.tryAcquireShared(I)I @ 33
Event: 1842.099 Thread 0x0000000058454000 Uncommon trap: reason=speculate_class_check action=maybe_recompile pc=0x0000000004561a80 method=java.util.concurrent.locks.ReentrantReadWriteLock$Sync.tryAcquireShared(I)I @ 33
Event: 1842.331 Thread 0x0000000058454000 Uncommon trap: reason=null_check action=make_not_entrant pc=0x0000000004682ff0 method=org.springframework.util.ClassUtils.isAssignable(Ljava/lang/Class;Ljava/lang/Class;)Z @ 70

Internal exceptions (10 events):
Event: 1843.421 Thread 0x0000000058454000 Exception <a 'java/lang/NoSuchMethodError': <clinit>> (0x00000000fb61aa90) thrown at [D:\re\workspace\8-2-build-windows-amd64-cygwin\jdk8u25\1677\hotspot\src\share\vm\prims\jni.cpp, line 1603]
Event: 1843.425 Thread 0x0000000058454000 Exception <a 'java/lang/NoSuchMethodError': <clinit>> (0x00000000fb652f30) thrown at [D:\re\workspace\8-2-build-windows-amd64-cygwin\jdk8u25\1677\hotspot\src\share\vm\prims\jni.cpp, line 1603]
Event: 1843.429 Thread 0x0000000058454000 Exception <a 'java/lang/NoSuchMethodError': <clinit>> (0x00000000fb6a0518) thrown at [D:\re\workspace\8-2-build-windows-amd64-cygwin\jdk8u25\1677\hotspot\src\share\vm\prims\jni.cpp, line 1603]
Event: 1843.429 Thread 0x0000000058454000 Exception <a 'java/lang/NoSuchMethodError': <clinit>> (0x00000000fb6ad090) thrown at [D:\re\workspace\8-2-build-windows-amd64-cygwin\jdk8u25\1677\hotspot\src\share\vm\prims\jni.cpp, line 1603]
Event: 1843.431 Thread 0x0000000058454000 Exception <a 'java/lang/NoSuchMethodError': <clinit>> (0x00000000fb6b9a50) thrown at [D:\re\workspace\8-2-build-windows-amd64-cygwin\jdk8u25\1677\hotspot\src\share\vm\prims\jni.cpp, line 1603]
Event: 1843.433 Thread 0x0000000058454000 Exception <a 'java/lang/NoSuchMethodError': <clinit>> (0x00000000fb6ed490) thrown at [D:\re\workspace\8-2-build-windows-amd64-cygwin\jdk8u25\1677\hotspot\src\share\vm\prims\jni.cpp, line 1603]
Event: 1843.434 Thread 0x0000000058454000 Exception <a 'java/lang/NoSuchMethodError': <clinit>> (0x00000000fb6faed8) thrown at [D:\re\workspace\8-2-build-windows-amd64-cygwin\jdk8u25\1677\hotspot\src\share\vm\prims\jni.cpp, line 1603]
Event: 1843.435 Thread 0x0000000058454000 Exception <a 'java/lang/NoSuchMethodError': <clinit>> (0x00000000fb70e2d8) thrown at [D:\re\workspace\8-2-build-windows-amd64-cygwin\jdk8u25\1677\hotspot\src\share\vm\prims\jni.cpp, line 1603]
Event: 1843.437 Thread 0x0000000058454000 Exception <a 'java/lang/NoSuchMethodError': <clinit>> (0x00000000fb726e00) thrown at [D:\re\workspace\8-2-build-windows-amd64-cygwin\jdk8u25\1677\hotspot\src\share\vm\prims\jni.cpp, line 1603]
Event: 1843.438 Thread 0x0000000058454000 Implicit null exception at 0x0000000003e8e7fd to 0x0000000000000000

Events (10 events):
Event: 1843.204 Thread 0x0000000055dd0800 flushing nmethod 0x0000000004630010
Event: 1843.205 Thread 0x0000000055dd0800 flushing nmethod 0x000000000465c190
Event: 1843.210 Executing VM operation: BulkRevokeBias
Event: 1843.211 Executing VM operation: BulkRevokeBias done
Event: 1843.273 loading class com/vaadin/shared/ui/dd/DragEventType
Event: 1843.273 loading class com/vaadin/shared/ui/dd/DragEventType done
Event: 1843.314 Executing VM operation: RevokeBias
Event: 1843.314 Executing VM operation: RevokeBias done
Event: 1843.328 loading class com/vaadin/server/ServerRpcManager$RpcInvocationException
Event: 1843.328 loading class com/vaadin/server/ServerRpcManager$RpcInvocationException done


Dynamic libraries:
0x000000013fa50000 - 0x000000013fa84000 	C:\Program Files\Java\jdk1.8.0_25\bin\java.exe
0x0000000076f10000 - 0x00000000770bb000 	C:\Windows\SYSTEM32\ntdll.dll
0x0000000076df0000 - 0x0000000076f0f000 	C:\Windows\system32\kernel32.dll
0x000007fefc170000 - 0x000007fefc1db000 	C:\Windows\system32\KERNELBASE.dll
0x000007fefdb80000 - 0x000007fefdc5b000 	C:\Windows\system32\ADVAPI32.dll
0x000007fefdae0000 - 0x000007fefdb7f000 	C:\Windows\system32\msvcrt.dll
0x000007fefdec0000 - 0x000007fefdedf000 	C:\Windows\SYSTEM32\sechost.dll
0x000007fefdc80000 - 0x000007fefddae000 	C:\Windows\system32\RPCRT4.dll
0x0000000076cf0000 - 0x0000000076dea000 	C:\Windows\system32\USER32.dll
0x000007fefe170000 - 0x000007fefe1d7000 	C:\Windows\system32\GDI32.dll
0x000007fefe3d0000 - 0x000007fefe3de000 	C:\Windows\system32\LPK.dll
0x000007fefc750000 - 0x000007fefc81a000 	C:\Windows\system32\USP10.dll
0x000007fefa8e0000 - 0x000007fefaad4000 	C:\Windows\WinSxS\amd64_microsoft.windows.common-controls_6595b64144ccf1df_6.0.7600.16385_none_fa645303170382f6\COMCTL32.dll
0x000007fefe0f0000 - 0x000007fefe161000 	C:\Windows\system32\SHLWAPI.dll
0x000007fefc2c0000 - 0x000007fefc2ee000 	C:\Windows\system32\IMM32.DLL
0x000007fefddb0000 - 0x000007fefdeb9000 	C:\Windows\system32\MSCTF.dll
0x0000000072190000 - 0x0000000072262000 	C:\Program Files\Java\jdk1.8.0_25\jre\bin\msvcr100.dll
0x0000000067700000 - 0x0000000067f5a000 	C:\Program Files\Java\jdk1.8.0_25\jre\bin\server\jvm.dll
0x000007fef6510000 - 0x000007fef6519000 	C:\Windows\system32\WSOCK32.dll
0x000007fefc820000 - 0x000007fefc86d000 	C:\Windows\system32\WS2_32.dll
0x000007fefe3e0000 - 0x000007fefe3e8000 	C:\Windows\system32\NSI.dll
0x000007fef8ca0000 - 0x000007fef8cdb000 	C:\Windows\system32\WINMM.dll
0x00000000770d0000 - 0x00000000770d7000 	C:\Windows\system32\PSAPI.DLL
0x0000000074490000 - 0x000000007449f000 	C:\Program Files\Java\jdk1.8.0_25\jre\bin\verify.dll
0x0000000073970000 - 0x0000000073998000 	C:\Program Files\Java\jdk1.8.0_25\jre\bin\java.dll
0x00000000739a0000 - 0x00000000739c3000 	C:\Program Files\Java\jdk1.8.0_25\jre\bin\instrument.dll
0x0000000073950000 - 0x0000000073966000 	C:\Program Files\Java\jdk1.8.0_25\jre\bin\zip.dll
0x000007fefc870000 - 0x000007fefd5f6000 	C:\Windows\system32\SHELL32.dll
0x000007fefc540000 - 0x000007fefc741000 	C:\Windows\system32\ole32.dll
0x000007fefbe60000 - 0x000007fefbe6f000 	C:\Windows\system32\profapi.dll
0x000007fefb920000 - 0x000007fefb937000 	C:\Windows\system32\CRYPTSP.dll
0x000007fefb430000 - 0x000007fefb477000 	C:\Windows\system32\rsaenh.dll
0x000007fefb1b0000 - 0x000007fefb1ce000 	C:\Windows\system32\USERENV.dll
0x000007fefbd90000 - 0x000007fefbd9f000 	C:\Windows\system32\CRYPTBASE.dll
0x0000000073b10000 - 0x0000000073b2a000 	C:\Program Files\Java\jdk1.8.0_25\jre\bin\net.dll
0x000007fefb6d0000 - 0x000007fefb724000 	C:\Windows\system32\mswsock.dll
0x000007fefb6c0000 - 0x000007fefb6c7000 	C:\Windows\System32\wship6.dll
0x000007fef9990000 - 0x000007fef99b7000 	C:\Windows\system32\IPHLPAPI.DLL
0x000007fef9980000 - 0x000007fef998b000 	C:\Windows\system32\WINNSI.DLL
0x000007fef9720000 - 0x000007fef9738000 	C:\Windows\system32\dhcpcsvc.DLL
0x000007fef9700000 - 0x000007fef9711000 	C:\Windows\system32\dhcpcsvc6.DLL
0x0000000073910000 - 0x0000000073921000 	C:\Program Files\Java\jdk1.8.0_25\jre\bin\nio.dll
0x000007fef2f10000 - 0x000007fef2f1a000 	C:\Users\Alfa\AppData\Local\Temp\jansi-64-352501434329604629.dll
0x0000000071640000 - 0x000000007164d000 	C:\Program Files\Java\jdk1.8.0_25\jre\bin\management.dll
0x000007fefb0a0000 - 0x000007fefb0a7000 	C:\Windows\System32\wshtcpip.dll
0x000007fefb550000 - 0x000007fefb5ab000 	C:\Windows\system32\DNSAPI.dll
0x000007fef8d40000 - 0x000007fef8d48000 	C:\Windows\system32\rasadhlp.dll
0x000007fef97c0000 - 0x000007fef9813000 	C:\Windows\System32\fwpuclnt.dll
0x000007fefa790000 - 0x000007fefa7a5000 	C:\Windows\system32\NLAapi.dll
0x000007fef7db0000 - 0x000007fef7dbb000 	C:\Windows\System32\winrnr.dll
0x000007fef7d90000 - 0x000007fef7da5000 	C:\Windows\system32\napinsp.dll
0x000007fef7d70000 - 0x000007fef7d89000 	C:\Windows\system32\pnrpnsp.dll
0x000007feef130000 - 0x000007feef255000 	C:\Windows\system32\dbghelp.dll

VM Arguments:
jvm_args: -Dfile.encoding=UTF-8 -Xmx768M -Xms64M -Dgrails.fork.parent.process.port=49612 -Dgrails.fork.active=true -Dgrails.build.execution.context=C:\Users\Alfa\AppData\Local\Temp\estate_management6503900661157186175grails-execution-context -Dgrails.home=D:\grails-2.4.4 -javaagent:D:\grails-2.4.4\lib\org.springframework\springloaded\jars\springloaded-1.2.1.RELEASE.jar -Xverify:none -Dspringloaded.synchronize=true -Djdk.reflect.allowGetCallerClass=true -Dspringloaded=profile=grails;cacheDir=C:\Users\Alfa\.grails\2.4.4 
java_command: org.grails.plugins.tomcat.fork.ForkedTomcatServer
java_class_path (initial): C:\Program Files\Java\jdk1.8.0_25\lib\tools.jar;D:\grails-2.4.4\lib\org.codehaus.groovy\groovy-all\jars\groovy-all-2.3.7.jar;D:\grails-2.4.4\lib\org.slf4j\jcl-over-slf4j\jars\jcl-over-slf4j-1.7.5.jar;D:\grails-2.4.4\lib\org.codehaus.gant\gant_groovy1.8\jars\gant_groovy1.8-1.9.6.jar;D:\grails-2.4.4\lib\org.apache.tomcat.embed\tomcat-embed-logging-log4j\jars\tomcat-embed-logging-log4j-7.0.50.jar;D:\grails-2.4.4\dist\grails-plugin-log4j-2.4.4.jar;D:\grails-2.4.4\lib\log4j\log4j\jars\log4j-1.2.17.jar;D:\grails-2.4.4\dist\grails-bootstrap-2.4.4.jar;D:\grails-2.4.4\lib\org.slf4j\slf4j-api\jars\slf4j-api-1.7.5.jar;D:\grails-2.4.4\lib\jline\jline\jars\jline-2.12.jar;D:\grails-2.4.4\lib\org.apache.ant\ant\jars\ant-1.8.4.jar;D:\grails-2.4.4\lib\org.apache.ant\ant-launcher\jars\ant-launcher-1.8.4.jar;D:\grails-2.4.4\lib\org.apache.ant\ant-trax\jars\ant-trax-1.7.1.jar;D:\grails-2.4.4\lib\org.apache.ant\ant-junit\jars\ant-junit-1.8.4.jar;D:\grails-2.4.4\lib\org.apache.ivy\ivy\jars\ivy-2.3.0.jar;D:\grails-2.4.4\lib\org.fusesource.jansi\jansi\jars\jansi-1.11.jar;C:\Users\Alfa\.m2\repository\org\apache\tomcat\tomcat-catalina-ant\7.0.55\tomcat-catalina-ant-7.0.55.jar;C:\Users\Alfa\.m2\repository\org\apache\tomcat\embed\tomcat-embed-jasper\7.0.55\tomcat-embed-jasper-7.0.55.jar;C:\Users\Alfa\.m2\repository\org\apache\tomcat\embed\tomcat-embed-el\7.0.55\tomcat-embed-el-7.0.55.jar;C:\Users\Alfa\.m2\repository\org\apache\tomcat\embed\tomcat-embed-logging-log4j\7.0.55\tomcat-embed-logging-log4j-7.0.55.jar;C:\Users\Alfa\.m2\repository\org\apache\tomcat\embed\tomcat-embed-websocket\7.0.55\tomcat-embed-websocket-7.0.55.jar;C:\Users\Alfa\.m2\repository\org\apache\tomcat\embed\tomcat-embed-core\7.0.55\tomcat-embed-core-7.0.55.jar;C:\Users\Alfa\.m2\repository\org\eclipse\jdt\core\compiler\ecj\3.7.2\ecj-3.7.2.jar;C:\Users\Alfa\Documents\workspace\estate_management\target\work\plugins\tomcat-7.0.55\grails-plugin-tomcat-7.0.55.jar;;D:\grails-2.4.4\lib\org.springframewo
Launcher Type: SUN_STANDARD

Environment Variables:
JAVA_HOME=C:\Program Files\Java\jdk1.8.0_25
PATH=C:/Program Files/Java/jre1.8.0_25/bin/server;C:/Program Files/Java/jre1.8.0_25/bin;C:/Program Files/Java/jre1.8.0_25/lib/amd64;C:\ProgramData\Oracle\Java\javapath;C:\Inprise\vbroker\bin;C:\Program Files (x86)\Borland\Delphi7\Bin;C:\Program Files (x86)\Borland\Delphi7\Projects\Bpl\;C:\Windows\system32;C:\Windows;C:\Windows\System32\Wbem;C:\Windows\System32\WindowsPowerShell\v1.0\;C:\Program Files (x86)\Toshiba\Bluetooth Toshiba Stack\sys\;C:\Program Files (x86)\Toshiba\Bluetooth Toshiba Stack\sys\x64\;C:\Users\Alfa\Desktop\eclipse\eclipse;
USERNAME=Alfa
OS=Windows_NT
PROCESSOR_IDENTIFIER=Intel64 Family 6 Model 42 Stepping 7, GenuineIntel



---------------  S Y S T E M  ---------------

OS: Windows 7 , 64 bit Build 7600 

CPU:total 3 (2 cores per cpu, 2 threads per core) family 6 model 42 stepping 7, cmov, cx8, fxsr, mmx, sse, sse2, sse3, ssse3, sse4.1, sse4.2, popcnt, clmul, ht, tsc, tscinvbit

Memory: 4k page, physical 4140912k(1606372k free), swap 8279928k(4384880k free)

vm_info: Java HotSpot(TM) 64-Bit Server VM (25.25-b02) for windows-amd64 JRE (1.8.0_25-b18), built on Oct  7 2014 14:25:37 by "java_re" with MS VC++ 10.0 (VS2010)

time: Tue Mar 31 09:43:07 2015
elapsed time: 1844 seconds (0d 0h 30m 44s)

