#
# A fatal error has been detected by the Java Runtime Environment:
#
#  EXCEPTION_ACCESS_VIOLATION (0xc0000005) at pc=0x0000000005960f66, pid=6084, tid=3268
#
# JRE version: Java(TM) SE Runtime Environment (8.0_25-b18) (build 1.8.0_25-b18)
# Java VM: Java HotSpot(TM) 64-Bit Server VM (25.25-b02 mixed mode windows-amd64 compressed oops)
# Problematic frame:
# J 16504 C1 java.io.ObjectStreamClass$FieldReflector.getObjFieldValues(Ljava/lang/Object;[Ljava/lang/Object;)V (99 bytes) @ 0x0000000005960f66 [0x0000000005960e40+0x126]
#
# Failed to write core dump. Minidumps are not enabled by default on client versions of Windows
#
# If you would like to submit a bug report, please visit:
#   http://bugreport.sun.com/bugreport/crash.jsp
#

---------------  T H R E A D  ---------------

Current thread (0x00000000581f2800):  JavaThread "localhost-startStop-2" daemon [_thread_in_Java, id=3268, stack(0x000000006ef80000,0x000000006f080000)]

siginfo: ExceptionCode=0xc0000005, reading address 0x000000009d58da4f

Registers:
RAX=0x000000009d58da47, RBX=0x0000000000000060, RCX=0x00000000f4fe7a38, RDX=0x00000000f4460270
RSP=0x000000006f07cf90, RBP=0x000000006f07d128, RSI=0x0000000000000000, RDI=0x0000000013b9f280
R8 =0x00000000fc2c4928, R9 =0x00000000f4fe7a28, R10=0x0000000013caaad0, R11=0x00000000f4454830
R12=0x0000000000000000, R13=0x00000000f3fdd098, R14=0x000000006f07d178, R15=0x00000000581f2800
RIP=0x0000000005960f66, EFLAGS=0x0000000000010206

Top of Stack: (sp=0x000000006f07cf90)
0x000000006f07cf90:   000000006f07cfe8 00000000f443bd20
0x000000006f07cfa0:   00000000fc2c4928 00000000f40c4440
0x000000006f07cfb0:   00000000f3fdeef0 00000000f40c4440
0x000000006f07cfc0:   000000006f07d128 0000000000000000
0x000000006f07cfd0:   0000000000000001 00000000f49750b0
0x000000006f07cfe0:   000000006f07d128 000000000593a3bc
0x000000006f07cff0:   00000000f48a6c48 000000006f07cff8
0x000000006f07d000:   0000000056e11c9a 000000006f07d088
0x000000006f07d010:   0000000056e15268 0000000058241a10
0x000000006f07d020:   0000000056e11ce0 0000000000000000
0x000000006f07d030:   000000006f07d090 000000006f07d128
0x000000006f07d040:   0000000002cb3644 00000000d40d1970
0x000000006f07d050:   00000000d40d1970 00000000fc2c4928
0x000000006f07d060:   00000000f443bd20 00000000f3fdd098
0x000000006f07d070:   0000000900000000 00000000f4fe7a28
0x000000006f07d080:   0000001000000000 00000000f4454830 

Instructions: (pc=0x0000000005960f66)
0x0000000005960f46:   00 75 19 48 bb f0 61 67 72 00 00 00 00 81 8b c0
0x0000000005960f56:   01 00 00 00 01 00 00 e9 db 00 00 00 41 8b 79 08
0x0000000005960f66:   8b 58 08 48 8b bf f0 00 00 00 48 3b df 0f 84 2a
0x0000000005960f76:   00 00 00 44 8b 5f 0c 4a 3b 3c 1b 0f 84 1c 00 00 


Register to memory mapping:

RAX=0x000000009d58da47 is an unknown value
RBX=0x0000000000000060 is an unknown value
RCX=0x00000000f4fe7a38 is an oop

[error occurred during error reporting (printing register info), id 0xc0000005]

Stack: [0x000000006ef80000,0x000000006f080000],  sp=0x000000006f07cf90,  free space=1011k
Native frames: (J=compiled Java code, j=interpreted, Vv=VM code, C=native code)
C  0x0000000005960f66


---------------  P R O C E S S  ---------------

Java Threads: ( => current thread )
=>0x00000000581f2800 JavaThread "localhost-startStop-2" daemon [_thread_in_Java, id=3268, stack(0x000000006ef80000,0x000000006f080000)]
  0x00000000581f4000 JavaThread "Tomcat-startStop-2" daemon [_thread_blocked, id=6392, stack(0x0000000060fe0000,0x00000000610e0000)]
  0x00000000605d9000 JavaThread "http-bio-8080-exec-10" daemon [_thread_blocked, id=3604, stack(0x000000005d490000,0x000000005d590000)]
  0x00000000564dd000 JavaThread "http-bio-8080-exec-9" daemon [_thread_blocked, id=6588, stack(0x000000006b860000,0x000000006b960000)]
  0x00000000564dc000 JavaThread "http-bio-8080-exec-8" daemon [_thread_blocked, id=6244, stack(0x000000006bcf0000,0x000000006bdf0000)]
  0x00000000564db800 JavaThread "http-bio-8080-exec-7" daemon [_thread_blocked, id=6316, stack(0x000000006bbe0000,0x000000006bce0000)]
  0x00000000564da800 JavaThread "http-bio-8080-exec-6" daemon [_thread_in_native, id=4708, stack(0x000000006b9c0000,0x000000006bac0000)]
  0x00000000564da000 JavaThread "http-bio-8080-exec-5" daemon [_thread_in_native, id=2808, stack(0x000000006b750000,0x000000006b850000)]
  0x00000000564d9000 JavaThread "http-bio-8080-exec-4" daemon [_thread_in_native, id=5440, stack(0x000000006b5f0000,0x000000006b6f0000)]
  0x00000000564d8800 JavaThread "Thread-10" daemon [_thread_in_native, id=6284, stack(0x000000006b4d0000,0x000000006b5d0000)]
  0x00000000564d7800 JavaThread "http-bio-8080-exec-3" daemon [_thread_blocked, id=6852, stack(0x000000006b1d0000,0x000000006b2d0000)]
  0x00000000564d7000 JavaThread "DestroyJavaVM" [_thread_blocked, id=5528, stack(0x00000000023e0000,0x00000000024e0000)]
  0x00000000564d6000 JavaThread "Thread-8" [_thread_blocked, id=6236, stack(0x0000000061220000,0x0000000061320000)]
  0x00000000581f7000 JavaThread "http-bio-8080-exec-2" daemon [_thread_blocked, id=5516, stack(0x000000006b000000,0x000000006b100000)]
  0x00000000581f6800 JavaThread "http-bio-8080-exec-1" daemon [_thread_blocked, id=6064, stack(0x000000005bdc0000,0x000000005bec0000)]
  0x00000000581f5800 JavaThread "http-bio-8080-AsyncTimeout" daemon [_thread_blocked, id=6332, stack(0x000000006abf0000,0x000000006acf0000)]
  0x00000000581f5000 JavaThread "http-bio-8080-Acceptor-0" daemon [_thread_blocked, id=6120, stack(0x000000006ae90000,0x000000006af90000)]
  0x00000000572b1000 JavaThread "FileSystemWatcher: files=#553 cl=groovy.lang.GroovyClassLoader@3e7dd664" daemon [_thread_blocked, id=6720, stack(0x0000000057060000,0x0000000057160000)]
  0x000000005784b000 JavaThread "Thread-3" [_thread_blocked, id=5888, stack(0x0000000059eb0000,0x0000000059fb0000)]
  0x0000000057886000 JavaThread "Thread-2" [_thread_in_native, id=2832, stack(0x0000000058860000,0x0000000058960000)]
  0x0000000056928800 JavaThread "NonBlockingInputStreamThread" daemon [_thread_blocked, id=5808, stack(0x0000000057160000,0x0000000057260000)]
  0x0000000055dbe800 JavaThread "Service Thread" daemon [_thread_blocked, id=5576, stack(0x00000000561b0000,0x00000000562b0000)]
  0x0000000055d1d800 JavaThread "C1 CompilerThread1" daemon [_thread_blocked, id=5188, stack(0x0000000055fe0000,0x00000000560e0000)]
  0x0000000055d1b000 JavaThread "C2 CompilerThread0" daemon [_thread_blocked, id=5508, stack(0x0000000055520000,0x0000000055620000)]
  0x0000000054559800 JavaThread "Attach Listener" daemon [_thread_blocked, id=2872, stack(0x0000000055ad0000,0x0000000055bd0000)]
  0x0000000054558800 JavaThread "Signal Dispatcher" daemon [_thread_blocked, id=6744, stack(0x00000000558c0000,0x00000000559c0000)]
  0x00000000544f9000 JavaThread "Finalizer" daemon [_thread_blocked, id=6544, stack(0x0000000055690000,0x0000000055790000)]
  0x00000000544f0000 JavaThread "Reference Handler" daemon [_thread_blocked, id=5380, stack(0x00000000552f0000,0x00000000553f0000)]

Other Threads:
  0x00000000544e8000 VMThread [stack: 0x0000000055400000,0x0000000055500000] [id=6480]
  0x0000000055dc0800 WatcherThread [stack: 0x0000000056340000,0x0000000056440000] [id=5128]

VM state:not at safepoint (normal execution)

VM Mutex/Monitor currently owned by a thread: None

Heap:
 PSYoungGen      total 225280K, used 104213K [0x00000000f0000000, 0x00000000ffe00000, 0x0000000100000000)
  eden space 195584K, 41% used [0x00000000f0000000,0x00000000f4ff7010,0x00000000fbf00000)
  from space 29696K, 75% used [0x00000000fbf00000,0x00000000fd4ce720,0x00000000fdc00000)
  to   space 30208K, 0% used [0x00000000fe080000,0x00000000fe080000,0x00000000ffe00000)
 ParOldGen       total 286208K, used 198780K [0x00000000d0000000, 0x00000000e1780000, 0x00000000f0000000)
  object space 286208K, 69% used [0x00000000d0000000,0x00000000dc21f200,0x00000000e1780000)
 Metaspace       used 185187K, capacity 190776K, committed 192600K, reserved 1224704K
  class space    used 14642K, capacity 16264K, committed 17024K, reserved 1048576K

Card table byte_map: [0x0000000011b70000,0x0000000011d00000] byte_map_base: 0x00000000114f0000

Marking Bits: (ParMarkBitMap*) 0x0000000061afd490
 Begin Bits: [0x0000000012210000, 0x0000000012e10000)
 End Bits:   [0x0000000012e10000, 0x0000000013a10000)

Polling page: 0x0000000000330000

CodeCache: size=245760Kb used=50819Kb max_used=50839Kb free=194940Kb
 bounds [0x00000000027b0000, 0x00000000059b0000, 0x00000000117b0000]
 total_blobs=13212 nmethods=12433 adapters=689
 compilation: enabled

Compilation events (10 events):
Event: 3352.577 Thread 0x0000000055d1d800 nmethod 16537 0x0000000005980050 code [0x0000000005980220, 0x00000000059808e8]
Event: 3352.578 Thread 0x0000000055d1b000 16538       4       java.util.TimSort::sort (229 bytes)
Event: 3352.584 Thread 0x0000000055d1d800 16539       3       java.io.ObjectStreamClass::getClassSignature (242 bytes)
Event: 3352.588 Thread 0x0000000055d1d800 nmethod 16539 0x0000000005988890 code [0x0000000005988d60, 0x000000000598c2b8]
Event: 3352.589 Thread 0x0000000055d1d800 16540       3       sun.security.provider.ByteArrayAccess::i2bBig (204 bytes)
Event: 3352.589 Thread 0x0000000055d1d800 nmethod 16540 0x000000000597f850 code [0x000000000597f9e0, 0x000000000597fe48]
Event: 3352.590 Thread 0x0000000055d1d800 16542   !   3       java.io.ObjectStreamClass::computeDefaultSUID (701 bytes)
Event: 3352.604 Thread 0x0000000055d1d800 nmethod 16542 0x000000000598e010 code [0x000000000598e920, 0x00000000059955b8]
Event: 3352.604 Thread 0x0000000055d1d800 16541       1       java.io.ObjectStreamClass::access$000 (5 bytes)
Event: 3352.604 Thread 0x0000000055d1d800 nmethod 16541 0x000000000597a4d0 code [0x000000000597a620, 0x000000000597a710]

GC Heap History (10 events):
Event: 3250.230 GC heap before
{Heap before GC invocations=135 (full 6):
 PSYoungGen      total 219136K, used 206336K [0x00000000f0000000, 0x00000000ff400000, 0x0000000100000000)
  eden space 187904K, 100% used [0x00000000f0000000,0x00000000fb780000,0x00000000fb780000)
  from space 31232K, 59% used [0x00000000fd500000,0x00000000fe700000,0x00000000ff380000)
  to   space 30208K, 0% used [0x00000000fb780000,0x00000000fb780000,0x00000000fd500000)
 ParOldGen       total 286208K, used 197322K [0x00000000d0000000, 0x00000000e1780000, 0x00000000f0000000)
  object space 286208K, 68% used [0x00000000d0000000,0x00000000dc0b2a20,0x00000000e1780000)
 Metaspace       used 168339K, capacity 173362K, committed 176216K, reserved 1210368K
  class space    used 13644K, capacity 15117K, committed 16000K, reserved 1048576K
Event: 3250.267 GC heap after
Heap after GC invocations=135 (full 6):
 PSYoungGen      total 218112K, used 20300K [0x00000000f0000000, 0x00000000ff680000, 0x0000000100000000)
  eden space 187904K, 0% used [0x00000000f0000000,0x00000000f0000000,0x00000000fb780000)
  from space 30208K, 67% used [0x00000000fb780000,0x00000000fcb53198,0x00000000fd500000)
  to   space 30208K, 0% used [0x00000000fd900000,0x00000000fd900000,0x00000000ff680000)
 ParOldGen       total 286208K, used 197482K [0x00000000d0000000, 0x00000000e1780000, 0x00000000f0000000)
  object space 286208K, 68% used [0x00000000d0000000,0x00000000dc0daa20,0x00000000e1780000)
 Metaspace       used 168339K, capacity 173362K, committed 176216K, reserved 1210368K
  class space    used 13644K, capacity 15117K, committed 16000K, reserved 1048576K
}
Event: 3256.229 GC heap before
{Heap before GC invocations=136 (full 6):
 PSYoungGen      total 218112K, used 208204K [0x00000000f0000000, 0x00000000ff680000, 0x0000000100000000)
  eden space 187904K, 100% used [0x00000000f0000000,0x00000000fb780000,0x00000000fb780000)
  from space 30208K, 67% used [0x00000000fb780000,0x00000000fcb53198,0x00000000fd500000)
  to   space 30208K, 0% used [0x00000000fd900000,0x00000000fd900000,0x00000000ff680000)
 ParOldGen       total 286208K, used 197482K [0x00000000d0000000, 0x00000000e1780000, 0x00000000f0000000)
  object space 286208K, 68% used [0x00000000d0000000,0x00000000dc0daa20,0x00000000e1780000)
 Metaspace       used 172225K, capacity 177254K, committed 180056K, reserved 1212416K
  class space    used 13854K, capacity 15345K, committed 16256K, reserved 1048576K
Event: 3256.273 GC heap after
Heap after GC invocations=136 (full 6):
 PSYoungGen      total 222208K, used 21219K [0x00000000f0000000, 0x00000000ff680000, 0x0000000100000000)
  eden space 192000K, 0% used [0x00000000f0000000,0x00000000f0000000,0x00000000fbb80000)
  from space 30208K, 70% used [0x00000000fd900000,0x00000000fedb8fe8,0x00000000ff680000)
  to   space 30208K, 0% used [0x00000000fbb80000,0x00000000fbb80000,0x00000000fd900000)
 ParOldGen       total 286208K, used 197754K [0x00000000d0000000, 0x00000000e1780000, 0x00000000f0000000)
  object space 286208K, 69% used [0x00000000d0000000,0x00000000dc11ea60,0x00000000e1780000)
 Metaspace       used 172225K, capacity 177254K, committed 180056K, reserved 1212416K
  class space    used 13854K, capacity 15345K, committed 16256K, reserved 1048576K
}
Event: 3283.085 GC heap before
{Heap before GC invocations=137 (full 6):
 PSYoungGen      total 222208K, used 213219K [0x00000000f0000000, 0x00000000ff680000, 0x0000000100000000)
  eden space 192000K, 100% used [0x00000000f0000000,0x00000000fbb80000,0x00000000fbb80000)
  from space 30208K, 70% used [0x00000000fd900000,0x00000000fedb8fe8,0x00000000ff680000)
  to   space 30208K, 0% used [0x00000000fbb80000,0x00000000fbb80000,0x00000000fd900000)
 ParOldGen       total 286208K, used 197754K [0x00000000d0000000, 0x00000000e1780000, 0x00000000f0000000)
  object space 286208K, 69% used [0x00000000d0000000,0x00000000dc11ea60,0x00000000e1780000)
 Metaspace       used 176222K, capacity 181286K, committed 183896K, reserved 1216512K
  class space    used 14076K, capacity 15617K, committed 16512K, reserved 1048576K
Event: 3283.113 GC heap after
Heap after GC invocations=137 (full 6):
 PSYoungGen      total 222208K, used 22884K [0x00000000f0000000, 0x00000000ffb00000, 0x0000000100000000)
  eden space 192000K, 0% used [0x00000000f0000000,0x00000000f0000000,0x00000000fbb80000)
  from space 30208K, 75% used [0x00000000fbb80000,0x00000000fd1d93a8,0x00000000fd900000)
  to   space 30720K, 0% used [0x00000000fdd00000,0x00000000fdd00000,0x00000000ffb00000)
 ParOldGen       total 286208K, used 198170K [0x00000000d0000000, 0x00000000e1780000, 0x00000000f0000000)
  object space 286208K, 69% used [0x00000000d0000000,0x00000000dc186aa0,0x00000000e1780000)
 Metaspace       used 176222K, capacity 181286K, committed 183896K, reserved 1216512K
  class space    used 14076K, capacity 15617K, committed 16512K, reserved 1048576K
}
Event: 3299.848 GC heap before
{Heap before GC invocations=138 (full 6):
 PSYoungGen      total 222208K, used 214884K [0x00000000f0000000, 0x00000000ffb00000, 0x0000000100000000)
  eden space 192000K, 100% used [0x00000000f0000000,0x00000000fbb80000,0x00000000fbb80000)
  from space 30208K, 75% used [0x00000000fbb80000,0x00000000fd1d93a8,0x00000000fd900000)
  to   space 30720K, 0% used [0x00000000fdd00000,0x00000000fdd00000,0x00000000ffb00000)
 ParOldGen       total 286208K, used 198170K [0x00000000d0000000, 0x00000000e1780000, 0x00000000f0000000)
  object space 286208K, 69% used [0x00000000d0000000,0x00000000dc186aa0,0x00000000e1780000)
 Metaspace       used 180289K, capacity 185458K, committed 188248K, reserved 1220608K
  class space    used 14300K, capacity 15851K, committed 16768K, reserved 1048576K
Event: 3299.917 GC heap after
Heap after GC invocations=138 (full 6):
 PSYoungGen      total 224256K, used 19337K [0x00000000f0000000, 0x00000000ff900000, 0x0000000100000000)
  eden space 195584K, 0% used [0x00000000f0000000,0x00000000f0000000,0x00000000fbf00000)
  from space 28672K, 67% used [0x00000000fdd00000,0x00000000fefe26b0,0x00000000ff900000)
  to   space 29696K, 0% used [0x00000000fbf00000,0x00000000fbf00000,0x00000000fdc00000)
 ParOldGen       total 286208K, used 198548K [0x00000000d0000000, 0x00000000e1780000, 0x00000000f0000000)
  object space 286208K, 69% used [0x00000000d0000000,0x00000000dc1e51c0,0x00000000e1780000)
 Metaspace       used 180289K, capacity 185458K, committed 188248K, reserved 1220608K
  class space    used 14300K, capacity 15851K, committed 16768K, reserved 1048576K
}
Event: 3335.825 GC heap before
{Heap before GC invocations=139 (full 6):
 PSYoungGen      total 224256K, used 214921K [0x00000000f0000000, 0x00000000ff900000, 0x0000000100000000)
  eden space 195584K, 100% used [0x00000000f0000000,0x00000000fbf00000,0x00000000fbf00000)
  from space 28672K, 67% used [0x00000000fdd00000,0x00000000fefe26b0,0x00000000ff900000)
  to   space 29696K, 0% used [0x00000000fbf00000,0x00000000fbf00000,0x00000000fdc00000)
 ParOldGen       total 286208K, used 198548K [0x00000000d0000000, 0x00000000e1780000, 0x00000000f0000000)
  object space 286208K, 69% used [0x00000000d0000000,0x00000000dc1e51c0,0x00000000e1780000)
 Metaspace       used 180301K, capacity 185464K, committed 188248K, reserved 1220608K
  class space    used 14301K, capacity 15852K, committed 16768K, reserved 1048576K
Event: 3336.198 GC heap after
Heap after GC invocations=139 (full 6):
 PSYoungGen      total 225280K, used 22329K [0x00000000f0000000, 0x00000000ffe00000, 0x0000000100000000)
  eden space 195584K, 0% used [0x00000000f0000000,0x00000000f0000000,0x00000000fbf00000)
  from space 29696K, 75% used [0x00000000fbf00000,0x00000000fd4ce720,0x00000000fdc00000)
  to   space 30208K, 0% used [0x00000000fe080000,0x00000000fe080000,0x00000000ffe00000)
 ParOldGen       total 286208K, used 198780K [0x00000000d0000000, 0x00000000e1780000, 0x00000000f0000000)
  object space 286208K, 69% used [0x00000000d0000000,0x00000000dc21f200,0x00000000e1780000)
 Metaspace       used 180301K, capacity 185464K, committed 188248K, reserved 1220608K
  class space    used 14301K, capacity 15852K, committed 16768K, reserved 1048576K
}

Deoptimization events (10 events):
Event: 3343.528 Thread 0x00000000581f2800 Uncommon trap: reason=bimorphic action=maybe_recompile pc=0x00000000053207cc method=java.util.regex.Pattern$CharProperty$1.isSatisfiedBy(I)Z @ 5
Event: 3343.815 Thread 0x00000000581f2800 Uncommon trap: reason=speculate_class_check action=maybe_recompile pc=0x00000000031ad5ac method=java.util.concurrent.locks.ReentrantReadWriteLock$Sync.tryAcquireShared(I)I @ 33
Event: 3343.815 Thread 0x00000000581f2800 Uncommon trap: reason=speculate_class_check action=maybe_recompile pc=0x00000000031ad5ac method=java.util.concurrent.locks.ReentrantReadWriteLock$Sync.tryAcquireShared(I)I @ 33
Event: 3350.629 Thread 0x00000000581f2800 Uncommon trap: reason=unreached action=reinterpret pc=0x00000000038d48e4 method=org.hibernate.service.internal.ConcurrentServiceBinding$Node.get(Ljava/lang/Object;I)Ljava/lang/Object; @ 55
Event: 3350.644 Thread 0x00000000581f2800 Uncommon trap: reason=unreached action=reinterpret pc=0x00000000049bc144 method=org.hibernate.service.internal.ConcurrentServiceBinding$Node.get(Ljava/lang/Object;I)Ljava/lang/Object; @ 55
Event: 3350.663 Thread 0x00000000581f2800 Uncommon trap: reason=class_check action=maybe_recompile pc=0x0000000003f574cc method=java.util.HashSet.clear()V @ 4
Event: 3351.565 Thread 0x00000000581f2800 Uncommon trap: reason=speculate_class_check action=maybe_recompile pc=0x0000000003a1a6bc method=java.util.concurrent.locks.ReentrantReadWriteLock$Sync.tryAcquireShared(I)I @ 33
Event: 3351.565 Thread 0x00000000581f2800 Uncommon trap: reason=speculate_class_check action=maybe_recompile pc=0x0000000003a1a6bc method=java.util.concurrent.locks.ReentrantReadWriteLock$Sync.tryAcquireShared(I)I @ 33
Event: 3352.464 Thread 0x00000000581f2800 Uncommon trap: reason=predicate action=maybe_recompile pc=0x00000000059731f8 method=java.util.TimSort.reverseRange([Ljava/lang/Object;II)V @ 8
Event: 3352.584 Thread 0x00000000581f2800 Uncommon trap: reason=unreached action=reinterpret pc=0x000000000595e298 method=java.io.ObjectStreamClass.getClassSignature(Ljava/lang/Class;)Ljava/lang/String; @ 143

Internal exceptions (10 events):
Event: 3352.576 Thread 0x00000000581f2800 Exception <a 'java/lang/NoSuchMethodError': <clinit>> (0x00000000f4ed8fd8) thrown at [D:\re\workspace\8-2-build-windows-amd64-cygwin\jdk8u25\1677\hotspot\src\share\vm\prims\jni.cpp, line 1603]
Event: 3352.577 Thread 0x00000000581f2800 Exception <a 'java/lang/NoSuchMethodError': <clinit>> (0x00000000f4ee5408) thrown at [D:\re\workspace\8-2-build-windows-amd64-cygwin\jdk8u25\1677\hotspot\src\share\vm\prims\jni.cpp, line 1603]
Event: 3352.578 Thread 0x00000000581f2800 Exception <a 'java/lang/NoSuchMethodError': <clinit>> (0x00000000f4f00370) thrown at [D:\re\workspace\8-2-build-windows-amd64-cygwin\jdk8u25\1677\hotspot\src\share\vm\prims\jni.cpp, line 1603]
Event: 3352.580 Thread 0x00000000581f2800 Exception <a 'java/lang/NoSuchMethodError': <clinit>> (0x00000000f4f25880) thrown at [D:\re\workspace\8-2-build-windows-amd64-cygwin\jdk8u25\1677\hotspot\src\share\vm\prims\jni.cpp, line 1603]
Event: 3352.583 Thread 0x00000000581f2800 Exception <a 'java/lang/NoSuchMethodError': <clinit>> (0x00000000f4f7c150) thrown at [D:\re\workspace\8-2-build-windows-amd64-cygwin\jdk8u25\1677\hotspot\src\share\vm\prims\jni.cpp, line 1603]
Event: 3352.584 Thread 0x00000000581f2800 Exception <a 'java/lang/NoSuchMethodError': <clinit>> (0x00000000f4f81bb0) thrown at [D:\re\workspace\8-2-build-windows-amd64-cygwin\jdk8u25\1677\hotspot\src\share\vm\prims\jni.cpp, line 1603]
Event: 3352.584 Thread 0x00000000581f2800 Exception <a 'java/lang/NoSuchMethodError': <clinit>> (0x00000000f4f86988) thrown at [D:\re\workspace\8-2-build-windows-amd64-cygwin\jdk8u25\1677\hotspot\src\share\vm\prims\jni.cpp, line 1603]
Event: 3352.584 Thread 0x00000000581f2800 Exception <a 'java/lang/NoSuchMethodError': <clinit>> (0x00000000f4f8b6e8) thrown at [D:\re\workspace\8-2-build-windows-amd64-cygwin\jdk8u25\1677\hotspot\src\share\vm\prims\jni.cpp, line 1603]
Event: 3352.587 Thread 0x00000000581f2800 Exception <a 'java/lang/NoSuchMethodError': <clinit>> (0x00000000f4fbd890) thrown at [D:\re\workspace\8-2-build-windows-amd64-cygwin\jdk8u25\1677\hotspot\src\share\vm\prims\jni.cpp, line 1603]
Event: 3352.590 Thread 0x00000000581f2800 Exception <a 'java/lang/NoSuchMethodError': <clinit>> (0x00000000f4fe4d70) thrown at [D:\re\workspace\8-2-build-windows-amd64-cygwin\jdk8u25\1677\hotspot\src\share\vm\prims\jni.cpp, line 1603]

Events (10 events):
Event: 3352.464 Thread 0x00000000581f2800 Uncommon trap: trap_request=0xffffff86 fr.pc=0x00000000059731f8
Event: 3352.464 Thread 0x00000000581f2800 DEOPT PACKING pc=0x00000000059731f8 sp=0x000000006f078760
Event: 3352.464 Thread 0x00000000581f2800 DEOPT UNPACKING pc=0x00000000027f556a sp=0x000000006f078648 mode 2
Event: 3352.468 Executing VM operation: RevokeBias
Event: 3352.468 Executing VM operation: RevokeBias done
Event: 3352.479 Thread 0x00000000581f2800 DEOPT PACKING pc=0x0000000005920e5d sp=0x000000006f07b8d0
Event: 3352.479 Thread 0x00000000581f2800 DEOPT UNPACKING pc=0x00000000027f71bf sp=0x000000006f07b610 mode 0
Event: 3352.584 Thread 0x00000000581f2800 Uncommon trap: trap_request=0xffffffad fr.pc=0x000000000595e298
Event: 3352.584 Thread 0x00000000581f2800 DEOPT PACKING pc=0x000000000595e298 sp=0x000000006f075b00
Event: 3352.584 Thread 0x00000000581f2800 DEOPT UNPACKING pc=0x00000000027f556a sp=0x000000006f075b00 mode 2


Dynamic libraries:
0x000000013f890000 - 0x000000013f8c4000 	C:\Program Files\Java\jdk1.8.0_25\bin\java.exe
0x0000000077980000 - 0x0000000077b2b000 	C:\Windows\SYSTEM32\ntdll.dll
0x0000000077760000 - 0x000000007787f000 	C:\Windows\system32\kernel32.dll
0x000007fefcc30000 - 0x000007fefcc9b000 	C:\Windows\system32\KERNELBASE.dll
0x000007fefdbd0000 - 0x000007fefdcab000 	C:\Windows\system32\ADVAPI32.dll
0x000007fefe6e0000 - 0x000007fefe77f000 	C:\Windows\system32\msvcrt.dll
0x000007fefe0d0000 - 0x000007fefe0ef000 	C:\Windows\SYSTEM32\sechost.dll
0x000007fefdfa0000 - 0x000007fefe0ce000 	C:\Windows\system32\RPCRT4.dll
0x0000000077880000 - 0x000000007797a000 	C:\Windows\system32\USER32.dll
0x000007fefda40000 - 0x000007fefdaa7000 	C:\Windows\system32\GDI32.dll
0x000007fefedd0000 - 0x000007fefedde000 	C:\Windows\system32\LPK.dll
0x000007fefe780000 - 0x000007fefe84a000 	C:\Windows\system32\USP10.dll
0x000007fefad70000 - 0x000007fefaf64000 	C:\Windows\WinSxS\amd64_microsoft.windows.common-controls_6595b64144ccf1df_6.0.7600.16385_none_fa645303170382f6\COMCTL32.dll
0x000007fefeaa0000 - 0x000007fefeb11000 	C:\Windows\system32\SHLWAPI.dll
0x000007fefe850000 - 0x000007fefe87e000 	C:\Windows\system32\IMM32.DLL
0x000007fefdcb0000 - 0x000007fefddb9000 	C:\Windows\system32\MSCTF.dll
0x000000006be90000 - 0x000000006bf62000 	C:\Program Files\Java\jdk1.8.0_25\jre\bin\msvcr100.dll
0x0000000061320000 - 0x0000000061b7a000 	C:\Program Files\Java\jdk1.8.0_25\jre\bin\server\jvm.dll
0x000007fef4aa0000 - 0x000007fef4aa9000 	C:\Windows\system32\WSOCK32.dll
0x000007fefe480000 - 0x000007fefe4cd000 	C:\Windows\system32\WS2_32.dll
0x000007fefcca0000 - 0x000007fefcca8000 	C:\Windows\system32\NSI.dll
0x000007fef5d00000 - 0x000007fef5d3b000 	C:\Windows\system32\WINMM.dll
0x0000000077b50000 - 0x0000000077b57000 	C:\Windows\system32\PSAPI.DLL
0x0000000073f40000 - 0x0000000073f4f000 	C:\Program Files\Java\jdk1.8.0_25\jre\bin\verify.dll
0x000000006f190000 - 0x000000006f1b8000 	C:\Program Files\Java\jdk1.8.0_25\jre\bin\java.dll
0x000000006f2c0000 - 0x000000006f2e3000 	C:\Program Files\Java\jdk1.8.0_25\jre\bin\instrument.dll
0x000000006f150000 - 0x000000006f166000 	C:\Program Files\Java\jdk1.8.0_25\jre\bin\zip.dll
0x000007fefccb0000 - 0x000007fefda36000 	C:\Windows\system32\SHELL32.dll
0x000007fefe4d0000 - 0x000007fefe6d1000 	C:\Windows\system32\ole32.dll
0x000007fefc8d0000 - 0x000007fefc8df000 	C:\Windows\system32\profapi.dll
0x000007fefc1a0000 - 0x000007fefc1b7000 	C:\Windows\system32\CRYPTSP.dll
0x000007fefbea0000 - 0x000007fefbee7000 	C:\Windows\system32\rsaenh.dll
0x000007fefbc20000 - 0x000007fefbc3e000 	C:\Windows\system32\USERENV.dll
0x000007fefc800000 - 0x000007fefc80f000 	C:\Windows\system32\CRYPTBASE.dll
0x000000006f170000 - 0x000000006f18a000 	C:\Program Files\Java\jdk1.8.0_25\jre\bin\net.dll
0x000007fefc140000 - 0x000007fefc194000 	C:\Windows\system32\mswsock.dll
0x000007fefc130000 - 0x000007fefc137000 	C:\Windows\System32\wship6.dll
0x000007fefa7c0000 - 0x000007fefa7e7000 	C:\Windows\system32\IPHLPAPI.DLL
0x000007fefa7b0000 - 0x000007fefa7bb000 	C:\Windows\system32\WINNSI.DLL
0x000007fefafc0000 - 0x000007fefafd8000 	C:\Windows\system32\dhcpcsvc.DLL
0x000007fefafa0000 - 0x000007fefafb1000 	C:\Windows\system32\dhcpcsvc6.DLL
0x000000006f110000 - 0x000000006f121000 	C:\Program Files\Java\jdk1.8.0_25\jre\bin\nio.dll
0x000007fefa140000 - 0x000007fefa14a000 	C:\Users\Alfa\AppData\Local\Temp\jansi-64-805105981303682299.dll
0x000000006f540000 - 0x000000006f54d000 	C:\Program Files\Java\jdk1.8.0_25\jre\bin\management.dll
0x000007fefbb10000 - 0x000007fefbb17000 	C:\Windows\System32\wshtcpip.dll
0x000007fefbfc0000 - 0x000007fefc01b000 	C:\Windows\system32\DNSAPI.dll
0x000007fef5f90000 - 0x000007fef5f98000 	C:\Windows\system32\rasadhlp.dll
0x000007fefb030000 - 0x000007fefb083000 	C:\Windows\System32\fwpuclnt.dll
0x000007fefb460000 - 0x000007fefb475000 	C:\Windows\system32\NLAapi.dll
0x000007fef84c0000 - 0x000007fef84cb000 	C:\Windows\System32\winrnr.dll
0x000007fef84a0000 - 0x000007fef84b5000 	C:\Windows\system32\napinsp.dll
0x000007fef8480000 - 0x000007fef8499000 	C:\Windows\system32\pnrpnsp.dll
0x000007feefd40000 - 0x000007feefe65000 	C:\Windows\system32\dbghelp.dll

VM Arguments:
jvm_args: -Dfile.encoding=UTF-8 -Xmx768M -Xms64M -Dgrails.fork.parent.process.port=51755 -Dgrails.fork.active=true -Dgrails.build.execution.context=C:\Users\Alfa\AppData\Local\Temp\estate_management506936689676623663grails-execution-context -Dgrails.home=D:\grails-2.4.4 -javaagent:D:\grails-2.4.4\lib\org.springframework\springloaded\jars\springloaded-1.2.1.RELEASE.jar -Xverify:none -Dspringloaded.synchronize=true -Djdk.reflect.allowGetCallerClass=true -Dspringloaded=profile=grails;cacheDir=C:\Users\Alfa\.grails\2.4.4 
java_command: org.grails.plugins.tomcat.fork.ForkedTomcatServer
java_class_path (initial): C:\Program Files\Java\jdk1.8.0_25\lib\tools.jar;D:\grails-2.4.4\lib\org.codehaus.groovy\groovy-all\jars\groovy-all-2.3.7.jar;D:\grails-2.4.4\lib\org.slf4j\jcl-over-slf4j\jars\jcl-over-slf4j-1.7.5.jar;D:\grails-2.4.4\lib\org.codehaus.gant\gant_groovy1.8\jars\gant_groovy1.8-1.9.6.jar;D:\grails-2.4.4\lib\org.apache.tomcat.embed\tomcat-embed-logging-log4j\jars\tomcat-embed-logging-log4j-7.0.50.jar;D:\grails-2.4.4\dist\grails-plugin-log4j-2.4.4.jar;D:\grails-2.4.4\lib\log4j\log4j\jars\log4j-1.2.17.jar;D:\grails-2.4.4\dist\grails-bootstrap-2.4.4.jar;D:\grails-2.4.4\lib\org.slf4j\slf4j-api\jars\slf4j-api-1.7.5.jar;D:\grails-2.4.4\lib\jline\jline\jars\jline-2.12.jar;D:\grails-2.4.4\lib\org.apache.ant\ant\jars\ant-1.8.4.jar;D:\grails-2.4.4\lib\org.apache.ant\ant-launcher\jars\ant-launcher-1.8.4.jar;D:\grails-2.4.4\lib\org.apache.ant\ant-trax\jars\ant-trax-1.7.1.jar;D:\grails-2.4.4\lib\org.apache.ant\ant-junit\jars\ant-junit-1.8.4.jar;D:\grails-2.4.4\lib\org.apache.ivy\ivy\jars\ivy-2.3.0.jar;D:\grails-2.4.4\lib\org.fusesource.jansi\jansi\jars\jansi-1.11.jar;C:\Users\Alfa\.m2\repository\org\apache\tomcat\tomcat-catalina-ant\7.0.55\tomcat-catalina-ant-7.0.55.jar;C:\Users\Alfa\.m2\repository\org\apache\tomcat\embed\tomcat-embed-jasper\7.0.55\tomcat-embed-jasper-7.0.55.jar;C:\Users\Alfa\.m2\repository\org\apache\tomcat\embed\tomcat-embed-el\7.0.55\tomcat-embed-el-7.0.55.jar;C:\Users\Alfa\.m2\repository\org\apache\tomcat\embed\tomcat-embed-logging-log4j\7.0.55\tomcat-embed-logging-log4j-7.0.55.jar;C:\Users\Alfa\.m2\repository\org\apache\tomcat\embed\tomcat-embed-websocket\7.0.55\tomcat-embed-websocket-7.0.55.jar;C:\Users\Alfa\.m2\repository\org\apache\tomcat\embed\tomcat-embed-core\7.0.55\tomcat-embed-core-7.0.55.jar;C:\Users\Alfa\.m2\repository\org\eclipse\jdt\core\compiler\ecj\3.7.2\ecj-3.7.2.jar;C:\Users\Alfa\Documents\workspace\estate_management\target\work\plugins\tomcat-7.0.55\grails-plugin-tomcat-7.0.55.jar;;D:\grails-2.4.4\lib\org.springframewo
Launcher Type: SUN_STANDARD

Environment Variables:
JAVA_HOME=C:\Program Files\Java\jdk1.8.0_25
PATH=C:/Program Files/Java/jre1.8.0_25/bin/server;C:/Program Files/Java/jre1.8.0_25/bin;C:/Program Files/Java/jre1.8.0_25/lib/amd64;C:\ProgramData\Oracle\Java\javapath;C:\Inprise\vbroker\bin;C:\Program Files (x86)\Borland\Delphi7\Bin;C:\Program Files (x86)\Borland\Delphi7\Projects\Bpl\;C:\Windows\system32;C:\Windows;C:\Windows\System32\Wbem;C:\Windows\System32\WindowsPowerShell\v1.0\;C:\Program Files (x86)\Toshiba\Bluetooth Toshiba Stack\sys\;C:\Program Files (x86)\Toshiba\Bluetooth Toshiba Stack\sys\x64\;C:\Users\Alfa\Desktop\eclipse\eclipse;
USERNAME=Alfa
OS=Windows_NT
PROCESSOR_IDENTIFIER=Intel64 Family 6 Model 42 Stepping 7, GenuineIntel



---------------  S Y S T E M  ---------------

OS: Windows 7 , 64 bit Build 7600 

CPU:total 3 (2 cores per cpu, 2 threads per core) family 6 model 42 stepping 7, cmov, cx8, fxsr, mmx, sse, sse2, sse3, ssse3, sse4.1, sse4.2, popcnt, clmul, ht, tsc, tscinvbit

Memory: 4k page, physical 4140912k(1038472k free), swap 8279928k(3906236k free)

vm_info: Java HotSpot(TM) 64-Bit Server VM (25.25-b02) for windows-amd64 JRE (1.8.0_25-b18), built on Oct  7 2014 14:25:37 by "java_re" with MS VC++ 10.0 (VS2010)

time: Thu Apr 09 15:44:06 2015
elapsed time: 3352 seconds (0d 0h 55m 52s)

