#
# A fatal error has been detected by the Java Runtime Environment:
#
#  EXCEPTION_ACCESS_VIOLATION (0xc0000005) at pc=0x00000000045014e6, pid=4576, tid=748
#
# JRE version: Java(TM) SE Runtime Environment (8.0_25-b18) (build 1.8.0_25-b18)
# Java VM: Java HotSpot(TM) 64-Bit Server VM (25.25-b02 mixed mode windows-amd64 compressed oops)
# Problematic frame:
# J 10837 C1 java.io.ObjectStreamClass$FieldReflector.getObjFieldValues(Ljava/lang/Object;[Ljava/lang/Object;)V (99 bytes) @ 0x00000000045014e6 [0x00000000045013c0+0x126]
#
# Failed to write core dump. Minidumps are not enabled by default on client versions of Windows
#
# If you would like to submit a bug report, please visit:
#   http://bugreport.sun.com/bugreport/crash.jsp
#

---------------  T H R E A D  ---------------

Current thread (0x000000005e5b2800):  JavaThread "localhost-startStop-2" daemon [_thread_in_Java, id=748, stack(0x000000006b0a0000,0x000000006b1a0000)]

siginfo: ExceptionCode=0xc0000005, reading address 0x00000000a10905e1

Registers:
RAX=0x00000000a10905d9, RBX=0x0000000000000060, RCX=0x00000000f53d5b90, RDX=0x00000000f375bc78
RSP=0x000000006b19d6d0, RBP=0x000000006b19d860, RSI=0x0000000000000000, RDI=0x0000000013c9f280
R8 =0x00000000fc7c7510, R9 =0x00000000f53d5b80, R10=0x0000000013da9e18, R11=0x00000000f374d9e0
R12=0x0000000000000000, R13=0x00000000f30c1958, R14=0x000000006b19d8b0, R15=0x000000005e5b2800
RIP=0x00000000045014e6, EFLAGS=0x0000000000010202

Top of Stack: (sp=0x000000006b19d6d0)
0x000000006b19d6d0:   0000000000000000 00000000f37496a0
0x000000006b19d6e0:   00000000fc7c7510 00000000f32e9c28
0x000000006b19d6f0:   00000000f30c37b0 00000000f32e9c28
0x000000006b19d700:   0000000000000000 0000000000000000
0x000000006b19d710:   0000000000000000 000000006b19d768
0x000000006b19d720:   000000006b19d860 00000000032b01bc
0x000000006b19d730:   0000000000000000 0000000000000000
0x000000006b19d740:   00000000f36bdac8 00000000fbe67cd0
0x000000006b19d750:   00000000fc7c82b0 00000000ffffffff
0x000000006b19d760:   0000000000000000 0000000000000000
0x000000006b19d770:   00000000fc7c82b0 0000000000000001
0x000000006b19d780:   000000006b19d780 0000000053fab02a
0x000000006b19d790:   000000006b19d818 00000000fc7c7510
0x000000006b19d7a0:   00000000f37496a0 00000000f30c1958
0x000000006b19d7b0:   0000000900000000 00000000f53d5b80
0x000000006b19d7c0:   0000001000000000 00000000f374d9e0 

Instructions: (pc=0x00000000045014e6)
0x00000000045014c6:   00 75 19 48 bb a8 ed 21 6c 00 00 00 00 81 8b c0
0x00000000045014d6:   01 00 00 00 01 00 00 e9 db 00 00 00 41 8b 79 08
0x00000000045014e6:   8b 58 08 48 8b bf f0 00 00 00 48 3b df 0f 84 2a
0x00000000045014f6:   00 00 00 44 8b 5f 0c 4a 3b 3c 1b 0f 84 1c 00 00 


Register to memory mapping:

RAX=0x00000000a10905d9 is an unknown value
RBX=0x0000000000000060 is an unknown value
RCX=0x00000000f53d5b90 is an oop

[error occurred during error reporting (printing register info), id 0xc0000005]

Stack: [0x000000006b0a0000,0x000000006b1a0000],  sp=0x000000006b19d6d0,  free space=1013k
Native frames: (J=compiled Java code, j=interpreted, Vv=VM code, C=native code)
C  0x00000000045014e6


---------------  P R O C E S S  ---------------

Java Threads: ( => current thread )
=>0x000000005e5b2800 JavaThread "localhost-startStop-2" daemon [_thread_in_Java, id=748, stack(0x000000006b0a0000,0x000000006b1a0000)]
  0x000000005bc83000 JavaThread "Tomcat-startStop-2" daemon [_thread_blocked, id=4420, stack(0x000000006ae70000,0x000000006af70000)]
  0x000000005e5b1000 JavaThread "http-bio-8080-exec-10" daemon [_thread_blocked, id=1676, stack(0x000000006b790000,0x000000006b890000)]
  0x000000005e5b0800 JavaThread "http-bio-8080-exec-9" daemon [_thread_blocked, id=2844, stack(0x000000006b5d0000,0x000000006b6d0000)]
  0x000000005bc82000 JavaThread "http-bio-8080-exec-8" daemon [_thread_blocked, id=4244, stack(0x000000005dca0000,0x000000005dda0000)]
  0x0000000059a6a000 JavaThread "http-bio-8080-exec-7" daemon [_thread_blocked, id=5124, stack(0x000000006b1a0000,0x000000006b2a0000)]
  0x0000000059a69000 JavaThread "http-bio-8080-exec-6" daemon [_thread_blocked, id=4912, stack(0x000000006afa0000,0x000000006b0a0000)]
  0x0000000059a68800 JavaThread "http-bio-8080-exec-5" daemon [_thread_blocked, id=2964, stack(0x000000005a570000,0x000000005a670000)]
  0x0000000059a67800 JavaThread "http-bio-8080-exec-4" daemon [_thread_blocked, id=4852, stack(0x000000006a670000,0x000000006a770000)]
  0x0000000059a67000 JavaThread "Thread-10" daemon [_thread_in_native, id=1528, stack(0x000000006ad70000,0x000000006ae70000)]
  0x0000000059a65800 JavaThread "http-bio-8080-exec-3" daemon [_thread_blocked, id=4292, stack(0x000000006a9f0000,0x000000006aaf0000)]
  0x0000000059a64800 JavaThread "DestroyJavaVM" [_thread_blocked, id=4468, stack(0x00000000022f0000,0x00000000023f0000)]
  0x0000000059a64000 JavaThread "Thread-8" [_thread_in_native, id=5812, stack(0x000000006a7c0000,0x000000006a8c0000)]
  0x0000000059a63000 JavaThread "http-bio-8080-exec-2" daemon [_thread_blocked, id=1204, stack(0x000000006a540000,0x000000006a640000)]
  0x000000005bc85000 JavaThread "http-bio-8080-exec-1" daemon [_thread_blocked, id=2988, stack(0x000000006a3a0000,0x000000006a4a0000)]
  0x000000005bc84800 JavaThread "http-bio-8080-AsyncTimeout" daemon [_thread_blocked, id=1232, stack(0x000000005e1d0000,0x000000005e2d0000)]
  0x000000005bc83800 JavaThread "http-bio-8080-Acceptor-0" daemon [_thread_blocked, id=1224, stack(0x0000000057220000,0x0000000057320000)]
  0x0000000056ae5000 JavaThread "FileSystemWatcher: files=#305 cl=groovy.lang.GroovyClassLoader@3e7dd664" daemon [_thread_blocked, id=4236, stack(0x000000005a960000,0x000000005aa60000)]
  0x00000000583b7000 JavaThread "Thread-3" [_thread_blocked, id=3224, stack(0x000000005a180000,0x000000005a280000)]
  0x0000000057582800 JavaThread "Thread-2" [_thread_blocked, id=1016, stack(0x0000000058ad0000,0x0000000058bd0000)]
  0x0000000056aba000 JavaThread "NonBlockingInputStreamThread" daemon [_thread_blocked, id=3016, stack(0x0000000057320000,0x0000000057420000)]
  0x0000000055e9d800 JavaThread "Service Thread" daemon [_thread_blocked, id=5264, stack(0x00000000564b0000,0x00000000565b0000)]
  0x0000000055e2e000 JavaThread "C1 CompilerThread1" daemon [_thread_blocked, id=1860, stack(0x00000000562a0000,0x00000000563a0000)]
  0x0000000055e2b000 JavaThread "C2 CompilerThread0" daemon [_thread_blocked, id=5428, stack(0x00000000560e0000,0x00000000561e0000)]
  0x0000000054659800 JavaThread "Attach Listener" daemon [_thread_blocked, id=5316, stack(0x0000000055be0000,0x0000000055ce0000)]
  0x0000000054658800 JavaThread "Signal Dispatcher" daemon [_thread_blocked, id=5220, stack(0x0000000055a30000,0x0000000055b30000)]
  0x00000000545f3000 JavaThread "Finalizer" daemon [_thread_blocked, id=4296, stack(0x0000000055840000,0x0000000055940000)]
  0x00000000545f0000 JavaThread "Reference Handler" daemon [_thread_blocked, id=1216, stack(0x00000000556b0000,0x00000000557b0000)]

Other Threads:
  0x00000000545e8000 VMThread [stack: 0x00000000554d0000,0x00000000555d0000] [id=4992]
  0x0000000055e9f800 WatcherThread [stack: 0x00000000553c0000,0x00000000554c0000] [id=5944]

VM state:not at safepoint (normal execution)

VM Mutex/Monitor currently owned by a thread: None

Heap:
 PSYoungGen      total 184320K, used 133414K [0x00000000f0000000, 0x00000000fe600000, 0x0000000100000000)
  eden space 137216K, 77% used [0x00000000f0000000,0x00000000f68146a0,0x00000000f8600000)
  from space 47104K, 56% used [0x00000000fb800000,0x00000000fd235508,0x00000000fe600000)
  to   space 49152K, 0% used [0x00000000f8600000,0x00000000f8600000,0x00000000fb600000)
 ParOldGen       total 251392K, used 162689K [0x00000000d0000000, 0x00000000df580000, 0x00000000f0000000)
  object space 251392K, 64% used [0x00000000d0000000,0x00000000d9ee05f0,0x00000000df580000)
 Metaspace       used 93463K, capacity 96636K, committed 96768K, reserved 1134592K
  class space    used 9769K, capacity 10749K, committed 10752K, reserved 1048576K

Card table byte_map: [0x0000000011c30000,0x0000000011dc0000] byte_map_base: 0x00000000115b0000

Marking Bits: (ParMarkBitMap*) 0x000000007304d490
 Begin Bits: [0x0000000012310000, 0x0000000012f10000)
 End Bits:   [0x0000000012f10000, 0x0000000013b10000)

Polling page: 0x0000000000140000

CodeCache: size=245760Kb used=30863Kb max_used=31509Kb free=214896Kb
 bounds [0x0000000002870000, 0x0000000004790000, 0x0000000011870000]
 total_blobs=9135 nmethods=8362 adapters=685
 compilation: enabled

Compilation events (10 events):
Event: 329.765 Thread 0x0000000055e2e000 nmethod 10859 0x0000000002ad57d0 code [0x0000000002ad5a00, 0x0000000002ad6218]
Event: 329.769 Thread 0x0000000055e2b000 10860       4       java.io.File::list (33 bytes)
Event: 329.774 Thread 0x0000000055e2b000 nmethod 10860 0x00000000044a44d0 code [0x00000000044a4640, 0x00000000044a4848]
Event: 329.774 Thread 0x0000000055e2e000 10863       3       org.springsource.loaded.ri.ReflectiveInterceptor::jlClassGetDeclaredMethod (49 bytes)
Event: 329.774 Thread 0x0000000055e2b000 10864       4       sl.org.objectweb.asm.Type::a (269 bytes)
Event: 329.775 Thread 0x0000000055e2e000 nmethod 10863 0x000000000327a010 code [0x000000000327a220, 0x000000000327aaa8]
Event: 329.775 Thread 0x0000000055e2e000 10861   !   3       org.springsource.loaded.ri.FieldLookup$ReloadableTypeFieldProvider::fieldRef (63 bytes)
Event: 329.777 Thread 0x0000000055e2e000 nmethod 10861 0x000000000463b190 code [0x000000000463b3e0, 0x000000000463bec8]
Event: 329.777 Thread 0x0000000055e2e000 10862       3       org.springsource.loaded.ri.FieldLookup$ReloadedTypeFieldRef::<init> (50 bytes)
Event: 329.778 Thread 0x0000000055e2e000 nmethod 10862 0x0000000003dc8290 code [0x0000000003dc8500, 0x0000000003dc9568]

GC Heap History (10 events):
Event: 318.134 GC heap before
{Heap before GC invocations=73 (full 5):
 PSYoungGen      total 175104K, used 131818K [0x00000000f0000000, 0x00000000fe500000, 0x0000000100000000)
  eden space 112640K, 100% used [0x00000000f0000000,0x00000000f6e00000,0x00000000f6e00000)
  from space 62464K, 30% used [0x00000000f6e00000,0x00000000f80ba950,0x00000000fab00000)
  to   space 58368K, 0% used [0x00000000fac00000,0x00000000fac00000,0x00000000fe500000)
 ParOldGen       total 251392K, used 162657K [0x00000000d0000000, 0x00000000df580000, 0x00000000f0000000)
  object space 251392K, 64% used [0x00000000d0000000,0x00000000d9ed85f0,0x00000000df580000)
 Metaspace       used 86966K, capacity 89668K, committed 89856K, reserved 1128448K
  class space    used 9337K, capacity 10154K, committed 10240K, reserved 1048576K
Event: 318.162 GC heap after
Heap after GC invocations=73 (full 5):
 PSYoungGen      total 167936K, used 20316K [0x00000000f0000000, 0x00000000fdd80000, 0x0000000100000000)
  eden space 117248K, 0% used [0x00000000f0000000,0x00000000f0000000,0x00000000f7280000)
  from space 50688K, 40% used [0x00000000fac00000,0x00000000fbfd7360,0x00000000fdd80000)
  to   space 54784K, 0% used [0x00000000f7280000,0x00000000f7280000,0x00000000fa800000)
 ParOldGen       total 251392K, used 162665K [0x00000000d0000000, 0x00000000df580000, 0x00000000f0000000)
  object space 251392K, 64% used [0x00000000d0000000,0x00000000d9eda5f0,0x00000000df580000)
 Metaspace       used 86966K, capacity 89668K, committed 89856K, reserved 1128448K
  class space    used 9337K, capacity 10154K, committed 10240K, reserved 1048576K
}
Event: 319.930 GC heap before
{Heap before GC invocations=74 (full 5):
 PSYoungGen      total 167936K, used 137564K [0x00000000f0000000, 0x00000000fdd80000, 0x0000000100000000)
  eden space 117248K, 100% used [0x00000000f0000000,0x00000000f7280000,0x00000000f7280000)
  from space 50688K, 40% used [0x00000000fac00000,0x00000000fbfd7360,0x00000000fdd80000)
  to   space 54784K, 0% used [0x00000000f7280000,0x00000000f7280000,0x00000000fa800000)
 ParOldGen       total 251392K, used 162665K [0x00000000d0000000, 0x00000000df580000, 0x00000000f0000000)
  object space 251392K, 64% used [0x00000000d0000000,0x00000000d9eda5f0,0x00000000df580000)
 Metaspace       used 87225K, capacity 89884K, committed 90112K, reserved 1128448K
  class space    used 9343K, capacity 10158K, committed 10240K, reserved 1048576K
Event: 319.986 GC heap after
Heap after GC invocations=74 (full 5):
 PSYoungGen      total 172032K, used 20350K [0x00000000f0000000, 0x00000000fde80000, 0x0000000100000000)
  eden space 117248K, 0% used [0x00000000f0000000,0x00000000f0000000,0x00000000f7280000)
  from space 54784K, 37% used [0x00000000f7280000,0x00000000f865f8b0,0x00000000fa800000)
  to   space 52224K, 0% used [0x00000000fab80000,0x00000000fab80000,0x00000000fde80000)
 ParOldGen       total 251392K, used 162673K [0x00000000d0000000, 0x00000000df580000, 0x00000000f0000000)
  object space 251392K, 64% used [0x00000000d0000000,0x00000000d9edc5f0,0x00000000df580000)
 Metaspace       used 87225K, capacity 89884K, committed 90112K, reserved 1128448K
  class space    used 9343K, capacity 10158K, committed 10240K, reserved 1048576K
}
Event: 321.059 GC heap before
{Heap before GC invocations=75 (full 5):
 PSYoungGen      total 172032K, used 137598K [0x00000000f0000000, 0x00000000fde80000, 0x0000000100000000)
  eden space 117248K, 100% used [0x00000000f0000000,0x00000000f7280000,0x00000000f7280000)
  from space 54784K, 37% used [0x00000000f7280000,0x00000000f865f8b0,0x00000000fa800000)
  to   space 52224K, 0% used [0x00000000fab80000,0x00000000fab80000,0x00000000fde80000)
 ParOldGen       total 251392K, used 162673K [0x00000000d0000000, 0x00000000df580000, 0x00000000f0000000)
  object space 251392K, 64% used [0x00000000d0000000,0x00000000d9edc5f0,0x00000000df580000)
 Metaspace       used 88945K, capacity 91612K, committed 91648K, reserved 1130496K
  class space    used 9422K, capacity 10222K, committed 10240K, reserved 1048576K
Event: 321.282 GC heap after
Heap after GC invocations=75 (full 5):
 PSYoungGen      total 178176K, used 21763K [0x00000000f0000000, 0x00000000fdf80000, 0x0000000100000000)
  eden space 125952K, 0% used [0x00000000f0000000,0x00000000f0000000,0x00000000f7b00000)
  from space 52224K, 41% used [0x00000000fab80000,0x00000000fc0c0d40,0x00000000fde80000)
  to   space 49664K, 0% used [0x00000000f7b00000,0x00000000f7b00000,0x00000000fab80000)
 ParOldGen       total 251392K, used 162673K [0x00000000d0000000, 0x00000000df580000, 0x00000000f0000000)
  object space 251392K, 64% used [0x00000000d0000000,0x00000000d9edc5f0,0x00000000df580000)
 Metaspace       used 88945K, capacity 91612K, committed 91648K, reserved 1130496K
  class space    used 9422K, capacity 10222K, committed 10240K, reserved 1048576K
}
Event: 323.580 GC heap before
{Heap before GC invocations=76 (full 5):
 PSYoungGen      total 178176K, used 147715K [0x00000000f0000000, 0x00000000fdf80000, 0x0000000100000000)
  eden space 125952K, 100% used [0x00000000f0000000,0x00000000f7b00000,0x00000000f7b00000)
  from space 52224K, 41% used [0x00000000fab80000,0x00000000fc0c0d40,0x00000000fde80000)
  to   space 49664K, 0% used [0x00000000f7b00000,0x00000000f7b00000,0x00000000fab80000)
 ParOldGen       total 251392K, used 162673K [0x00000000d0000000, 0x00000000df580000, 0x00000000f0000000)
  object space 251392K, 64% used [0x00000000d0000000,0x00000000d9edc5f0,0x00000000df580000)
 Metaspace       used 91063K, capacity 93728K, committed 93824K, reserved 1132544K
  class space    used 9538K, capacity 10323K, committed 10368K, reserved 1048576K
Event: 323.651 GC heap after
Heap after GC invocations=76 (full 5):
 PSYoungGen      total 175616K, used 26642K [0x00000000f0000000, 0x00000000fe880000, 0x0000000100000000)
  eden space 125952K, 0% used [0x00000000f0000000,0x00000000f0000000,0x00000000f7b00000)
  from space 49664K, 53% used [0x00000000f7b00000,0x00000000f9504b90,0x00000000fab80000)
  to   space 49664K, 0% used [0x00000000fb800000,0x00000000fb800000,0x00000000fe880000)
 ParOldGen       total 251392K, used 162681K [0x00000000d0000000, 0x00000000df580000, 0x00000000f0000000)
  object space 251392K, 64% used [0x00000000d0000000,0x00000000d9ede5f0,0x00000000df580000)
 Metaspace       used 91063K, capacity 93728K, committed 93824K, reserved 1132544K
  class space    used 9538K, capacity 10323K, committed 10368K, reserved 1048576K
}
Event: 328.766 GC heap before
{Heap before GC invocations=77 (full 5):
 PSYoungGen      total 175616K, used 152594K [0x00000000f0000000, 0x00000000fe880000, 0x0000000100000000)
  eden space 125952K, 100% used [0x00000000f0000000,0x00000000f7b00000,0x00000000f7b00000)
  from space 49664K, 53% used [0x00000000f7b00000,0x00000000f9504b90,0x00000000fab80000)
  to   space 49664K, 0% used [0x00000000fb800000,0x00000000fb800000,0x00000000fe880000)
 ParOldGen       total 251392K, used 162681K [0x00000000d0000000, 0x00000000df580000, 0x00000000f0000000)
  object space 251392K, 64% used [0x00000000d0000000,0x00000000d9ede5f0,0x00000000df580000)
 Metaspace       used 92622K, capacity 95364K, committed 95616K, reserved 1134592K
  class space    used 9662K, capacity 10525K, committed 10624K, reserved 1048576K
Event: 328.797 GC heap after
Heap after GC invocations=77 (full 5):
 PSYoungGen      total 184320K, used 26837K [0x00000000f0000000, 0x00000000fe600000, 0x0000000100000000)
  eden space 137216K, 0% used [0x00000000f0000000,0x00000000f0000000,0x00000000f8600000)
  from space 47104K, 56% used [0x00000000fb800000,0x00000000fd235508,0x00000000fe600000)
  to   space 49152K, 0% used [0x00000000f8600000,0x00000000f8600000,0x00000000fb600000)
 ParOldGen       total 251392K, used 162689K [0x00000000d0000000, 0x00000000df580000, 0x00000000f0000000)
  object space 251392K, 64% used [0x00000000d0000000,0x00000000d9ee05f0,0x00000000df580000)
 Metaspace       used 92622K, capacity 95364K, committed 95616K, reserved 1134592K
  class space    used 9662K, capacity 10525K, committed 10624K, reserved 1048576K
}

Deoptimization events (10 events):
Event: 324.501 Thread 0x0000000056ae5000 Uncommon trap: reason=unloaded action=reinterpret pc=0x00000000038539bc method=org.springframework.core.BridgeMethodResolver.findBridgedMethod(Ljava/lang/reflect/Method;)Ljava/lang/reflect/Method; @ 13
Event: 324.510 Thread 0x0000000056ae5000 Uncommon trap: reason=unreached action=reinterpret pc=0x000000000311eb30 method=org.springframework.core.ResolvableType.resolve(Ljava/lang/Class;)Ljava/lang/Class; @ 4
Event: 324.510 Thread 0x0000000056ae5000 Uncommon trap: reason=unreached action=reinterpret pc=0x000000000311eb30 method=org.springframework.core.ResolvableType.resolve(Ljava/lang/Class;)Ljava/lang/Class; @ 4
Event: 325.042 Thread 0x0000000056ae5000 Uncommon trap: reason=class_check action=maybe_recompile pc=0x0000000003bd03fc method=org.springsource.loaded.ri.ReflectiveInterceptor.jlClassGetDeclaredMethods(Ljava/lang/Class;)[Ljava/lang/reflect/Method; @ 58
Event: 325.068 Thread 0x0000000056ae5000 Uncommon trap: reason=class_check action=maybe_recompile pc=0x0000000003bd03fc method=org.springsource.loaded.ri.ReflectiveInterceptor.jlClassGetDeclaredMethods(Ljava/lang/Class;)[Ljava/lang/reflect/Method; @ 58
Event: 325.079 Thread 0x0000000056ae5000 Uncommon trap: reason=null_check action=make_not_entrant pc=0x000000000463e8e4 method=org.springframework.context.support.PropertySourcesPlaceholderConfigurer$2.resolveStringValue(Ljava/lang/String;)Ljava/lang/String; @ 42
Event: 325.080 Thread 0x0000000056ae5000 Uncommon trap: reason=null_check action=make_not_entrant pc=0x00000000042093c8 method=org.springframework.context.support.PropertySourcesPlaceholderConfigurer$2.resolveStringValue(Ljava/lang/String;)Ljava/lang/String; @ 42
Event: 328.712 Thread 0x000000005e5b2800 Uncommon trap: reason=bimorphic action=maybe_recompile pc=0x0000000003c64300 method=java.util.Hashtable.put(Ljava/lang/Object;Ljava/lang/Object;)Ljava/lang/Object; @ 60
Event: 328.712 Thread 0x000000005e5b2800 Uncommon trap: reason=bimorphic action=maybe_recompile pc=0x0000000003c64300 method=java.util.Hashtable.put(Ljava/lang/Object;Ljava/lang/Object;)Ljava/lang/Object; @ 60
Event: 329.508 Thread 0x000000005e5b2800 Uncommon trap: reason=class_check action=maybe_recompile pc=0x0000000003b20f64 method=org.springsource.loaded.ri.ReflectiveInterceptor.jlClassGetDeclaredMethods(Ljava/lang/Class;)[Ljava/lang/reflect/Method; @ 58

Internal exceptions (10 events):
Event: 329.762 Thread 0x000000005e5b2800 Exception <a 'java/lang/NoSuchMethodError': <clinit>> (0x00000000f52d4690) thrown at [D:\re\workspace\8-2-build-windows-amd64-cygwin\jdk8u25\1677\hotspot\src\share\vm\prims\jni.cpp, line 1603]
Event: 329.762 Thread 0x000000005e5b2800 Exception <a 'java/lang/NoSuchMethodError': <clinit>> (0x00000000f52d92a8) thrown at [D:\re\workspace\8-2-build-windows-amd64-cygwin\jdk8u25\1677\hotspot\src\share\vm\prims\jni.cpp, line 1603]
Event: 329.764 Thread 0x000000005e5b2800 Exception <a 'java/lang/NoSuchMethodError': <clinit>> (0x00000000f52f7120) thrown at [D:\re\workspace\8-2-build-windows-amd64-cygwin\jdk8u25\1677\hotspot\src\share\vm\prims\jni.cpp, line 1603]
Event: 329.767 Thread 0x000000005e5b2800 Exception <a 'java/lang/NoSuchMethodError': <clinit>> (0x00000000f5331878) thrown at [D:\re\workspace\8-2-build-windows-amd64-cygwin\jdk8u25\1677\hotspot\src\share\vm\prims\jni.cpp, line 1603]
Event: 329.768 Thread 0x000000005e5b2800 Exception <a 'java/lang/NoSuchMethodError': <clinit>> (0x00000000f534d690) thrown at [D:\re\workspace\8-2-build-windows-amd64-cygwin\jdk8u25\1677\hotspot\src\share\vm\prims\jni.cpp, line 1603]
Event: 329.769 Thread 0x000000005e5b2800 Exception <a 'java/lang/NoSuchMethodError': <clinit>> (0x00000000f53605d8) thrown at [D:\re\workspace\8-2-build-windows-amd64-cygwin\jdk8u25\1677\hotspot\src\share\vm\prims\jni.cpp, line 1603]
Event: 329.770 Thread 0x000000005e5b2800 Exception <a 'java/lang/NoSuchMethodError': <clinit>> (0x00000000f536c9d8) thrown at [D:\re\workspace\8-2-build-windows-amd64-cygwin\jdk8u25\1677\hotspot\src\share\vm\prims\jni.cpp, line 1603]
Event: 329.772 Thread 0x000000005e5b2800 Exception <a 'java/lang/NoSuchMethodError': <clinit>> (0x00000000f5389328) thrown at [D:\re\workspace\8-2-build-windows-amd64-cygwin\jdk8u25\1677\hotspot\src\share\vm\prims\jni.cpp, line 1603]
Event: 329.775 Thread 0x000000005e5b2800 Exception <a 'java/lang/reflect/InvocationTargetException'> (0x00000000f53b1020) thrown at [D:\re\workspace\8-2-build-windows-amd64-cygwin\jdk8u25\1677\hotspot\src\share\vm\runtime\reflection.cpp, line 1080]
Event: 329.778 Thread 0x000000005e5b2800 Exception <a 'java/lang/NoSuchMethodError': <clinit>> (0x00000000f53d2578) thrown at [D:\re\workspace\8-2-build-windows-amd64-cygwin\jdk8u25\1677\hotspot\src\share\vm\prims\jni.cpp, line 1603]

Events (10 events):
Event: 329.659 loading class com/vaadin/data/Item$PropertySetChangeEvent
Event: 329.659 loading class com/vaadin/data/Item$PropertySetChangeEvent done
Event: 329.668 loading class com/vaadin/data/util/IndexedContainer$IndexedContainerProperty
Event: 329.668 loading class com/vaadin/data/util/IndexedContainer$IndexedContainerProperty done
Event: 329.676 Executing VM operation: RevokeBias
Event: 329.677 Executing VM operation: RevokeBias done
Event: 329.691 Thread 0x000000005e5b2800 DEOPT PACKING pc=0x0000000004541b49 sp=0x000000006b19c0b0
Event: 329.691 Thread 0x000000005e5b2800 DEOPT UNPACKING pc=0x00000000028b71bf sp=0x000000006b19bdf8 mode 0
Event: 329.691 Thread 0x000000005e5b2800 DEOPT PACKING pc=0x0000000003073d9d sp=0x000000006b19c030
Event: 329.691 Thread 0x000000005e5b2800 DEOPT UNPACKING pc=0x00000000028b71bf sp=0x000000006b19bd70 mode 0


Dynamic libraries:
0x000000013f9b0000 - 0x000000013f9e4000 	C:\Program Files\Java\jdk1.8.0_25\bin\java.exe
0x00000000770a0000 - 0x000000007724b000 	C:\Windows\SYSTEM32\ntdll.dll
0x0000000076e80000 - 0x0000000076f9f000 	C:\Windows\system32\kernel32.dll
0x000007fefc090000 - 0x000007fefc0fb000 	C:\Windows\system32\KERNELBASE.dll
0x000007fefc910000 - 0x000007fefc9eb000 	C:\Windows\system32\ADVAPI32.dll
0x000007fefcab0000 - 0x000007fefcb4f000 	C:\Windows\system32\msvcrt.dll
0x000007fefc9f0000 - 0x000007fefca0f000 	C:\Windows\SYSTEM32\sechost.dll
0x000007fefcec0000 - 0x000007fefcfee000 	C:\Windows\system32\RPCRT4.dll
0x0000000076fa0000 - 0x000000007709a000 	C:\Windows\system32\USER32.dll
0x000007fefd0c0000 - 0x000007fefd127000 	C:\Windows\system32\GDI32.dll
0x000007fefe570000 - 0x000007fefe57e000 	C:\Windows\system32\LPK.dll
0x000007fefcff0000 - 0x000007fefd0ba000 	C:\Windows\system32\USP10.dll
0x000007fefaad0000 - 0x000007fefacc4000 	C:\Windows\WinSxS\amd64_microsoft.windows.common-controls_6595b64144ccf1df_6.0.7600.16385_none_fa645303170382f6\COMCTL32.dll
0x000007fefc890000 - 0x000007fefc901000 	C:\Windows\system32\SHLWAPI.dll
0x000007fefd1d0000 - 0x000007fefd1fe000 	C:\Windows\system32\IMM32.DLL
0x000007fefcdb0000 - 0x000007fefceb9000 	C:\Windows\system32\MSCTF.dll
0x0000000073af0000 - 0x0000000073bc2000 	C:\Program Files\Java\jdk1.8.0_25\jre\bin\msvcr100.dll
0x0000000072870000 - 0x00000000730ca000 	C:\Program Files\Java\jdk1.8.0_25\jre\bin\server\jvm.dll
0x000007fef5590000 - 0x000007fef5599000 	C:\Windows\system32\WSOCK32.dll
0x000007fefc630000 - 0x000007fefc67d000 	C:\Windows\system32\WS2_32.dll
0x000007fefe560000 - 0x000007fefe568000 	C:\Windows\system32\NSI.dll
0x000007fef8600000 - 0x000007fef863b000 	C:\Windows\system32\WINMM.dll
0x0000000077260000 - 0x0000000077267000 	C:\Windows\system32\PSAPI.DLL
0x0000000074900000 - 0x000000007490f000 	C:\Program Files\Java\jdk1.8.0_25\jre\bin\verify.dll
0x00000000747b0000 - 0x00000000747d8000 	C:\Program Files\Java\jdk1.8.0_25\jre\bin\java.dll
0x0000000074040000 - 0x0000000074063000 	C:\Program Files\Java\jdk1.8.0_25\jre\bin\instrument.dll
0x0000000074020000 - 0x0000000074036000 	C:\Program Files\Java\jdk1.8.0_25\jre\bin\zip.dll
0x000007fefd380000 - 0x000007fefe106000 	C:\Windows\system32\SHELL32.dll
0x000007fefcba0000 - 0x000007fefcda1000 	C:\Windows\system32\ole32.dll
0x000007fefbff0000 - 0x000007fefbfff000 	C:\Windows\system32\profapi.dll
0x000007fefb8c0000 - 0x000007fefb8d7000 	C:\Windows\system32\CRYPTSP.dll
0x000007fefb5c0000 - 0x000007fefb607000 	C:\Windows\system32\rsaenh.dll
0x000007fefb340000 - 0x000007fefb35e000 	C:\Windows\system32\USERENV.dll
0x000007fefbf20000 - 0x000007fefbf2f000 	C:\Windows\system32\CRYPTBASE.dll
0x0000000074000000 - 0x000000007401a000 	C:\Program Files\Java\jdk1.8.0_25\jre\bin\net.dll
0x000007fefb860000 - 0x000007fefb8b4000 	C:\Windows\system32\mswsock.dll
0x000007fefb850000 - 0x000007fefb857000 	C:\Windows\System32\wship6.dll
0x000007fef9aa0000 - 0x000007fef9ac7000 	C:\Windows\system32\IPHLPAPI.DLL
0x000007fef9a90000 - 0x000007fef9a9b000 	C:\Windows\system32\WINNSI.DLL
0x000007fef95b0000 - 0x000007fef95c8000 	C:\Windows\system32\dhcpcsvc.DLL
0x000007fef9590000 - 0x000007fef95a1000 	C:\Windows\system32\dhcpcsvc6.DLL
0x0000000073f30000 - 0x0000000073f41000 	C:\Program Files\Java\jdk1.8.0_25\jre\bin\nio.dll
0x000007fefa410000 - 0x000007fefa41a000 	C:\Users\Alfa\AppData\Local\Temp\jansi-64-7943798377528486766.dll
0x0000000074cf0000 - 0x0000000074cfd000 	C:\Program Files\Java\jdk1.8.0_25\jre\bin\management.dll
0x000007fefb230000 - 0x000007fefb237000 	C:\Windows\System32\wshtcpip.dll
0x000007fefb6e0000 - 0x000007fefb73b000 	C:\Windows\system32\DNSAPI.dll
0x000007fef6ad0000 - 0x000007fef6ad8000 	C:\Windows\system32\rasadhlp.dll
0x000007fef9630000 - 0x000007fef9683000 	C:\Windows\System32\fwpuclnt.dll
0x000007fef9cc0000 - 0x000007fef9cd5000 	C:\Windows\system32\NLAapi.dll
0x000007fef0f90000 - 0x000007fef0f9b000 	C:\Windows\System32\winrnr.dll
0x000007fef0f70000 - 0x000007fef0f85000 	C:\Windows\system32\napinsp.dll
0x000007fef0f50000 - 0x000007fef0f69000 	C:\Windows\system32\pnrpnsp.dll
0x000007feee8e0000 - 0x000007feeea05000 	C:\Windows\system32\dbghelp.dll

VM Arguments:
jvm_args: -Dfile.encoding=UTF-8 -Xmx768M -Xms64M -Dgrails.fork.parent.process.port=49195 -Dgrails.fork.active=true -Dgrails.build.execution.context=C:\Users\Alfa\AppData\Local\Temp\estate_management1183617766349871116grails-execution-context -Dgrails.home=D:\grails-2.4.4 -javaagent:D:\grails-2.4.4\lib\org.springframework\springloaded\jars\springloaded-1.2.1.RELEASE.jar -Xverify:none -Dspringloaded.synchronize=true -Djdk.reflect.allowGetCallerClass=true -Dspringloaded=profile=grails;cacheDir=C:\Users\Alfa\.grails\2.4.4 
java_command: org.grails.plugins.tomcat.fork.ForkedTomcatServer
java_class_path (initial): C:\Program Files\Java\jdk1.8.0_25\lib\tools.jar;D:\grails-2.4.4\lib\org.codehaus.groovy\groovy-all\jars\groovy-all-2.3.7.jar;D:\grails-2.4.4\lib\org.slf4j\jcl-over-slf4j\jars\jcl-over-slf4j-1.7.5.jar;D:\grails-2.4.4\lib\org.codehaus.gant\gant_groovy1.8\jars\gant_groovy1.8-1.9.6.jar;D:\grails-2.4.4\lib\org.apache.tomcat.embed\tomcat-embed-logging-log4j\jars\tomcat-embed-logging-log4j-7.0.50.jar;D:\grails-2.4.4\dist\grails-plugin-log4j-2.4.4.jar;D:\grails-2.4.4\lib\log4j\log4j\jars\log4j-1.2.17.jar;D:\grails-2.4.4\dist\grails-bootstrap-2.4.4.jar;D:\grails-2.4.4\lib\org.slf4j\slf4j-api\jars\slf4j-api-1.7.5.jar;D:\grails-2.4.4\lib\jline\jline\jars\jline-2.12.jar;D:\grails-2.4.4\lib\org.apache.ant\ant\jars\ant-1.8.4.jar;D:\grails-2.4.4\lib\org.apache.ant\ant-launcher\jars\ant-launcher-1.8.4.jar;D:\grails-2.4.4\lib\org.apache.ant\ant-trax\jars\ant-trax-1.7.1.jar;D:\grails-2.4.4\lib\org.apache.ant\ant-junit\jars\ant-junit-1.8.4.jar;D:\grails-2.4.4\lib\org.apache.ivy\ivy\jars\ivy-2.3.0.jar;D:\grails-2.4.4\lib\org.fusesource.jansi\jansi\jars\jansi-1.11.jar;C:\Users\Alfa\.m2\repository\org\apache\tomcat\tomcat-catalina-ant\7.0.55\tomcat-catalina-ant-7.0.55.jar;C:\Users\Alfa\.m2\repository\org\apache\tomcat\embed\tomcat-embed-jasper\7.0.55\tomcat-embed-jasper-7.0.55.jar;C:\Users\Alfa\.m2\repository\org\apache\tomcat\embed\tomcat-embed-el\7.0.55\tomcat-embed-el-7.0.55.jar;C:\Users\Alfa\.m2\repository\org\apache\tomcat\embed\tomcat-embed-logging-log4j\7.0.55\tomcat-embed-logging-log4j-7.0.55.jar;C:\Users\Alfa\.m2\repository\org\apache\tomcat\embed\tomcat-embed-websocket\7.0.55\tomcat-embed-websocket-7.0.55.jar;C:\Users\Alfa\.m2\repository\org\apache\tomcat\embed\tomcat-embed-core\7.0.55\tomcat-embed-core-7.0.55.jar;C:\Users\Alfa\.m2\repository\org\eclipse\jdt\core\compiler\ecj\3.7.2\ecj-3.7.2.jar;C:\Users\Alfa\Documents\workspace\estate_management\target\work\plugins\tomcat-7.0.55\grails-plugin-tomcat-7.0.55.jar;;D:\grails-2.4.4\lib\org.springframewo
Launcher Type: SUN_STANDARD

Environment Variables:
JAVA_HOME=C:\Program Files\Java\jdk1.8.0_25
PATH=C:/Program Files/Java/jre1.8.0_25/bin/server;C:/Program Files/Java/jre1.8.0_25/bin;C:/Program Files/Java/jre1.8.0_25/lib/amd64;C:\ProgramData\Oracle\Java\javapath;C:\Inprise\vbroker\bin;C:\Program Files (x86)\Borland\Delphi7\Bin;C:\Program Files (x86)\Borland\Delphi7\Projects\Bpl\;C:\Windows\system32;C:\Windows;C:\Windows\System32\Wbem;C:\Windows\System32\WindowsPowerShell\v1.0\;C:\Program Files (x86)\Toshiba\Bluetooth Toshiba Stack\sys\;C:\Program Files (x86)\Toshiba\Bluetooth Toshiba Stack\sys\x64\;C:\Users\Alfa\Desktop\eclipse\eclipse;
USERNAME=Alfa
OS=Windows_NT
PROCESSOR_IDENTIFIER=Intel64 Family 6 Model 42 Stepping 7, GenuineIntel



---------------  S Y S T E M  ---------------

OS: Windows 7 , 64 bit Build 7600 

CPU:total 3 (2 cores per cpu, 2 threads per core) family 6 model 42 stepping 7, cmov, cx8, fxsr, mmx, sse, sse2, sse3, ssse3, sse4.1, sse4.2, popcnt, clmul, ht, tsc, tscinvbit

Memory: 4k page, physical 4140912k(1193232k free), swap 8279928k(4695048k free)

vm_info: Java HotSpot(TM) 64-Bit Server VM (25.25-b02) for windows-amd64 JRE (1.8.0_25-b18), built on Oct  7 2014 14:25:37 by "java_re" with MS VC++ 10.0 (VS2010)

time: Fri Apr 10 08:57:39 2015
elapsed time: 329 seconds (0d 0h 5m 29s)

