#
# A fatal error has been detected by the Java Runtime Environment:
#
#  EXCEPTION_ACCESS_VIOLATION (0xc0000005) at pc=0x00000000041a833d, pid=3292, tid=1528
#
# JRE version: Java(TM) SE Runtime Environment (8.0_25-b18) (build 1.8.0_25-b18)
# Java VM: Java HotSpot(TM) 64-Bit Server VM (25.25-b02 mixed mode windows-amd64 compressed oops)
# Problematic frame:
# J 12803 C1 java.io.ObjectStreamClass$FieldReflector.getObjFieldValues(Ljava/lang/Object;[Ljava/lang/Object;)V (99 bytes) @ 0x00000000041a833d [0x00000000041a8200+0x13d]
#
# Failed to write core dump. Minidumps are not enabled by default on client versions of Windows
#
# If you would like to submit a bug report, please visit:
#   http://bugreport.sun.com/bugreport/crash.jsp
#

---------------  T H R E A D  ---------------

Current thread (0x000000005ebb2800):  JavaThread "localhost-startStop-2" daemon [_thread_in_Java, id=1528, stack(0x000000006d550000,0x000000006d650000)]

siginfo: ExceptionCode=0xc0000005, reading address 0x0000000000000060

Registers:
RAX=0x0000000014771928, RBX=0x0000000000000038, RCX=0x00000000f8ba5b48, RDX=0x00000000f863aae0
RSP=0x000000006d647770, RBP=0x000000006d647f78, RSI=0x0000000000000000, RDI=0x0000000013e20f28
R8 =0x00000000fe1dcc80, R9 =0x00000000f8ba5b38, R10=0x0000000013f3a218, R11=0x0000000000000028
R12=0x0000000000000000, R13=0x00000000f792d368, R14=0x000000006d647890, R15=0x000000005ebb2800
RIP=0x00000000041a833d, EFLAGS=0x0000000000010283

Top of Stack: (sp=0x000000006d647770)
0x000000006d647770:   000000006d05eeb0 00000000f8628ee8
0x000000006d647780:   00000000fe1dcc80 00000000f8743720
0x000000006d647790:   00000000f792f1e0 00000000f8743720
0x000000006d6477a0:   00000000f792f208 0000000000000000
0x000000006d6477b0:   00000000f8628ee8 0000000065ef3be6
0x000000006d6477c0:   000000006d647f78 0000000002e4e4fc
0x000000006d6477d0:   000000006d1a2820 00000000033a9d7c
0x000000006d6477e0:   000000006d158e08 000000006d647850
0x000000006d6477f0:   000000006d158e08 000000006d647860
0x000000006d647800:   0000000000000000 0000000065e3bf63
0x000000006d647810:   000000006d6478a0 0000000000000000
0x000000006d647820:   000000005ebb2800 0000000002b670cc
0x000000006d647830:   0000000000004508 00000000fe1dcc80
0x000000006d647840:   00000000f8628ee8 00000000f792d368
0x000000006d647850:   0000000100000000 00000000f8ba5b38
0x000000006d647860:   0000000000000000 00000000f862ce68 

Instructions: (pc=0x00000000041a833d)
0x00000000041a831d:   e9 db 00 00 00 41 8b 79 08 8b 58 08 48 8b bf f0
0x00000000041a832d:   00 00 00 48 3b df 0f 84 2a 00 00 00 44 8b 5f 0c
0x00000000041a833d:   4a 3b 3c 1b 0f 84 1c 00 00 00 41 83 fb 18 0f 85
0x00000000041a834d:   95 00 00 00 53 57 e8 88 68 8f fe 5b 5f 83 ff 00 


Register to memory mapping:

RAX=0x0000000014771928 is pointing into metadata
RBX=0x0000000000000038 is an unknown value
RCX=0x00000000f8ba5b48 is an oop

[error occurred during error reporting (printing register info), id 0xc0000005]

Stack: [0x000000006d550000,0x000000006d650000],  sp=0x000000006d647770,  free space=989k
Native frames: (J=compiled Java code, j=interpreted, Vv=VM code, C=native code)
C  0x00000000041a833d


---------------  P R O C E S S  ---------------

Java Threads: ( => current thread )
=>0x000000005ebb2800 JavaThread "localhost-startStop-2" daemon [_thread_in_Java, id=1528, stack(0x000000006d550000,0x000000006d650000)]
  0x000000005a6cf000 JavaThread "Tomcat-startStop-2" daemon [_thread_blocked, id=6684, stack(0x0000000065300000,0x0000000065400000)]
  0x000000005ebb2000 JavaThread "Java2D Disposer" daemon [_thread_blocked, id=3600, stack(0x000000006cf30000,0x000000006d030000)]
  0x000000005ebad800 JavaThread "http-bio-8080-exec-10" daemon [_thread_blocked, id=5248, stack(0x000000006bfa0000,0x000000006c0a0000)]
  0x000000005ebac800 JavaThread "http-bio-8080-exec-9" daemon [_thread_blocked, id=1432, stack(0x000000006b780000,0x000000006b880000)]
  0x000000005e1a7000 JavaThread "http-bio-8080-exec-8" daemon [_thread_blocked, id=3412, stack(0x000000006bd70000,0x000000006be70000)]
  0x000000005e1a6800 JavaThread "http-bio-8080-exec-7" daemon [_thread_in_native, id=6876, stack(0x000000005dd70000,0x000000005de70000)]
  0x000000005e1a5800 JavaThread "http-bio-8080-exec-6" daemon [_thread_blocked, id=3260, stack(0x000000005a0b0000,0x000000005a1b0000)]
  0x000000005e1a5000 JavaThread "http-bio-8080-exec-5" daemon [_thread_in_native, id=6240, stack(0x000000006bba0000,0x000000006bca0000)]
  0x000000005a6cc800 JavaThread "http-bio-8080-exec-4" daemon [_thread_blocked, id=3636, stack(0x0000000065b90000,0x0000000065c90000)]
  0x000000005e1a2800 JavaThread "Thread-10" daemon [_thread_in_native, id=6428, stack(0x000000006b8a0000,0x000000006b9a0000)]
  0x000000005e1a2000 JavaThread "http-bio-8080-exec-3" daemon [_thread_blocked, id=6100, stack(0x000000006b480000,0x000000006b580000)]
  0x000000005e1a1000 JavaThread "DestroyJavaVM" [_thread_blocked, id=6120, stack(0x00000000024d0000,0x00000000025d0000)]
  0x000000005e1a0800 JavaThread "Thread-8" [_thread_blocked, id=3992, stack(0x0000000065a60000,0x0000000065b60000)]
  0x000000005a6d2000 JavaThread "http-bio-8080-exec-2" daemon [_thread_blocked, id=6320, stack(0x00000000658f0000,0x00000000659f0000)]
  0x000000005a6d1000 JavaThread "http-bio-8080-exec-1" daemon [_thread_blocked, id=6288, stack(0x0000000065720000,0x0000000065820000)]
  0x000000005a6d0800 JavaThread "http-bio-8080-AsyncTimeout" daemon [_thread_blocked, id=7040, stack(0x00000000655e0000,0x00000000656e0000)]
  0x000000005a6cf800 JavaThread "http-bio-8080-Acceptor-0" daemon [_thread_blocked, id=3568, stack(0x0000000065440000,0x0000000065540000)]
  0x0000000059149000 JavaThread "FileSystemWatcher: files=#317 cl=groovy.lang.GroovyClassLoader@4f1bfe23" daemon [_thread_blocked, id=2480, stack(0x0000000059f40000,0x000000005a040000)]
  0x000000005982b800 JavaThread "Thread-3" [_thread_blocked, id=5780, stack(0x000000005a1b0000,0x000000005a2b0000)]
  0x0000000057868800 JavaThread "Thread-2" [_thread_blocked, id=6716, stack(0x0000000058c50000,0x0000000058d50000)]
  0x0000000056af5000 JavaThread "NonBlockingInputStreamThread" daemon [_thread_blocked, id=5408, stack(0x0000000056eb0000,0x0000000056fb0000)]
  0x0000000056048000 JavaThread "Service Thread" daemon [_thread_blocked, id=1292, stack(0x0000000055530000,0x0000000055630000)]
  0x0000000055f1e000 JavaThread "C1 CompilerThread1" daemon [_thread_blocked, id=6296, stack(0x0000000056470000,0x0000000056570000)]
  0x0000000055f27800 JavaThread "C2 CompilerThread0" daemon [_thread_blocked, id=6128, stack(0x0000000056300000,0x0000000056400000)]
  0x00000000547e7800 JavaThread "Attach Listener" daemon [_thread_blocked, id=5688, stack(0x0000000055cd0000,0x0000000055dd0000)]
  0x00000000547e6000 JavaThread "Signal Dispatcher" daemon [_thread_blocked, id=696, stack(0x0000000055a90000,0x0000000055b90000)]
  0x0000000054789000 JavaThread "Finalizer" daemon [_thread_blocked, id=7132, stack(0x0000000055930000,0x0000000055a30000)]
  0x0000000054780000 JavaThread "Reference Handler" daemon [_thread_blocked, id=5344, stack(0x0000000055790000,0x0000000055890000)]

Other Threads:
  0x0000000054778000 VMThread [stack: 0x0000000055630000,0x0000000055730000] [id=4980]
  0x000000005604a800 WatcherThread [stack: 0x0000000056580000,0x0000000056680000] [id=5852]

VM state:synchronizing (normal execution)

VM Mutex/Monitor currently owned by a thread:  ([mutex/lock_event])
[0x00000000000fe510] Safepoint_lock - owner thread: 0x0000000054778000
[0x00000000000fe590] Threads_lock - owner thread: 0x0000000054778000

Heap:
 PSYoungGen      total 220672K, used 162405K [0x00000000f0000000, 0x00000000ffd00000, 0x0000000100000000)
  eden space 184320K, 77% used [0x00000000f0000000,0x00000000f8bf9558,0x00000000fb400000)
  from space 36352K, 52% used [0x00000000fd980000,0x00000000fec20278,0x00000000ffd00000)
  to   space 37376K, 0% used [0x00000000fb400000,0x00000000fb400000,0x00000000fd880000)
 ParOldGen       total 199680K, used 181902K [0x00000000d0000000, 0x00000000dc300000, 0x00000000f0000000)
  object space 199680K, 91% used [0x00000000d0000000,0x00000000db1a38a8,0x00000000dc300000)
 Metaspace       used 102214K, capacity 106220K, committed 106484K, reserved 1144832K
  class space    used 10865K, capacity 12002K, committed 12076K, reserved 1048576K

Card table byte_map: [0x0000000011d60000,0x0000000011ef0000] byte_map_base: 0x00000000116e0000

Marking Bits: (ParMarkBitMap*) 0x00000000664ad490
 Begin Bits: [0x0000000012620000, 0x0000000013220000)
 End Bits:   [0x0000000013220000, 0x0000000013e20000)

Polling page: 0x0000000000140000

CodeCache: size=245760Kb used=36126Kb max_used=36428Kb free=209633Kb
 bounds [0x00000000029a0000, 0x0000000004d90000, 0x00000000119a0000]
 total_blobs=10709 nmethods=9878 adapters=744
 compilation: enabled

Compilation events (10 events):
Event: 424.888 Thread 0x0000000055f1e000 nmethod 12824 0x0000000003159350 code [0x00000000031594c0, 0x00000000031598c8]
Event: 424.888 Thread 0x0000000055f1e000 12825   !   3       java.security.Provider$Service::getImplClass (186 bytes)
Event: 424.892 Thread 0x0000000055f1e000 nmethod 12825 0x00000000043ee750 code [0x00000000043eeba0, 0x00000000043f1558]
Event: 424.906 Thread 0x0000000055f1e000 12826   !   3       sun.reflect.GeneratedMethodAccessor352::invoke (57 bytes)
Event: 424.907 Thread 0x0000000055f1e000 nmethod 12826 0x00000000043edc90 code [0x00000000043ede60, 0x00000000043ee448]
Event: 424.908 Thread 0x0000000055f1e000 12827       3       org.springsource.loaded.ri.ReflectiveInterceptor::toParamString (93 bytes)
Event: 424.909 Thread 0x0000000055f27800 12828  s    4       java.io.ByteArrayOutputStream::write (66 bytes)
Event: 424.910 Thread 0x0000000055f1e000 nmethod 12827 0x00000000036957d0 code [0x0000000003695a40, 0x0000000003696b68]
Event: 424.918 Thread 0x0000000055f27800 nmethod 12828 0x0000000003217cd0 code [0x0000000003217e20, 0x0000000003218498]
Event: 424.918 Thread 0x0000000055f27800 12829       4       java.io.ObjectStreamClass::getClassSignature (242 bytes)

GC Heap History (10 events):
Event: 354.533 GC heap before
{Heap before GC invocations=88 (full 4):
 PSYoungGen      total 211968K, used 190563K [0x00000000f0000000, 0x00000000fff00000, 0x0000000100000000)
  eden space 167424K, 100% used [0x00000000f0000000,0x00000000fa380000,0x00000000fa380000)
  from space 44544K, 51% used [0x00000000fa380000,0x00000000fba18e78,0x00000000fcf00000)
  to   space 43008K, 0% used [0x00000000fd500000,0x00000000fd500000,0x00000000fff00000)
 ParOldGen       total 199680K, used 171499K [0x00000000d0000000, 0x00000000dc300000, 0x00000000f0000000)
  object space 199680K, 85% used [0x00000000d0000000,0x00000000da77aed8,0x00000000dc300000)
 Metaspace       used 95545K, capacity 98720K, committed 98932K, reserved 1136640K
  class space    used 10110K, capacity 11090K, committed 11180K, reserved 1048576K
Event: 354.585 GC heap after
Heap after GC invocations=88 (full 4):
 PSYoungGen      total 215040K, used 28401K [0x00000000f0000000, 0x00000000ffd80000, 0x0000000100000000)
  eden space 173568K, 0% used [0x00000000f0000000,0x00000000f0000000,0x00000000fa980000)
  from space 41472K, 68% used [0x00000000fd500000,0x00000000ff0bc760,0x00000000ffd80000)
  to   space 43008K, 0% used [0x00000000fa980000,0x00000000fa980000,0x00000000fd380000)
 ParOldGen       total 199680K, used 171676K [0x00000000d0000000, 0x00000000dc300000, 0x00000000f0000000)
  object space 199680K, 85% used [0x00000000d0000000,0x00000000da7a7250,0x00000000dc300000)
 Metaspace       used 95545K, capacity 98720K, committed 98932K, reserved 1136640K
  class space    used 10110K, capacity 11090K, committed 11180K, reserved 1048576K
}
Event: 356.769 GC heap before
{Heap before GC invocations=89 (full 4):
 PSYoungGen      total 215040K, used 201969K [0x00000000f0000000, 0x00000000ffd80000, 0x0000000100000000)
  eden space 173568K, 100% used [0x00000000f0000000,0x00000000fa980000,0x00000000fa980000)
  from space 41472K, 68% used [0x00000000fd500000,0x00000000ff0bc760,0x00000000ffd80000)
  to   space 43008K, 0% used [0x00000000fa980000,0x00000000fa980000,0x00000000fd380000)
 ParOldGen       total 199680K, used 171676K [0x00000000d0000000, 0x00000000dc300000, 0x00000000f0000000)
  object space 199680K, 85% used [0x00000000d0000000,0x00000000da7a7250,0x00000000dc300000)
 Metaspace       used 95568K, capacity 98784K, committed 98932K, reserved 1136640K
  class space    used 10110K, capacity 11090K, committed 11180K, reserved 1048576K
Event: 356.810 GC heap after
Heap after GC invocations=89 (full 4):
 PSYoungGen      total 216576K, used 22389K [0x00000000f0000000, 0x00000000ffd80000, 0x0000000100000000)
  eden space 173568K, 0% used [0x00000000f0000000,0x00000000f0000000,0x00000000fa980000)
  from space 43008K, 52% used [0x00000000fa980000,0x00000000fbf5d548,0x00000000fd380000)
  to   space 40960K, 0% used [0x00000000fd580000,0x00000000fd580000,0x00000000ffd80000)
 ParOldGen       total 199680K, used 174680K [0x00000000d0000000, 0x00000000dc300000, 0x00000000f0000000)
  object space 199680K, 87% used [0x00000000d0000000,0x00000000daa96060,0x00000000dc300000)
 Metaspace       used 95568K, capacity 98784K, committed 98932K, reserved 1136640K
  class space    used 10110K, capacity 11090K, committed 11180K, reserved 1048576K
}
Event: 411.324 GC heap before
{Heap before GC invocations=90 (full 4):
 PSYoungGen      total 216576K, used 195957K [0x00000000f0000000, 0x00000000ffd80000, 0x0000000100000000)
  eden space 173568K, 100% used [0x00000000f0000000,0x00000000fa980000,0x00000000fa980000)
  from space 43008K, 52% used [0x00000000fa980000,0x00000000fbf5d548,0x00000000fd380000)
  to   space 40960K, 0% used [0x00000000fd580000,0x00000000fd580000,0x00000000ffd80000)
 ParOldGen       total 199680K, used 174680K [0x00000000d0000000, 0x00000000dc300000, 0x00000000f0000000)
  object space 199680K, 87% used [0x00000000d0000000,0x00000000daa96060,0x00000000dc300000)
 Metaspace       used 96841K, capacity 100240K, committed 100596K, reserved 1138688K
  class space    used 10192K, capacity 11195K, committed 11308K, reserved 1048576K
Event: 411.367 GC heap after
Heap after GC invocations=90 (full 4):
 PSYoungGen      total 216576K, used 21994K [0x00000000f0000000, 0x00000000ffb00000, 0x0000000100000000)
  eden space 178176K, 0% used [0x00000000f0000000,0x00000000f0000000,0x00000000fae00000)
  from space 38400K, 57% used [0x00000000fd580000,0x00000000feafab18,0x00000000ffb00000)
  to   space 39424K, 0% used [0x00000000fae00000,0x00000000fae00000,0x00000000fd480000)
 ParOldGen       total 199680K, used 177142K [0x00000000d0000000, 0x00000000dc300000, 0x00000000f0000000)
  object space 199680K, 88% used [0x00000000d0000000,0x00000000dacfd898,0x00000000dc300000)
 Metaspace       used 96841K, capacity 100240K, committed 100596K, reserved 1138688K
  class space    used 10192K, capacity 11195K, committed 11308K, reserved 1048576K
}
Event: 413.772 GC heap before
{Heap before GC invocations=91 (full 4):
 PSYoungGen      total 216576K, used 200170K [0x00000000f0000000, 0x00000000ffb00000, 0x0000000100000000)
  eden space 178176K, 100% used [0x00000000f0000000,0x00000000fae00000,0x00000000fae00000)
  from space 38400K, 57% used [0x00000000fd580000,0x00000000feafab18,0x00000000ffb00000)
  to   space 39424K, 0% used [0x00000000fae00000,0x00000000fae00000,0x00000000fd480000)
 ParOldGen       total 199680K, used 177142K [0x00000000d0000000, 0x00000000dc300000, 0x00000000f0000000)
  object space 199680K, 88% used [0x00000000d0000000,0x00000000dacfd898,0x00000000dc300000)
 Metaspace       used 96896K, capacity 100316K, committed 100596K, reserved 1138688K
  class space    used 10194K, capacity 11197K, committed 11308K, reserved 1048576K
Event: 413.940 GC heap after
Heap after GC invocations=91 (full 4):
 PSYoungGen      total 217600K, used 19927K [0x00000000f0000000, 0x00000000fff00000, 0x0000000100000000)
  eden space 178176K, 0% used [0x00000000f0000000,0x00000000f0000000,0x00000000fae00000)
  from space 39424K, 50% used [0x00000000fae00000,0x00000000fc175e60,0x00000000fd480000)
  to   space 38400K, 0% used [0x00000000fd980000,0x00000000fd980000,0x00000000fff00000)
 ParOldGen       total 199680K, used 179502K [0x00000000d0000000, 0x00000000dc300000, 0x00000000f0000000)
  object space 199680K, 89% used [0x00000000d0000000,0x00000000daf4bbf8,0x00000000dc300000)
 Metaspace       used 96896K, capacity 100316K, committed 100596K, reserved 1138688K
  class space    used 10194K, capacity 11197K, committed 11308K, reserved 1048576K
}
Event: 419.133 GC heap before
{Heap before GC invocations=92 (full 4):
 PSYoungGen      total 217600K, used 188756K [0x00000000f0000000, 0x00000000fff00000, 0x0000000100000000)
  eden space 178176K, 94% used [0x00000000f0000000,0x00000000fa4df508,0x00000000fae00000)
  from space 39424K, 50% used [0x00000000fae00000,0x00000000fc175e60,0x00000000fd480000)
  to   space 38400K, 0% used [0x00000000fd980000,0x00000000fd980000,0x00000000fff00000)
 ParOldGen       total 199680K, used 179502K [0x00000000d0000000, 0x00000000dc300000, 0x00000000f0000000)
  object space 199680K, 89% used [0x00000000d0000000,0x00000000daf4bbf8,0x00000000dc300000)
 Metaspace       used 100403K, capacity 104020K, committed 104180K, reserved 1142784K
  class space    used 10627K, capacity 11709K, committed 11820K, reserved 1048576K
Event: 419.159 GC heap after
Heap after GC invocations=92 (full 4):
 PSYoungGen      total 220672K, used 19072K [0x00000000f0000000, 0x00000000ffd00000, 0x0000000100000000)
  eden space 184320K, 0% used [0x00000000f0000000,0x00000000f0000000,0x00000000fb400000)
  from space 36352K, 52% used [0x00000000fd980000,0x00000000fec20278,0x00000000ffd00000)
  to   space 37376K, 0% used [0x00000000fb400000,0x00000000fb400000,0x00000000fd880000)
 ParOldGen       total 199680K, used 181902K [0x00000000d0000000, 0x00000000dc300000, 0x00000000f0000000)
  object space 199680K, 91% used [0x00000000d0000000,0x00000000db1a38a8,0x00000000dc300000)
 Metaspace       used 100403K, capacity 104020K, committed 104180K, reserved 1142784K
  class space    used 10627K, capacity 11709K, committed 11820K, reserved 1048576K
}

Deoptimization events (10 events):
Event: 413.138 Thread 0x000000005ebad800 Uncommon trap: reason=null_check action=make_not_entrant pc=0x0000000004c25bd8 method=groovy.lang.ExpandoMetaClass.getMetaProperty(Ljava/lang/String;)Lgroovy/lang/MetaProperty; @ 10
Event: 418.381 Thread 0x000000005a6cc800 Uncommon trap: reason=class_check action=maybe_recompile pc=0x0000000004baa5f4 method=java.util.AbstractList$Itr.next()Ljava/lang/Object; @ 14
Event: 418.514 Thread 0x000000005a6cc800 Uncommon trap: reason=unreached action=reinterpret pc=0x0000000003852078 method=sun.instrument.TransformerManager.transform(Ljava/lang/ClassLoader;Ljava/lang/String;Ljava/lang/Class;Ljava/security/ProtectionDomain;[B)[B @ 64
Event: 419.288 Thread 0x000000005a6cc800 Uncommon trap: reason=bimorphic action=maybe_recompile pc=0x0000000002bebdd0 method=java.lang.StringCoding$StringDecoder.charsetName()Ljava/lang/String; @ 17
Event: 424.247 Thread 0x000000005ebb2800 Uncommon trap: reason=bimorphic action=maybe_recompile pc=0x0000000003c02ac8 method=java.util.Hashtable.put(Ljava/lang/Object;Ljava/lang/Object;)Ljava/lang/Object; @ 60
Event: 424.247 Thread 0x000000005ebb2800 Uncommon trap: reason=bimorphic action=maybe_recompile pc=0x0000000003c02ac8 method=java.util.Hashtable.put(Ljava/lang/Object;Ljava/lang/Object;)Ljava/lang/Object; @ 60
Event: 424.253 Thread 0x000000005ebb2800 Uncommon trap: reason=speculate_class_check action=maybe_recompile pc=0x00000000035cda58 method=java.util.concurrent.locks.ReentrantReadWriteLock$Sync.tryAcquireShared(I)I @ 33
Event: 424.253 Thread 0x000000005ebb2800 Uncommon trap: reason=speculate_class_check action=maybe_recompile pc=0x00000000035cda58 method=java.util.concurrent.locks.ReentrantReadWriteLock$Sync.tryAcquireShared(I)I @ 33
Event: 424.336 Thread 0x000000005ebb2800 Uncommon trap: reason=speculate_class_check action=maybe_recompile pc=0x00000000035cda58 method=java.util.concurrent.locks.ReentrantReadWriteLock$Sync.tryAcquireShared(I)I @ 33
Event: 424.336 Thread 0x000000005ebb2800 Uncommon trap: reason=speculate_class_check action=maybe_recompile pc=0x00000000035cda58 method=java.util.concurrent.locks.ReentrantReadWriteLock$Sync.tryAcquireShared(I)I @ 33

Internal exceptions (10 events):
Event: 424.903 Thread 0x000000005ebb2800 Exception <a 'java/lang/NoSuchMethodError': <clinit>> (0x00000000f8aea398) thrown at [D:\re\workspace\8-2-build-windows-amd64-cygwin\jdk8u25\1677\hotspot\src\share\vm\prims\jni.cpp, line 1603]
Event: 424.904 Thread 0x000000005ebb2800 Exception <a 'java/lang/NoSuchMethodError': <clinit>> (0x00000000f8af0398) thrown at [D:\re\workspace\8-2-build-windows-amd64-cygwin\jdk8u25\1677\hotspot\src\share\vm\prims\jni.cpp, line 1603]
Event: 424.904 Thread 0x000000005ebb2800 Exception <a 'java/lang/NoSuchMethodError': <clinit>> (0x00000000f8af5478) thrown at [D:\re\workspace\8-2-build-windows-amd64-cygwin\jdk8u25\1677\hotspot\src\share\vm\prims\jni.cpp, line 1603]
Event: 424.904 Thread 0x000000005ebb2800 Exception <a 'java/lang/NoSuchMethodError': <clinit>> (0x00000000f8afa540) thrown at [D:\re\workspace\8-2-build-windows-amd64-cygwin\jdk8u25\1677\hotspot\src\share\vm\prims\jni.cpp, line 1603]
Event: 424.906 Thread 0x000000005ebb2800 Exception <a 'java/lang/NoSuchMethodError': <clinit>> (0x00000000f8b1bc18) thrown at [D:\re\workspace\8-2-build-windows-amd64-cygwin\jdk8u25\1677\hotspot\src\share\vm\prims\jni.cpp, line 1603]
Event: 424.909 Thread 0x000000005ebb2800 Exception <a 'java/lang/NoSuchMethodError': <clinit>> (0x00000000f8b51a48) thrown at [D:\re\workspace\8-2-build-windows-amd64-cygwin\jdk8u25\1677\hotspot\src\share\vm\prims\jni.cpp, line 1603]
Event: 424.914 Thread 0x000000005ebb2800 Exception <a 'java/lang/NoSuchMethodError': <clinit>> (0x00000000f8b9dd80) thrown at [D:\re\workspace\8-2-build-windows-amd64-cygwin\jdk8u25\1677\hotspot\src\share\vm\prims\jni.cpp, line 1603]
Event: 424.914 Thread 0x000000005ebb2800 Exception <a 'java/lang/reflect/InvocationTargetException'> (0x00000000f8ba1290) thrown at [D:\re\workspace\8-2-build-windows-amd64-cygwin\jdk8u25\1677\hotspot\src\share\vm\runtime\reflection.cpp, line 1080]
Event: 424.914 Thread 0x000000005ebb2800 Exception <a 'java/lang/reflect/InvocationTargetException'> (0x00000000f8ba1d00) thrown at [D:\re\workspace\8-2-build-windows-amd64-cygwin\jdk8u25\1677\hotspot\src\share\vm\runtime\reflection.cpp, line 1080]
Event: 424.915 Thread 0x000000005ebb2800 Implicit null exception at 0x00000000041a833d to 0x0000000000000000

Events (10 events):
Event: 424.735 loading class com/vaadin/shared/ui/dd/DragEventType
Event: 424.735 loading class com/vaadin/shared/ui/dd/DragEventType done
Event: 424.745 loading class java/io/NotSerializableException
Event: 424.745 loading class java/io/NotSerializableException done
Event: 424.802 loading class com/vaadin/data/util/IndexedContainer$IndexedContainerProperty
Event: 424.802 loading class com/vaadin/data/util/IndexedContainer$IndexedContainerProperty done
Event: 424.822 loading class com/vaadin/data/util/BeanItemContainer$1
Event: 424.822 loading class com/vaadin/data/util/BeanItemContainer$1 done
Event: 424.830 loading class com/vaadin/util/SerializerHelper
Event: 424.830 loading class com/vaadin/util/SerializerHelper done


Dynamic libraries:
0x000000013fdf0000 - 0x000000013fe24000 	C:\Program Files\Java\jdk1.8.0_25\bin\java.exe
0x0000000077b30000 - 0x0000000077cdb000 	C:\Windows\SYSTEM32\ntdll.dll
0x0000000077910000 - 0x0000000077a2f000 	C:\Windows\system32\kernel32.dll
0x000007fefcb70000 - 0x000007fefcbdb000 	C:\Windows\system32\KERNELBASE.dll
0x000007fefec50000 - 0x000007fefed2b000 	C:\Windows\system32\ADVAPI32.dll
0x000007fefd7f0000 - 0x000007fefd88f000 	C:\Windows\system32\msvcrt.dll
0x000007fefeff0000 - 0x000007feff00f000 	C:\Windows\SYSTEM32\sechost.dll
0x000007fefeb20000 - 0x000007fefec4e000 	C:\Windows\system32\RPCRT4.dll
0x0000000077a30000 - 0x0000000077b2a000 	C:\Windows\system32\USER32.dll
0x000007fefd380000 - 0x000007fefd3e7000 	C:\Windows\system32\GDI32.dll
0x000007fefd0b0000 - 0x000007fefd0be000 	C:\Windows\system32\LPK.dll
0x000007fefd720000 - 0x000007fefd7ea000 	C:\Windows\system32\USP10.dll
0x000007fefb700000 - 0x000007fefb8f4000 	C:\Windows\WinSxS\amd64_microsoft.windows.common-controls_6595b64144ccf1df_6.0.7600.16385_none_fa645303170382f6\COMCTL32.dll
0x000007fefd6a0000 - 0x000007fefd711000 	C:\Windows\system32\SHLWAPI.dll
0x000007fefed30000 - 0x000007fefed5e000 	C:\Windows\system32\IMM32.DLL
0x000007fefd890000 - 0x000007fefd999000 	C:\Windows\system32\MSCTF.dll
0x0000000073dc0000 - 0x0000000073e92000 	C:\Program Files\Java\jdk1.8.0_25\jre\bin\msvcr100.dll
0x0000000065cd0000 - 0x000000006652a000 	C:\Program Files\Java\jdk1.8.0_25\jre\bin\server\jvm.dll
0x000007fef7030000 - 0x000007fef7039000 	C:\Windows\system32\WSOCK32.dll
0x000007fefdcc0000 - 0x000007fefdd0d000 	C:\Windows\system32\WS2_32.dll
0x000007fefef80000 - 0x000007fefef88000 	C:\Windows\system32\NSI.dll
0x000007fef9570000 - 0x000007fef95ab000 	C:\Windows\system32\WINMM.dll
0x0000000077d00000 - 0x0000000077d07000 	C:\Windows\system32\PSAPI.DLL
0x0000000074ae0000 - 0x0000000074aef000 	C:\Program Files\Java\jdk1.8.0_25\jre\bin\verify.dll
0x0000000073c90000 - 0x0000000073cb8000 	C:\Program Files\Java\jdk1.8.0_25\jre\bin\java.dll
0x0000000072070000 - 0x0000000072093000 	C:\Program Files\Java\jdk1.8.0_25\jre\bin\instrument.dll
0x00000000743c0000 - 0x00000000743d6000 	C:\Program Files\Java\jdk1.8.0_25\jre\bin\zip.dll
0x000007fefdd10000 - 0x000007fefea96000 	C:\Windows\system32\SHELL32.dll
0x000007fefce50000 - 0x000007fefd051000 	C:\Windows\system32\ole32.dll
0x000007fefca80000 - 0x000007fefca8f000 	C:\Windows\system32\profapi.dll
0x000007fefc310000 - 0x000007fefc327000 	C:\Windows\system32\CRYPTSP.dll
0x000007fefc010000 - 0x000007fefc057000 	C:\Windows\system32\rsaenh.dll
0x000007fefbdd0000 - 0x000007fefbdee000 	C:\Windows\system32\USERENV.dll
0x000007fefc970000 - 0x000007fefc97f000 	C:\Windows\system32\CRYPTBASE.dll
0x0000000074380000 - 0x000000007439a000 	C:\Program Files\Java\jdk1.8.0_25\jre\bin\net.dll
0x000007fefc2b0000 - 0x000007fefc304000 	C:\Windows\system32\mswsock.dll
0x000007fefc2a0000 - 0x000007fefc2a7000 	C:\Windows\System32\wship6.dll
0x000007fefa5a0000 - 0x000007fefa5c7000 	C:\Windows\system32\IPHLPAPI.DLL
0x000007fefa700000 - 0x000007fefa70b000 	C:\Windows\system32\WINNSI.DLL
0x000007fefa170000 - 0x000007fefa188000 	C:\Windows\system32\dhcpcsvc.DLL
0x000007fef9e70000 - 0x000007fef9e81000 	C:\Windows\system32\dhcpcsvc6.DLL
0x0000000072050000 - 0x0000000072061000 	C:\Program Files\Java\jdk1.8.0_25\jre\bin\nio.dll
0x000007feface0000 - 0x000007fefacea000 	C:\Users\Alfa\AppData\Local\Temp\jansi-64-556269053543536916.dll
0x0000000074af0000 - 0x0000000074afd000 	C:\Program Files\Java\jdk1.8.0_25\jre\bin\management.dll
0x000007fefbcc0000 - 0x000007fefbcc7000 	C:\Windows\System32\wshtcpip.dll
0x000007fefc130000 - 0x000007fefc18b000 	C:\Windows\system32\DNSAPI.dll
0x000007fef7650000 - 0x000007fef7658000 	C:\Windows\system32\rasadhlp.dll
0x000007fefa300000 - 0x000007fefa353000 	C:\Windows\System32\fwpuclnt.dll
0x000007fefa830000 - 0x000007fefa845000 	C:\Windows\system32\NLAapi.dll
0x000007fef7390000 - 0x000007fef739b000 	C:\Windows\System32\winrnr.dll
0x000007fef7370000 - 0x000007fef7385000 	C:\Windows\system32\napinsp.dll
0x000007fef7350000 - 0x000007fef7369000 	C:\Windows\system32\pnrpnsp.dll
0x000000006cca0000 - 0x000000006ce38000 	C:\Program Files\Java\jdk1.8.0_25\jre\bin\awt.dll
0x000007fefd2a0000 - 0x000007fefd377000 	C:\Windows\system32\OLEAUT32.dll
0x0000000071b90000 - 0x0000000071bd7000 	C:\Program Files\Java\jdk1.8.0_25\jre\bin\fontmanager.dll
0x000007fefb0f0000 - 0x000007fefb108000 	C:\Windows\system32\DWMAPI.DLL
0x000007feef500000 - 0x000007feef625000 	C:\Windows\system32\dbghelp.dll

VM Arguments:
jvm_args: -Dfile.encoding=UTF-8 -Xmx768M -Xms64M -Dgrails.fork.parent.process.port=52247 -Dgrails.fork.active=true -Dgrails.build.execution.context=C:\Users\Alfa\AppData\Local\Temp\estate_management5506881720697239707grails-execution-context -Dgrails.home=D:\grails-2.4.4 -javaagent:D:\grails-2.4.4\lib\org.springframework\springloaded\jars\springloaded-1.2.1.RELEASE.jar -Xverify:none -Dspringloaded.synchronize=true -Djdk.reflect.allowGetCallerClass=true -Dspringloaded=profile=grails;cacheDir=C:\Users\Alfa\.grails\2.4.4 
java_command: org.grails.plugins.tomcat.fork.ForkedTomcatServer
java_class_path (initial): C:\Program Files\Java\jdk1.8.0_25\lib\tools.jar;D:\grails-2.4.4\lib\org.codehaus.groovy\groovy-all\jars\groovy-all-2.3.7.jar;D:\grails-2.4.4\lib\org.slf4j\jcl-over-slf4j\jars\jcl-over-slf4j-1.7.5.jar;D:\grails-2.4.4\lib\org.codehaus.gant\gant_groovy1.8\jars\gant_groovy1.8-1.9.6.jar;D:\grails-2.4.4\lib\org.apache.tomcat.embed\tomcat-embed-logging-log4j\jars\tomcat-embed-logging-log4j-7.0.50.jar;D:\grails-2.4.4\dist\grails-plugin-log4j-2.4.4.jar;D:\grails-2.4.4\lib\log4j\log4j\jars\log4j-1.2.17.jar;D:\grails-2.4.4\dist\grails-bootstrap-2.4.4.jar;D:\grails-2.4.4\lib\org.slf4j\slf4j-api\jars\slf4j-api-1.7.5.jar;D:\grails-2.4.4\lib\jline\jline\jars\jline-2.12.jar;D:\grails-2.4.4\lib\org.apache.ant\ant\jars\ant-1.8.4.jar;D:\grails-2.4.4\lib\org.apache.ant\ant-launcher\jars\ant-launcher-1.8.4.jar;D:\grails-2.4.4\lib\org.apache.ant\ant-trax\jars\ant-trax-1.7.1.jar;D:\grails-2.4.4\lib\org.apache.ant\ant-junit\jars\ant-junit-1.8.4.jar;D:\grails-2.4.4\lib\org.apache.ivy\ivy\jars\ivy-2.3.0.jar;D:\grails-2.4.4\lib\org.fusesource.jansi\jansi\jars\jansi-1.11.jar;C:\Users\Alfa\.m2\repository\org\apache\tomcat\tomcat-catalina-ant\7.0.55\tomcat-catalina-ant-7.0.55.jar;C:\Users\Alfa\.m2\repository\org\apache\tomcat\embed\tomcat-embed-jasper\7.0.55\tomcat-embed-jasper-7.0.55.jar;C:\Users\Alfa\.m2\repository\org\apache\tomcat\embed\tomcat-embed-el\7.0.55\tomcat-embed-el-7.0.55.jar;C:\Users\Alfa\.m2\repository\org\apache\tomcat\embed\tomcat-embed-logging-log4j\7.0.55\tomcat-embed-logging-log4j-7.0.55.jar;C:\Users\Alfa\.m2\repository\org\apache\tomcat\embed\tomcat-embed-websocket\7.0.55\tomcat-embed-websocket-7.0.55.jar;C:\Users\Alfa\.m2\repository\org\apache\tomcat\embed\tomcat-embed-core\7.0.55\tomcat-embed-core-7.0.55.jar;C:\Users\Alfa\.m2\repository\org\eclipse\jdt\core\compiler\ecj\3.7.2\ecj-3.7.2.jar;C:\Users\Alfa\Documents\workspace\estate_management\target\work\plugins\tomcat-7.0.55\grails-plugin-tomcat-7.0.55.jar;;D:\grails-2.4.4\lib\org.springframewo
Launcher Type: SUN_STANDARD

Environment Variables:
JAVA_HOME=C:\Program Files\Java\jdk1.8.0_25
PATH=C:/Program Files/Java/jre1.8.0_25/bin/server;C:/Program Files/Java/jre1.8.0_25/bin;C:/Program Files/Java/jre1.8.0_25/lib/amd64;C:\ProgramData\Oracle\Java\javapath;C:\Inprise\vbroker\bin;C:\Program Files (x86)\Borland\Delphi7\Bin;C:\Program Files (x86)\Borland\Delphi7\Projects\Bpl\;C:\Windows\system32;C:\Windows;C:\Windows\System32\Wbem;C:\Windows\System32\WindowsPowerShell\v1.0\;C:\Program Files (x86)\Toshiba\Bluetooth Toshiba Stack\sys\;C:\Program Files (x86)\Toshiba\Bluetooth Toshiba Stack\sys\x64\;C:\Users\Alfa\Desktop\eclipse\eclipse;
USERNAME=Alfa
OS=Windows_NT
PROCESSOR_IDENTIFIER=Intel64 Family 6 Model 42 Stepping 7, GenuineIntel



---------------  S Y S T E M  ---------------

OS: Windows 7 , 64 bit Build 7600 

CPU:total 3 (2 cores per cpu, 2 threads per core) family 6 model 42 stepping 7, cmov, cx8, fxsr, mmx, sse, sse2, sse3, ssse3, sse4.1, sse4.2, popcnt, clmul, ht, tsc, tscinvbit

Memory: 4k page, physical 4140912k(987264k free), swap 8279928k(3552092k free)

vm_info: Java HotSpot(TM) 64-Bit Server VM (25.25-b02) for windows-amd64 JRE (1.8.0_25-b18), built on Oct  7 2014 14:25:37 by "java_re" with MS VC++ 10.0 (VS2010)

time: Mon Apr 13 15:39:59 2015
elapsed time: 425 seconds (0d 0h 7m 5s)

